 CG ITER, OVMR, OVMRUB =           1  103744.5000000  103744.4609375
 CG ITER, OVMR, OVMRUB =           2  101328.2421875  101328.2343750
 CG ITER, OVMR, OVMRUB =           3  101328.2343750  101328.2343750
 CG ITER, OVMR, OVMRUB =           4   99112.6796875  101328.2343750
 CG ITER, OVMR, OVMRUB =           5   98735.0312500  101328.2343750
 CG ITER, OVMR, OVMRUB =           6  101090.2343750  101328.2343750
 CG ITER, OVMR, OVMRUB =           7  100358.8046875  101328.2343750
 CG ITER, OVMR, OVMRUB =           8   96989.8437500  101328.2343750
 CG ITER, OVMR, OVMRUB =           9   96833.0156250  101328.2343750
 CG ITER, OVMR, OVMRUB =          10   95157.3125000  101328.2343750
 CG ITER, OVMR, OVMRUB =          11   92832.4375000  101328.2343750
 CG ITER, OVMR, OVMRUB =          12   90129.9453125  101328.2343750
 CG ITER, OVMR, OVMRUB =          13   87644.0000000  101328.2343750
 CG ITER, OVMR, OVMRUB =          14   86703.6875000  101328.2343750
 CG ITER, OVMR, OVMRUB =          15   85476.6640625  101328.2343750
 CG ITER, OVMR, OVMRUB =          16   84216.4843750  101328.2343750
 CG ITER, OVMR, OVMRUB =          17   83458.9296875  101328.2343750
 CG ITER, OVMR, OVMRUB =          18   82844.7500000  101328.2343750
 CG ITER, OVMR, OVMRUB =          19   82097.7109375  101328.2343750
 CG ITER, OVMR, OVMRUB =          20   81679.6250000  101328.2343750
 CG ITER, OVMR, OVMRUB =          21   81854.1953125  101328.2343750
 CG ITER, OVMR, OVMRUB =          22   81084.1171875  101328.2343750
 CG ITER, OVMR, OVMRUB =          23   80391.0937500  101328.2343750
 CG ITER, OVMR, OVMRUB =          24   80565.9609375  101328.2343750
 CG ITER, OVMR, OVMRUB =          25   80524.9531250  101328.2343750
 CG ITER, OVMR, OVMRUB =          26   80780.2109375  101328.2343750
 CG ITER, OVMR, OVMRUB =          27   81219.3437500  101328.2343750
 CG ITER, OVMR, OVMRUB =          28   81997.6328125  101328.2343750
 CG ITER, OVMR, OVMRUB =          29   82584.5156250  101328.2343750
 CG ITER, OVMR, OVMRUB =          30   83146.0937500  101328.2343750
 CG ITER, OVMR, OVMRUB =          31   83761.6015625  101328.2343750
 CG ITER, OVMR, OVMRUB =          32   84000.4062500   99878.0703125
 CG ITER, OVMR, OVMRUB =          33   83973.5468750   99878.0703125
 CG ITER, OVMR, OVMRUB =          34   83914.5312500   99878.0703125
 CG ITER, OVMR, OVMRUB =          35   83857.2968750   99878.0703125
 CG ITER, OVMR, OVMRUB =          36   83807.3593750   99878.0703125
 CG ITER, OVMR, OVMRUB =          37   83692.1875000   98636.2421875
 CG ITER, OVMR, OVMRUB =          38   83677.8281250   98636.2421875
 CG ITER, OVMR, OVMRUB =          39   83635.5781250   98636.2421875
 CG ITER, OVMR, OVMRUB =          40   83641.8437500   94084.4687500
 CG ITER, OVMR, OVMRUB =          41   83655.9140625   94084.4687500
 CG ITER, OVMR, OVMRUB =          42   83689.9453125   94084.4687500
 CG ITER, OVMR, OVMRUB =          43   83712.0703125   93557.6875000
 CG ITER, OVMR, OVMRUB =          44   83747.3359375   92227.9062500
 CG ITER, OVMR, OVMRUB =          45   83781.1796875   90629.8671875
 CG ITER, OVMR, OVMRUB =          46   83821.8984375   90532.8671875
 CG ITER, OVMR, OVMRUB =          47   83866.7500000   90532.8671875
 CG ITER, OVMR, OVMRUB =          48   83899.7968750   90532.8671875
 CG ITER, OVMR, OVMRUB =          49   83937.8281250   90527.7734375
 CG ITER, OVMR, OVMRUB =          50   83988.6875000   90386.7656250
 CG ITER, OVMR, OVMRUB =          51   84026.3046875   89322.9218750
 CG ITER, OVMR, OVMRUB =          52   84069.3046875   89322.9218750
 CG ITER, OVMR, OVMRUB =          53   84109.7656250   89322.9218750
 CG ITER, OVMR, OVMRUB =          54   84130.3281250   89322.9218750
 CG ITER, OVMR, OVMRUB =          55   84134.4765625   88768.9765625
 CG ITER, OVMR, OVMRUB =          56   84134.4062500   88768.9765625
 CG ITER, OVMR, OVMRUB =          57   84132.6328125   88724.3046875
 CG ITER, OVMR, OVMRUB =          58   84133.1171875   87670.2109375
 CG ITER, OVMR, OVMRUB =          59   84134.2812500   87670.2109375
 CG ITER, OVMR, OVMRUB =          60   84134.1718750   87582.0625000
 CG ITER, OVMR, OVMRUB =          61   84134.3359375   86743.1015625
 CG ITER, OVMR, OVMRUB =          62   84134.1406250   86743.1015625
 CG ITER, OVMR, OVMRUB =          63   84134.6171875   86743.1015625
 CG ITER, OVMR, OVMRUB =          64   84134.7578125   86743.1015625
 CG ITER, OVMR, OVMRUB =          65   84134.3437500   86191.9843750
 CG ITER, OVMR, OVMRUB =          66   84134.6640625   86191.9843750
 CG ITER, OVMR, OVMRUB =          67   84134.6406250   86191.9843750
 CG ITER, OVMR, OVMRUB =          68   84133.1171875   86191.9843750
 CG ITER, OVMR, OVMRUB =          69   84133.1171875   86191.9843750
OVLB =   84133.1171875 OVLUB =   86191.9843750 TIME =      65.4400024
