 CG ITER, OVMR, OVMRUB =           1  100892.2343750  100892.2343750
 CG ITER, OVMR, OVMRUB =           2  100463.6250000  100463.6171875
 CG ITER, OVMR, OVMRUB =           3  100412.5234375  100463.6171875
 CG ITER, OVMR, OVMRUB =           4   94882.4765625  100463.6171875
 CG ITER, OVMR, OVMRUB =           5   99686.6562500  100463.6171875
 CG ITER, OVMR, OVMRUB =           6  100463.6093750  100463.6171875
 CG ITER, OVMR, OVMRUB =           7  100463.4218750  100463.6171875
 CG ITER, OVMR, OVMRUB =           8  100454.8515625  100463.6171875
 CG ITER, OVMR, OVMRUB =           9   99451.5546875  100463.6171875
 CG ITER, OVMR, OVMRUB =          10   98425.2265625  100463.6171875
 CG ITER, OVMR, OVMRUB =          11   96380.8281250  100463.6171875
 CG ITER, OVMR, OVMRUB =          12   93873.8906250  100463.6171875
 CG ITER, OVMR, OVMRUB =          13   90345.2031250  100463.6171875
 CG ITER, OVMR, OVMRUB =          14   88587.9218750  100463.6171875
 CG ITER, OVMR, OVMRUB =          15   87853.9765625  100463.6171875
 CG ITER, OVMR, OVMRUB =          16   85999.6406250  100463.6171875
 CG ITER, OVMR, OVMRUB =          17   85002.6562500  100463.6171875
 CG ITER, OVMR, OVMRUB =          18   84371.6015625  100463.6171875
 CG ITER, OVMR, OVMRUB =          19   81157.4921875  100463.6171875
 CG ITER, OVMR, OVMRUB =          20   79692.7812500  100463.6171875
 CG ITER, OVMR, OVMRUB =          21   78200.8515625  100463.6171875
 CG ITER, OVMR, OVMRUB =          22   77953.1250000  100463.6171875
 CG ITER, OVMR, OVMRUB =          23   77112.1875000  100463.6171875
 CG ITER, OVMR, OVMRUB =          24   76543.9843750  100463.6171875
 CG ITER, OVMR, OVMRUB =          25   75977.4765625  100463.6171875
 CG ITER, OVMR, OVMRUB =          26   75602.0703125  100463.6171875
 CG ITER, OVMR, OVMRUB =          27   74944.1171875  100463.6171875
 CG ITER, OVMR, OVMRUB =          28   75310.9765625  100296.3203125
 CG ITER, OVMR, OVMRUB =          29   75581.7656250  100296.3203125
 CG ITER, OVMR, OVMRUB =          30   76330.1640625  100296.3203125
 CG ITER, OVMR, OVMRUB =          31   76896.9140625  100296.3203125
 CG ITER, OVMR, OVMRUB =          32   77858.0468750  100296.3203125
 CG ITER, OVMR, OVMRUB =          33   78661.6640625   97892.5546875
 CG ITER, OVMR, OVMRUB =          34   79003.8046875   97892.5546875
 CG ITER, OVMR, OVMRUB =          35   79593.7656250   97892.5546875
 CG ITER, OVMR, OVMRUB =          36   80039.6250000   97892.5546875
 CG ITER, OVMR, OVMRUB =          37   80236.1562500   97892.5546875
 CG ITER, OVMR, OVMRUB =          38   80225.3281250   94461.8750000
 CG ITER, OVMR, OVMRUB =          39   80223.6718750   94461.8750000
 CG ITER, OVMR, OVMRUB =          40   80257.0937500   92460.1406250
 CG ITER, OVMR, OVMRUB =          41   80288.8671875   90912.5781250
 CG ITER, OVMR, OVMRUB =          42   80359.5859375   89668.4609375
 CG ITER, OVMR, OVMRUB =          43   80413.9687500   89668.4609375
 CG ITER, OVMR, OVMRUB =          44   80378.5390625   89668.4609375
 CG ITER, OVMR, OVMRUB =          45   80377.9218750   88763.5312500
 CG ITER, OVMR, OVMRUB =          46   80407.4687500   87135.2578125
 CG ITER, OVMR, OVMRUB =          47   80435.8750000   86471.1640625
 CG ITER, OVMR, OVMRUB =          48   80461.3750000   84375.2343750
 CG ITER, OVMR, OVMRUB =          49   80495.1015625   84375.2343750
 CG ITER, OVMR, OVMRUB =          50   80517.4375000   84375.2343750
 CG ITER, OVMR, OVMRUB =          51   80554.1250000   84375.2343750
 CG ITER, OVMR, OVMRUB =          52   80594.7656250   84375.2343750
 CG ITER, OVMR, OVMRUB =          53   80632.3359375   84375.2343750
 CG ITER, OVMR, OVMRUB =          54   80673.8593750   84375.2343750
 CG ITER, OVMR, OVMRUB =          55   80709.6015625   84375.2343750
 CG ITER, OVMR, OVMRUB =          56   80745.6328125   84375.2343750
 CG ITER, OVMR, OVMRUB =          57   80785.8359375   84375.2343750
 CG ITER, OVMR, OVMRUB =          58   80825.7421875   84375.2343750
 CG ITER, OVMR, OVMRUB =          59   80863.6718750   84375.2343750
 CG ITER, OVMR, OVMRUB =          60   80898.3437500   84375.2343750
 CG ITER, OVMR, OVMRUB =          61   80936.4453125   83949.1484375
 CG ITER, OVMR, OVMRUB =          62   80969.7187500   83949.1484375
 CG ITER, OVMR, OVMRUB =          63   80987.1171875   83949.1484375
 CG ITER, OVMR, OVMRUB =          64   80973.5625000   82959.0781250
 CG ITER, OVMR, OVMRUB =          65   80973.1250000   82959.0781250
 CG ITER, OVMR, OVMRUB =          66   80972.9453125   82481.5703125
 CG ITER, OVMR, OVMRUB =          67   80973.1171875   82481.5703125
 CG ITER, OVMR, OVMRUB =          68   80973.3046875   82369.5546875
 CG ITER, OVMR, OVMRUB =          69   80973.0859375   82369.5546875
 CG ITER, OVMR, OVMRUB =          70   80972.9921875   82267.4765625
 CG ITER, OVMR, OVMRUB =          71   80967.2265625   82267.4765625
 CG ITER, OVMR, OVMRUB =          72   80967.2109375   82267.4765625
 CG ITER, OVMR, OVMRUB =          73   80967.1640625   82267.4765625
 CG ITER, OVMR, OVMRUB =          74   80967.1953125   82267.4765625
 CG ITER, OVMR, OVMRUB =          75   80967.2187500   82267.4765625
 CG ITER, OVMR, OVMRUB =          76   80967.2031250   82267.4765625
 CG ITER, OVMR, OVMRUB =          77   80967.2031250   81802.3281250
OVLB =   80967.2031250 OVLUB =   81802.3281250 TIME =      75.0199966
