 CG ITER, OVMR, OVMRUB =           1  104953.5078125  104953.5000000
 CG ITER, OVMR, OVMRUB =           2  100974.6484375  100974.6250000
 CG ITER, OVMR, OVMRUB =           3  100974.6250000  100974.6250000
 CG ITER, OVMR, OVMRUB =           4   95527.6171875  100974.6250000
 CG ITER, OVMR, OVMRUB =           5   93593.0781250  100974.6250000
 CG ITER, OVMR, OVMRUB =           6   97952.0156250  100974.6250000
 CG ITER, OVMR, OVMRUB =           7  100600.6562500  100974.6250000
 CG ITER, OVMR, OVMRUB =           8  100061.7968750  100974.6250000
 CG ITER, OVMR, OVMRUB =           9   97088.9843750  100974.6250000
 CG ITER, OVMR, OVMRUB =          10   95831.5625000  100974.6250000
 CG ITER, OVMR, OVMRUB =          11   92617.1562500  100974.6250000
 CG ITER, OVMR, OVMRUB =          12   89195.6718750  100974.6250000
 CG ITER, OVMR, OVMRUB =          13   88291.2578125  100974.6250000
 CG ITER, OVMR, OVMRUB =          14   87762.8828125  100974.6250000
 CG ITER, OVMR, OVMRUB =          15   86194.2734375  100974.6250000
 CG ITER, OVMR, OVMRUB =          16   84118.8125000  100974.6250000
 CG ITER, OVMR, OVMRUB =          17   82322.8125000  100974.6250000
 CG ITER, OVMR, OVMRUB =          18   81524.0156250  100974.6250000
 CG ITER, OVMR, OVMRUB =          19   80639.3046875  100974.6250000
 CG ITER, OVMR, OVMRUB =          20   80027.5625000  100974.6250000
 CG ITER, OVMR, OVMRUB =          21   78950.9140625  100974.6250000
 CG ITER, OVMR, OVMRUB =          22   78362.8046875  100974.6250000
 CG ITER, OVMR, OVMRUB =          23   77146.9843750  100974.6250000
 CG ITER, OVMR, OVMRUB =          24   76515.7734375  100974.6250000
 CG ITER, OVMR, OVMRUB =          25   76339.1250000  100974.6250000
 CG ITER, OVMR, OVMRUB =          26   76153.6875000  100974.6250000
 CG ITER, OVMR, OVMRUB =          27   75869.9843750  100974.6250000
 CG ITER, OVMR, OVMRUB =          28   75943.7578125  100974.6250000
 CG ITER, OVMR, OVMRUB =          29   76507.6562500  100974.6250000
 CG ITER, OVMR, OVMRUB =          30   77169.5390625  100974.6250000
 CG ITER, OVMR, OVMRUB =          31   77642.5937500  100974.6250000
 CG ITER, OVMR, OVMRUB =          32   78298.9921875  100412.3203125
 CG ITER, OVMR, OVMRUB =          33   79300.9921875   98814.9296875
 CG ITER, OVMR, OVMRUB =          34   79667.7812500   98814.9296875
 CG ITER, OVMR, OVMRUB =          35   80454.9375000   98814.9296875
 CG ITER, OVMR, OVMRUB =          36   80932.6953125   96157.8359375
 CG ITER, OVMR, OVMRUB =          37   81009.4296875   96157.8359375
 CG ITER, OVMR, OVMRUB =          38   81039.4609375   92628.3437500
 CG ITER, OVMR, OVMRUB =          39   81036.4609375   92628.3437500
 CG ITER, OVMR, OVMRUB =          40   81053.4609375   92628.3437500
 CG ITER, OVMR, OVMRUB =          41   81032.5078125   92628.3437500
 CG ITER, OVMR, OVMRUB =          42   80967.9609375   90507.9921875
 CG ITER, OVMR, OVMRUB =          43   80979.7187500   90507.9921875
 CG ITER, OVMR, OVMRUB =          44   80984.9609375   90507.9921875
 CG ITER, OVMR, OVMRUB =          45   80996.9765625   90507.9921875
 CG ITER, OVMR, OVMRUB =          46   80984.2187500   88852.7734375
 CG ITER, OVMR, OVMRUB =          47   81015.0625000   88287.5390625
 CG ITER, OVMR, OVMRUB =          48   81031.0156250   85832.5312500
 CG ITER, OVMR, OVMRUB =          49   81047.4140625   85832.5312500
 CG ITER, OVMR, OVMRUB =          50   81070.6953125   85832.5312500
 CG ITER, OVMR, OVMRUB =          51   81083.4062500   85832.5312500
 CG ITER, OVMR, OVMRUB =          52   81122.0781250   85832.5312500
 CG ITER, OVMR, OVMRUB =          53   81155.5625000   85832.5312500
 CG ITER, OVMR, OVMRUB =          54   81187.4531250   85832.5312500
 CG ITER, OVMR, OVMRUB =          55   81229.1328125   85832.5312500
 CG ITER, OVMR, OVMRUB =          56   81234.6484375   84772.0000000
 CG ITER, OVMR, OVMRUB =          57   81227.6015625   84772.0000000
 CG ITER, OVMR, OVMRUB =          58   81227.5078125   84772.0000000
 CG ITER, OVMR, OVMRUB =          59   81227.5781250   84772.0000000
 CG ITER, OVMR, OVMRUB =          60   81227.6328125   83460.3515625
 CG ITER, OVMR, OVMRUB =          61   81227.4375000   83460.3515625
 CG ITER, OVMR, OVMRUB =          62   81227.5312500   83460.3515625
 CG ITER, OVMR, OVMRUB =          63   81227.3359375   83460.3515625
 CG ITER, OVMR, OVMRUB =          64   81227.5625000   83460.3515625
 CG ITER, OVMR, OVMRUB =          65   81227.6015625   83460.3515625
 CG ITER, OVMR, OVMRUB =          66   81227.5859375   83460.3515625
 CG ITER, OVMR, OVMRUB =          67   81227.6875000   83460.3515625
 CG ITER, OVMR, OVMRUB =          68   81227.5703125   83460.3515625
 CG ITER, OVMR, OVMRUB =          69   81227.5937500   83460.3515625
 CG ITER, OVMR, OVMRUB =          70   81227.5703125   83460.3515625
 CG ITER, OVMR, OVMRUB =          71   81227.5390625   83460.3515625
 CG ITER, OVMR, OVMRUB =          72   81227.5390625   83460.3515625
OVLB =   81227.5390625 OVLUB =   83460.3515625 TIME =      71.7200012
