 CG ITER, OVMR, OVMRUB =           1   31789.4863281   29899.9003906
 CG ITER, OVMR, OVMRUB =           2   29899.9023438   29899.9003906
 CG ITER, OVMR, OVMRUB =           3   29899.9062500   29899.9003906
 CG ITER, OVMR, OVMRUB =           4   29899.9023438   29899.9003906
 CG ITER, OVMR, OVMRUB =           5   29899.8242188   29899.9003906
 CG ITER, OVMR, OVMRUB =           6   29531.9296875   29899.9003906
 CG ITER, OVMR, OVMRUB =           7   29309.4199219   29899.9003906
 CG ITER, OVMR, OVMRUB =           8   29353.6074219   29899.9003906
 CG ITER, OVMR, OVMRUB =           9   29160.4101562   29899.9003906
 CG ITER, OVMR, OVMRUB =          10   28921.4101562   29899.9003906
 CG ITER, OVMR, OVMRUB =          11   28789.5019531   29899.9003906
 CG ITER, OVMR, OVMRUB =          12   28640.9140625   29899.9003906
 CG ITER, OVMR, OVMRUB =          13   28536.2109375   29899.9003906
 CG ITER, OVMR, OVMRUB =          14   28425.1835938   29899.9003906
 CG ITER, OVMR, OVMRUB =          15   28332.1367188   29899.9003906
 CG ITER, OVMR, OVMRUB =          16   28267.3925781   29899.9003906
 CG ITER, OVMR, OVMRUB =          17   28200.3085938   29899.9003906
 CG ITER, OVMR, OVMRUB =          18   28091.0761719   29899.9003906
 CG ITER, OVMR, OVMRUB =          19   28005.7148438   29899.9003906
 CG ITER, OVMR, OVMRUB =          20   27945.7167969   29899.9003906
 CG ITER, OVMR, OVMRUB =          21   27899.0820312   29899.9003906
 CG ITER, OVMR, OVMRUB =          22   27832.1601562   29732.5019531
 CG ITER, OVMR, OVMRUB =          23   27775.2070312   29732.5019531
 CG ITER, OVMR, OVMRUB =          24   27742.3964844   29732.5019531
 CG ITER, OVMR, OVMRUB =          25   27716.8066406   29691.1035156
 CG ITER, OVMR, OVMRUB =          26   27694.4648438   29240.2949219
 CG ITER, OVMR, OVMRUB =          27   27667.1582031   29240.2949219
 CG ITER, OVMR, OVMRUB =          28   27637.4980469   29240.2949219
 CG ITER, OVMR, OVMRUB =          29   27616.2089844   29240.2949219
 CG ITER, OVMR, OVMRUB =          30   27601.2070312   29240.2949219
 CG ITER, OVMR, OVMRUB =          31   27577.6230469   29162.3183594
 CG ITER, OVMR, OVMRUB =          32   27563.4648438   29162.3183594
 CG ITER, OVMR, OVMRUB =          33   27554.4062500   28852.0585938
 CG ITER, OVMR, OVMRUB =          34   27533.6015625   28852.0585938
 CG ITER, OVMR, OVMRUB =          35   27527.4238281   28852.0585938
 CG ITER, OVMR, OVMRUB =          36   27524.4414062   28852.0585938
 CG ITER, OVMR, OVMRUB =          37   27522.2636719   28524.1191406
 CG ITER, OVMR, OVMRUB =          38   27517.9960938   28524.1191406
 CG ITER, OVMR, OVMRUB =          39   27517.5312500   28524.1191406
 CG ITER, OVMR, OVMRUB =          40   27509.7246094   28405.7968750
 INTEGER AT MR SG, ISGI =         217
 MR PROBLEM NEW UB =   27508.9140625
 CG ITER, OVMR, OVMRUB =          41   27508.8984375   27508.9140625
 CG ITER, OVMR, OVMRUB =          42   27506.4472656   27508.9140625
 CG ITER, OVMR, OVMRUB =          43   27505.3105469   27508.9140625
 CG ITER, OVMR, OVMRUB =          44   27505.3281250   27508.9140625
 CG ITER, OVMR, OVMRUB =          45   27505.3476562   27508.9140625
 CG ITER, OVMR, OVMRUB =          46   27505.3281250   27508.9140625
OVLB =   27505.3281250 OVLUB =   27508.9140625 TIME =      29.2199993
