 CG ITER, OVMR, OVMRUB =           1   21959.3398438   14120.5019531
 CG ITER, OVMR, OVMRUB =           2   14120.5019531   14120.5019531
 CG ITER, OVMR, OVMRUB =           3   14120.5019531   14120.5019531
 CG ITER, OVMR, OVMRUB =           4   14120.5019531   14120.5019531
 CG ITER, OVMR, OVMRUB =           5   14051.2001953   14051.2001953
 CG ITER, OVMR, OVMRUB =           6   14051.2001953   14051.2001953
 CG ITER, OVMR, OVMRUB =           7   14051.2001953   14051.2001953
 CG ITER, OVMR, OVMRUB =           8   14051.2001953   14051.2001953
 CG ITER, OVMR, OVMRUB =           9   14051.2001953   14051.2001953
 CG ITER, OVMR, OVMRUB =          10   14051.2011719   14051.2001953
 CG ITER, OVMR, OVMRUB =          11   13868.5869141   14051.2001953
 CG ITER, OVMR, OVMRUB =          12   12890.8183594   14051.2001953
 CG ITER, OVMR, OVMRUB =          13   12657.4648438   14051.2001953
 CG ITER, OVMR, OVMRUB =          14   12539.1162109   14051.2001953
 CG ITER, OVMR, OVMRUB =          15   12704.4541016   14051.2001953
 CG ITER, OVMR, OVMRUB =          16   12919.6005859   14051.2001953
 INTEGER AT MR SG, ISGI =         264
 MR PROBLEM NEW UB =   12854.1992188
 CG ITER, OVMR, OVMRUB =          17   12854.2011719   12854.1992188
 CG ITER, OVMR, OVMRUB =          18   12778.9443359   12854.1992188
 CG ITER, OVMR, OVMRUB =          19   12739.5136719   12854.1992188
 CG ITER, OVMR, OVMRUB =          20   12736.2138672   12854.1992188
 CG ITER, OVMR, OVMRUB =          21   12722.5019531   12854.1992188
 CG ITER, OVMR, OVMRUB =          22   12711.7460938   12854.1992188
 CG ITER, OVMR, OVMRUB =          23   12708.3613281   12854.1992188
 CG ITER, OVMR, OVMRUB =          24   12707.6640625   12854.1992188
 CG ITER, OVMR, OVMRUB =          25   12707.6660156   12854.1992188
 CG ITER, OVMR, OVMRUB =          26   12707.6660156   12854.1992188
OVLB =   12707.6660156 OVLUB =   12854.1992188 TIME =       3.9600000
