 CG ITER, OVMR, OVMRUB =           1  103135.2421875  103135.2187500
 CG ITER, OVMR, OVMRUB =           2  100608.6875000  100608.7031250
 CG ITER, OVMR, OVMRUB =           3  100401.2265625  100608.7031250
 CG ITER, OVMR, OVMRUB =           4   96115.2187500  100608.7031250
 CG ITER, OVMR, OVMRUB =           5   92484.3750000  100608.7031250
 CG ITER, OVMR, OVMRUB =           6   92609.2812500  100608.7031250
 CG ITER, OVMR, OVMRUB =           7   92823.5000000  100608.7031250
 CG ITER, OVMR, OVMRUB =           8   91040.1718750  100608.7031250
 CG ITER, OVMR, OVMRUB =           9   87158.9375000  100608.7031250
 CG ITER, OVMR, OVMRUB =          10   85782.7343750  100608.7031250
 CG ITER, OVMR, OVMRUB =          11   84630.2109375  100608.7031250
 CG ITER, OVMR, OVMRUB =          12   83042.8906250  100608.7031250
 CG ITER, OVMR, OVMRUB =          13   82010.6406250  100608.7031250
 CG ITER, OVMR, OVMRUB =          14   81490.8906250  100608.7031250
 CG ITER, OVMR, OVMRUB =          15   81245.6250000  100608.7031250
 CG ITER, OVMR, OVMRUB =          16   80631.1875000  100608.7031250
 CG ITER, OVMR, OVMRUB =          17   80356.7421875  100608.7031250
 CG ITER, OVMR, OVMRUB =          18   79970.6328125  100608.7031250
 CG ITER, OVMR, OVMRUB =          19   79374.5000000  100608.7031250
 CG ITER, OVMR, OVMRUB =          20   79002.5156250  100608.7031250
 CG ITER, OVMR, OVMRUB =          21   78823.2187500  100608.7031250
 CG ITER, OVMR, OVMRUB =          22   78513.9765625  100608.7031250
 CG ITER, OVMR, OVMRUB =          23   78505.8593750  100608.7031250
 CG ITER, OVMR, OVMRUB =          24   78658.8203125  100608.7031250
 CG ITER, OVMR, OVMRUB =          25   78577.3125000  100608.7031250
 CG ITER, OVMR, OVMRUB =          26   78691.6171875  100608.7031250
 CG ITER, OVMR, OVMRUB =          27   78945.8828125   99142.4218750
 CG ITER, OVMR, OVMRUB =          28   79230.2578125   99142.4218750
 CG ITER, OVMR, OVMRUB =          29   79424.6093750   99142.4218750
 CG ITER, OVMR, OVMRUB =          30   79498.0078125   97951.7500000
 CG ITER, OVMR, OVMRUB =          31   79570.1171875   97354.7031250
 CG ITER, OVMR, OVMRUB =          32   79432.2109375   97354.7031250
 CG ITER, OVMR, OVMRUB =          33   79200.4921875   95619.8203125
 CG ITER, OVMR, OVMRUB =          34   78972.3828125   94798.4921875
 CG ITER, OVMR, OVMRUB =          35   78769.1015625   94798.4921875
 CG ITER, OVMR, OVMRUB =          36   78630.0468750   94798.4921875
 CG ITER, OVMR, OVMRUB =          37   78498.3984375   94798.4921875
 CG ITER, OVMR, OVMRUB =          38   78379.0859375   94785.9921875
 CG ITER, OVMR, OVMRUB =          39   78255.3046875   90763.1640625
 CG ITER, OVMR, OVMRUB =          40   78165.8671875   90763.1640625
 CG ITER, OVMR, OVMRUB =          41   78024.9921875   90763.1640625
 CG ITER, OVMR, OVMRUB =          42   77907.4531250   90763.1640625
 CG ITER, OVMR, OVMRUB =          43   77805.4609375   88461.4140625
 CG ITER, OVMR, OVMRUB =          44   77707.4765625   88461.4140625
 CG ITER, OVMR, OVMRUB =          45   77623.8671875   88461.4140625
 CG ITER, OVMR, OVMRUB =          46   77563.0781250   88049.5234375
 CG ITER, OVMR, OVMRUB =          47   77503.5390625   85312.9296875
 CG ITER, OVMR, OVMRUB =          48   77457.1015625   85312.9296875
 CG ITER, OVMR, OVMRUB =          49   77423.2109375   85312.9296875
 CG ITER, OVMR, OVMRUB =          50   77387.3359375   85312.9296875
 CG ITER, OVMR, OVMRUB =          51   77360.5625000   84854.2500000
 CG ITER, OVMR, OVMRUB =          52   77334.0546875   82821.6015625
 CG ITER, OVMR, OVMRUB =          53   77317.6875000   82813.5078125
 CG ITER, OVMR, OVMRUB =          54   77295.6328125   82279.9531250
 CG ITER, OVMR, OVMRUB =          55   77274.7265625   82279.9531250
 CG ITER, OVMR, OVMRUB =          56   77267.7500000   82279.9531250
 CG ITER, OVMR, OVMRUB =          57   77263.7031250   82279.9531250
 CG ITER, OVMR, OVMRUB =          58   77257.9921875   80778.1171875
 CG ITER, OVMR, OVMRUB =          59   77252.8828125   80778.1171875
 CG ITER, OVMR, OVMRUB =          60   77250.6250000   80778.1171875
 CG ITER, OVMR, OVMRUB =          61   77248.7187500   80778.1171875
 CG ITER, OVMR, OVMRUB =          62   77238.9453125   80778.1171875
 CG ITER, OVMR, OVMRUB =          63   77234.4921875   80778.1171875
 CG ITER, OVMR, OVMRUB =          64   77234.4687500   80286.7734375
 CG ITER, OVMR, OVMRUB =          65   77232.7578125   80286.7734375
 CG ITER, OVMR, OVMRUB =          66   77232.5937500   80203.8125000
 CG ITER, OVMR, OVMRUB =          67   77232.3984375   79998.2343750
 CG ITER, OVMR, OVMRUB =          68   77232.1093750   79727.3750000
 CG ITER, OVMR, OVMRUB =          69   77231.9609375   78803.2734375
 CG ITER, OVMR, OVMRUB =          70   77232.0078125   78803.2734375
 CG ITER, OVMR, OVMRUB =          71   77231.8515625   78243.4375000
 CG ITER, OVMR, OVMRUB =          72   77231.9453125   78243.4375000
 CG ITER, OVMR, OVMRUB =          73   77231.8984375   78243.4375000
 CG ITER, OVMR, OVMRUB =          74   77231.9687500   78243.4375000
 CG ITER, OVMR, OVMRUB =          75   77231.6796875   78243.4375000
 CG ITER, OVMR, OVMRUB =          76   77232.1406250   78243.4375000
 CG ITER, OVMR, OVMRUB =          77   77231.6640625   78243.4375000
 CG ITER, OVMR, OVMRUB =          78   77231.8359375   78243.4375000
 CG ITER, OVMR, OVMRUB =          79   77231.9921875   78243.4375000
 CG ITER, OVMR, OVMRUB =          80   77231.8359375   78243.4375000
 CG ITER, OVMR, OVMRUB =          81   77231.6953125   77855.1875000
 CG ITER, OVMR, OVMRUB =          82   77232.1250000   77855.1875000
 CG ITER, OVMR, OVMRUB =          83   77231.9062500   77855.1875000
 CG ITER, OVMR, OVMRUB =          84   77231.9843750   77855.1875000
 CG ITER, OVMR, OVMRUB =          85   77232.1093750   77855.1875000
 CG ITER, OVMR, OVMRUB =          86   77231.7109375   77855.1875000
 CG ITER, OVMR, OVMRUB =          87   77231.8671875   77855.1875000
 CG ITER, OVMR, OVMRUB =          88   77231.8828125   77855.1875000
 CG ITER, OVMR, OVMRUB =          89   77231.8828125   77332.8671875
OVLB =   77231.8828125 OVLUB =   77332.8671875 TIME =     327.8500061
