 CG ITER, OVMR, OVMRUB =           1  102541.0312500  102541.0156250
 CG ITER, OVMR, OVMRUB =           2  102541.0156250  102541.0156250
 CG ITER, OVMR, OVMRUB =           3  102520.9609375  102541.0156250
 CG ITER, OVMR, OVMRUB =           4   99345.9531250  102541.0156250
 CG ITER, OVMR, OVMRUB =           5   99274.5781250  102541.0156250
 CG ITER, OVMR, OVMRUB =           6  100011.9062500  102541.0156250
 CG ITER, OVMR, OVMRUB =           7   97507.5000000  102541.0156250
 CG ITER, OVMR, OVMRUB =           8   96097.3828125  102541.0156250
 CG ITER, OVMR, OVMRUB =           9   91932.4140625  102541.0156250
 CG ITER, OVMR, OVMRUB =          10   90475.3906250  102541.0156250
 CG ITER, OVMR, OVMRUB =          11   87444.2890625  102541.0156250
 CG ITER, OVMR, OVMRUB =          12   87232.4453125  102541.0156250
 CG ITER, OVMR, OVMRUB =          13   86255.0156250  102541.0156250
 CG ITER, OVMR, OVMRUB =          14   84969.4765625  102541.0156250
 CG ITER, OVMR, OVMRUB =          15   84419.5546875  102541.0156250
 CG ITER, OVMR, OVMRUB =          16   84194.4609375  102541.0156250
 CG ITER, OVMR, OVMRUB =          17   84446.8984375  102541.0156250
 CG ITER, OVMR, OVMRUB =          18   84181.5000000  102541.0156250
 CG ITER, OVMR, OVMRUB =          19   84192.5625000  102541.0156250
 CG ITER, OVMR, OVMRUB =          20   84105.9687500  102541.0156250
 CG ITER, OVMR, OVMRUB =          21   83927.9218750  102541.0156250
 CG ITER, OVMR, OVMRUB =          22   83805.2812500  102541.0156250
 CG ITER, OVMR, OVMRUB =          23   83981.3437500  102541.0156250
 CG ITER, OVMR, OVMRUB =          24   83841.8359375  102541.0156250
 CG ITER, OVMR, OVMRUB =          25   83789.0390625  102541.0156250
 CG ITER, OVMR, OVMRUB =          26   83730.5312500  102541.0156250
 CG ITER, OVMR, OVMRUB =          27   83870.6953125  102541.0156250
 CG ITER, OVMR, OVMRUB =          28   83905.9921875  102541.0156250
 CG ITER, OVMR, OVMRUB =          29   83810.5234375  102541.0156250
 CG ITER, OVMR, OVMRUB =          30   83921.3359375  102541.0156250
 CG ITER, OVMR, OVMRUB =          31   83985.6015625  102541.0156250
 CG ITER, OVMR, OVMRUB =          32   84013.5312500  102541.0156250
 CG ITER, OVMR, OVMRUB =          33   83928.5546875  102541.0156250
 CG ITER, OVMR, OVMRUB =          34   83791.7812500  101007.6406250
 CG ITER, OVMR, OVMRUB =          35   83654.2421875  101007.6406250
 CG ITER, OVMR, OVMRUB =          36   83504.3515625  101007.6406250
 CG ITER, OVMR, OVMRUB =          37   83346.5546875  101007.6406250
 CG ITER, OVMR, OVMRUB =          38   83184.4062500  101007.6406250
 CG ITER, OVMR, OVMRUB =          39   83083.2500000  101007.6406250
 CG ITER, OVMR, OVMRUB =          40   82940.6875000   99054.2890625
 CG ITER, OVMR, OVMRUB =          41   82826.9687500   99054.2890625
 CG ITER, OVMR, OVMRUB =          42   82744.0390625   98613.8046875
 CG ITER, OVMR, OVMRUB =          43   82666.0546875   98473.1250000
 CG ITER, OVMR, OVMRUB =          44   82582.3203125   96368.7890625
 CG ITER, OVMR, OVMRUB =          45   82505.5390625   96368.7890625
 CG ITER, OVMR, OVMRUB =          46   82439.9843750   95582.1171875
 CG ITER, OVMR, OVMRUB =          47   82379.6250000   94516.8906250
 CG ITER, OVMR, OVMRUB =          48   82314.5625000   94516.8906250
 CG ITER, OVMR, OVMRUB =          49   82251.6796875   92992.4062500
 CG ITER, OVMR, OVMRUB =          50   82212.3515625   92992.4062500
 CG ITER, OVMR, OVMRUB =          51   82173.5312500   92992.4062500
 CG ITER, OVMR, OVMRUB =          52   82150.9375000   92992.4062500
 CG ITER, OVMR, OVMRUB =          53   82129.9843750   92297.7500000
 CG ITER, OVMR, OVMRUB =          54   82101.4062500   92297.7500000
 CG ITER, OVMR, OVMRUB =          55   82082.3281250   90662.1406250
 CG ITER, OVMR, OVMRUB =          56   82064.7187500   90662.1406250
 CG ITER, OVMR, OVMRUB =          57   82051.8281250   90184.9843750
 CG ITER, OVMR, OVMRUB =          58   82040.6875000   90184.9843750
 CG ITER, OVMR, OVMRUB =          59   82034.7343750   87699.8828125
 CG ITER, OVMR, OVMRUB =          60   82033.0000000   87699.8828125
 CG ITER, OVMR, OVMRUB =          61   82033.0625000   87699.8828125
 CG ITER, OVMR, OVMRUB =          62   82031.8593750   86072.0000000
 CG ITER, OVMR, OVMRUB =          63   82032.0000000   86072.0000000
 CG ITER, OVMR, OVMRUB =          64   82032.5000000   86072.0000000
 CG ITER, OVMR, OVMRUB =          65   82032.3437500   86072.0000000
 CG ITER, OVMR, OVMRUB =          66   82032.8046875   86072.0000000
 CG ITER, OVMR, OVMRUB =          67   82032.9218750   86072.0000000
 CG ITER, OVMR, OVMRUB =          68   82033.0468750   85698.9218750
 CG ITER, OVMR, OVMRUB =          69   82033.0156250   85512.8359375
 CG ITER, OVMR, OVMRUB =          70   82032.4140625   84874.0546875
 CG ITER, OVMR, OVMRUB =          71   82032.9375000   84874.0546875
 CG ITER, OVMR, OVMRUB =          72   82032.8046875   84685.3750000
 CG ITER, OVMR, OVMRUB =          73   82032.7265625   83273.9609375
 CG ITER, OVMR, OVMRUB =          74   82032.9843750   83273.9609375
 CG ITER, OVMR, OVMRUB =          75   82032.8437500   83273.9609375
 CG ITER, OVMR, OVMRUB =          76   82033.0390625   83273.9609375
 CG ITER, OVMR, OVMRUB =          77   82033.0781250   83273.9609375
 CG ITER, OVMR, OVMRUB =          78   82032.7812500   83273.9609375
 CG ITER, OVMR, OVMRUB =          79   82032.9687500   83273.9609375
 CG ITER, OVMR, OVMRUB =          80   82033.0390625   83273.9609375
 CG ITER, OVMR, OVMRUB =          81   82033.0390625   82850.8671875
OVLB =   82033.0390625 OVLUB =   82850.8671875 TIME =     290.0899963
