 CG ITER, OVMR, OVMRUB =           1  105647.8828125  105647.8750000
 CG ITER, OVMR, OVMRUB =           2  103372.3906250  103372.3906250
 CG ITER, OVMR, OVMRUB =           3  103372.3906250  103372.3906250
 CG ITER, OVMR, OVMRUB =           4   99044.2343750  103372.3906250
 CG ITER, OVMR, OVMRUB =           5   99875.5625000  103372.3906250
 CG ITER, OVMR, OVMRUB =           6   99499.2968750  103372.3906250
 CG ITER, OVMR, OVMRUB =           7   96765.8984375  103372.3906250
 CG ITER, OVMR, OVMRUB =           8   93704.8593750  103372.3906250
 CG ITER, OVMR, OVMRUB =           9   92381.1562500  103372.3906250
 CG ITER, OVMR, OVMRUB =          10   90090.6562500  103372.3906250
 CG ITER, OVMR, OVMRUB =          11   89166.7812500  103372.3906250
 CG ITER, OVMR, OVMRUB =          12   87648.0546875  103372.3906250
 CG ITER, OVMR, OVMRUB =          13   86537.0156250  103372.3906250
 CG ITER, OVMR, OVMRUB =          14   85952.2968750  103372.3906250
 CG ITER, OVMR, OVMRUB =          15   85765.9375000  103372.3906250
 CG ITER, OVMR, OVMRUB =          16   85259.1406250  103372.3906250
 CG ITER, OVMR, OVMRUB =          17   85099.9921875  103372.3906250
 CG ITER, OVMR, OVMRUB =          18   85574.7734375  103372.3906250
 CG ITER, OVMR, OVMRUB =          19   85127.9765625  103372.3906250
 CG ITER, OVMR, OVMRUB =          20   84931.5156250  103372.3906250
 CG ITER, OVMR, OVMRUB =          21   84625.1093750  103372.3906250
 CG ITER, OVMR, OVMRUB =          22   84457.1015625  103372.3906250
 CG ITER, OVMR, OVMRUB =          23   84401.3359375  103372.3906250
 CG ITER, OVMR, OVMRUB =          24   84199.2343750  103372.3906250
 CG ITER, OVMR, OVMRUB =          25   84335.4687500  103372.3906250
 CG ITER, OVMR, OVMRUB =          26   84807.7968750  103372.3906250
 CG ITER, OVMR, OVMRUB =          27   84894.5546875  103372.3906250
 CG ITER, OVMR, OVMRUB =          28   85274.0546875  103372.3906250
 CG ITER, OVMR, OVMRUB =          29   85599.7500000  103372.3906250
 CG ITER, OVMR, OVMRUB =          30   85670.2500000  103372.3906250
 CG ITER, OVMR, OVMRUB =          31   85794.5781250  103372.3906250
 CG ITER, OVMR, OVMRUB =          32   85926.1328125  103372.3906250
 CG ITER, OVMR, OVMRUB =          33   85955.1484375  103372.3906250
 CG ITER, OVMR, OVMRUB =          34   85844.7265625  103372.3906250
 CG ITER, OVMR, OVMRUB =          35   85697.4062500  103372.3906250
 CG ITER, OVMR, OVMRUB =          36   85497.8437500  103372.3906250
 CG ITER, OVMR, OVMRUB =          37   85359.6328125  103372.3906250
 CG ITER, OVMR, OVMRUB =          38   85225.9062500  103372.3906250
 CG ITER, OVMR, OVMRUB =          39   85109.7890625  101999.9921875
 CG ITER, OVMR, OVMRUB =          40   84993.2968750  101999.9921875
 CG ITER, OVMR, OVMRUB =          41   84862.1093750  100451.9140625
 CG ITER, OVMR, OVMRUB =          42   84770.4375000  100451.9140625
 CG ITER, OVMR, OVMRUB =          43   84658.3281250   98269.1328125
 CG ITER, OVMR, OVMRUB =          44   84587.2734375   98269.1328125
 CG ITER, OVMR, OVMRUB =          45   84472.2421875   98269.1328125
 CG ITER, OVMR, OVMRUB =          46   84407.3437500   98269.1328125
 CG ITER, OVMR, OVMRUB =          47   84368.9531250   97420.2656250
 CG ITER, OVMR, OVMRUB =          48   84320.8281250   97420.2656250
 CG ITER, OVMR, OVMRUB =          49   84279.9218750   95509.2031250
 CG ITER, OVMR, OVMRUB =          50   84231.9687500   94244.7734375
 CG ITER, OVMR, OVMRUB =          51   84209.5625000   94079.5937500
 CG ITER, OVMR, OVMRUB =          52   84176.5468750   94079.5937500
 CG ITER, OVMR, OVMRUB =          53   84160.1640625   91873.5703125
 CG ITER, OVMR, OVMRUB =          54   84135.6953125   91873.5703125
 CG ITER, OVMR, OVMRUB =          55   84114.7890625   89570.2187500
 CG ITER, OVMR, OVMRUB =          56   84107.1328125   89570.2187500
 CG ITER, OVMR, OVMRUB =          57   84105.5312500   89570.2187500
 CG ITER, OVMR, OVMRUB =          58   84106.1796875   89570.2187500
 CG ITER, OVMR, OVMRUB =          59   84105.5937500   89094.8750000
 CG ITER, OVMR, OVMRUB =          60   84102.5859375   88527.7031250
 CG ITER, OVMR, OVMRUB =          61   84099.7890625   88527.7031250
 CG ITER, OVMR, OVMRUB =          62   84100.2734375   88527.7031250
 CG ITER, OVMR, OVMRUB =          63   84100.0625000   87679.7734375
 CG ITER, OVMR, OVMRUB =          64   84099.7421875   85799.3125000
 CG ITER, OVMR, OVMRUB =          65   84099.7500000   85724.5312500
 CG ITER, OVMR, OVMRUB =          66   84099.7187500   85724.5312500
 CG ITER, OVMR, OVMRUB =          67   84099.7187500   85724.5312500
OVLB =   84099.7187500 OVLUB =   85724.5312500 TIME =     203.1100006
