 CG ITER, OVMR, OVMRUB =           1  107878.5703125  107878.5546875
 CG ITER, OVMR, OVMRUB =           2  102121.1875000  102121.1796875
 CG ITER, OVMR, OVMRUB =           3  102121.1640625  102121.1796875
 CG ITER, OVMR, OVMRUB =           4  102048.2187500  102121.1796875
 CG ITER, OVMR, OVMRUB =           5  101002.4609375  102121.1796875
 CG ITER, OVMR, OVMRUB =           6   98964.3203125  102121.1796875
 CG ITER, OVMR, OVMRUB =           7   96542.1796875  102121.1796875
 CG ITER, OVMR, OVMRUB =           8   92857.5546875  102121.1796875
 CG ITER, OVMR, OVMRUB =           9   89220.1406250  102121.1796875
 CG ITER, OVMR, OVMRUB =          10   87844.3125000  102121.1796875
 CG ITER, OVMR, OVMRUB =          11   87134.6562500  102121.1796875
 CG ITER, OVMR, OVMRUB =          12   86774.5234375  102121.1796875
 CG ITER, OVMR, OVMRUB =          13   86003.0468750  102121.1796875
 CG ITER, OVMR, OVMRUB =          14   85400.0703125  102121.1796875
 CG ITER, OVMR, OVMRUB =          15   84605.8515625  102121.1796875
 CG ITER, OVMR, OVMRUB =          16   84128.6718750  102121.1796875
 CG ITER, OVMR, OVMRUB =          17   83535.7578125  102121.1796875
 CG ITER, OVMR, OVMRUB =          18   83068.2343750  102121.1796875
 CG ITER, OVMR, OVMRUB =          19   82689.1953125  102121.1796875
 CG ITER, OVMR, OVMRUB =          20   82666.2265625  102121.1796875
 CG ITER, OVMR, OVMRUB =          21   82489.3984375  102121.1796875
 CG ITER, OVMR, OVMRUB =          22   82500.6250000  102121.1796875
 CG ITER, OVMR, OVMRUB =          23   82572.7187500  102121.1796875
 CG ITER, OVMR, OVMRUB =          24   82586.2578125  102121.1796875
 CG ITER, OVMR, OVMRUB =          25   82602.4531250  102121.1796875
 CG ITER, OVMR, OVMRUB =          26   82925.0703125  102121.1796875
 CG ITER, OVMR, OVMRUB =          27   83438.6171875  102121.1796875
 CG ITER, OVMR, OVMRUB =          28   83845.8984375  102121.1796875
 CG ITER, OVMR, OVMRUB =          29   84047.5703125  102121.1796875
 CG ITER, OVMR, OVMRUB =          30   84301.7031250  102121.1796875
 CG ITER, OVMR, OVMRUB =          31   84576.6562500  102121.1796875
 CG ITER, OVMR, OVMRUB =          32   84553.6562500  102121.1796875
 CG ITER, OVMR, OVMRUB =          33   84450.0703125  102121.1796875
 CG ITER, OVMR, OVMRUB =          34   84394.3828125  102121.1796875
 CG ITER, OVMR, OVMRUB =          35   84345.5156250  100664.9843750
 CG ITER, OVMR, OVMRUB =          36   84303.3828125  100664.9843750
 CG ITER, OVMR, OVMRUB =          37   84242.6250000   99579.1328125
 CG ITER, OVMR, OVMRUB =          38   84147.1640625   99579.1328125
 CG ITER, OVMR, OVMRUB =          39   84023.8750000   99185.2578125
 CG ITER, OVMR, OVMRUB =          40   83908.3359375   96149.3515625
 CG ITER, OVMR, OVMRUB =          41   83804.6796875   96149.3515625
 CG ITER, OVMR, OVMRUB =          42   83709.6171875   96149.3515625
 CG ITER, OVMR, OVMRUB =          43   83637.9531250   95461.8750000
 CG ITER, OVMR, OVMRUB =          44   83578.9687500   93232.6953125
 CG ITER, OVMR, OVMRUB =          45   83500.6953125   93232.6953125
 CG ITER, OVMR, OVMRUB =          46   83449.7734375   91635.0312500
 CG ITER, OVMR, OVMRUB =          47   83411.4921875   90962.0625000
 CG ITER, OVMR, OVMRUB =          48   83371.6093750   90130.7734375
 CG ITER, OVMR, OVMRUB =          49   83341.8437500   87814.9296875
 CG ITER, OVMR, OVMRUB =          50   83307.3906250   87814.9296875
 CG ITER, OVMR, OVMRUB =          51   83285.5078125   87814.9296875
 CG ITER, OVMR, OVMRUB =          52   83268.7890625   87814.9296875
 CG ITER, OVMR, OVMRUB =          53   83251.2734375   85938.6406250
 CG ITER, OVMR, OVMRUB =          54   83246.1640625   85938.6406250
 CG ITER, OVMR, OVMRUB =          55   83238.4843750   85938.6406250
 CG ITER, OVMR, OVMRUB =          56   83236.0781250   85938.6406250
 CG ITER, OVMR, OVMRUB =          57   83232.6718750   85938.6406250
 CG ITER, OVMR, OVMRUB =          58   83227.5859375   85793.6953125
 CG ITER, OVMR, OVMRUB =          59   83225.7031250   85004.9687500
 CG ITER, OVMR, OVMRUB =          60   83225.6953125   85004.9687500
 CG ITER, OVMR, OVMRUB =          61   83225.6718750   84281.2109375
 CG ITER, OVMR, OVMRUB =          62   83225.7031250   84281.2109375
 CG ITER, OVMR, OVMRUB =          63   83225.6796875   84281.2109375
 CG ITER, OVMR, OVMRUB =          64   83225.6640625   84281.2109375
 CG ITER, OVMR, OVMRUB =          65   83225.6484375   84281.2109375
 CG ITER, OVMR, OVMRUB =          66   83225.6328125   83700.6093750
 CG ITER, OVMR, OVMRUB =          67   83225.6875000   83700.6093750
 CG ITER, OVMR, OVMRUB =          68   83225.6953125   83700.6093750
 CG ITER, OVMR, OVMRUB =          69   83225.6875000   83700.6093750
 CG ITER, OVMR, OVMRUB =          70   83225.7031250   83700.6093750
 CG ITER, OVMR, OVMRUB =          71   83225.7031250   83232.7421875
OVLB =   83225.7031250 OVLUB =   83232.7421875 TIME =     217.8099976
