 CG ITER, OVMR, OVMRUB =           1  104618.0000000  104618.0000000
 CG ITER, OVMR, OVMRUB =           2  104384.1953125  104384.1875000
 CG ITER, OVMR, OVMRUB =           3  104384.1875000  104384.1875000
 CG ITER, OVMR, OVMRUB =           4  101175.1328125  104384.1875000
 CG ITER, OVMR, OVMRUB =           5  102366.7812500  104384.1875000
 CG ITER, OVMR, OVMRUB =           6  102448.8125000  104384.1875000
 CG ITER, OVMR, OVMRUB =           7  104076.2265625  104384.1875000
 CG ITER, OVMR, OVMRUB =           8  104384.1406250  104384.1875000
 CG ITER, OVMR, OVMRUB =           9  103846.4453125  104384.1875000
 CG ITER, OVMR, OVMRUB =          10  102339.1484375  104384.1875000
 CG ITER, OVMR, OVMRUB =          11   98890.4140625  104384.1875000
 CG ITER, OVMR, OVMRUB =          12   95527.3046875  104384.1875000
 CG ITER, OVMR, OVMRUB =          13   92882.6328125  104384.1875000
 CG ITER, OVMR, OVMRUB =          14   90677.3437500  104384.1875000
 CG ITER, OVMR, OVMRUB =          15   90380.9296875  104384.1875000
 CG ITER, OVMR, OVMRUB =          16   88980.9296875  104384.1875000
 CG ITER, OVMR, OVMRUB =          17   87032.1562500  104384.1875000
 CG ITER, OVMR, OVMRUB =          18   85650.5625000  104384.1875000
 CG ITER, OVMR, OVMRUB =          19   83666.6250000  104384.1875000
 CG ITER, OVMR, OVMRUB =          20   82108.6953125  104384.1875000
 CG ITER, OVMR, OVMRUB =          21   81127.6718750  104384.1875000
 CG ITER, OVMR, OVMRUB =          22   79563.9218750  104384.1875000
 CG ITER, OVMR, OVMRUB =          23   79195.9921875  104384.1875000
 CG ITER, OVMR, OVMRUB =          24   78096.7578125  104384.1875000
 CG ITER, OVMR, OVMRUB =          25   77367.6640625  104384.1875000
 CG ITER, OVMR, OVMRUB =          26   76602.0078125  104384.1875000
 CG ITER, OVMR, OVMRUB =          27   76134.6953125  104384.1875000
 CG ITER, OVMR, OVMRUB =          28   74984.4687500  104384.1875000
 CG ITER, OVMR, OVMRUB =          29   75050.7187500  104384.1875000
 CG ITER, OVMR, OVMRUB =          30   74848.6171875  104384.1875000
 CG ITER, OVMR, OVMRUB =          31   74744.4921875  104384.1875000
 CG ITER, OVMR, OVMRUB =          32   74789.5937500  104384.1875000
 CG ITER, OVMR, OVMRUB =          33   75252.3671875  104384.1875000
 CG ITER, OVMR, OVMRUB =          34   76340.3515625  104384.1875000
 CG ITER, OVMR, OVMRUB =          35   77025.7656250  103200.3750000
 CG ITER, OVMR, OVMRUB =          36   77914.1953125  103200.3750000
 CG ITER, OVMR, OVMRUB =          37   78719.0703125  101854.6953125
 CG ITER, OVMR, OVMRUB =          38   79722.3281250  101854.6953125
 CG ITER, OVMR, OVMRUB =          39   80528.4140625  101854.6953125
 CG ITER, OVMR, OVMRUB =          40   80803.8046875   97554.3750000
 CG ITER, OVMR, OVMRUB =          41   80866.4765625   93972.6171875
 CG ITER, OVMR, OVMRUB =          42   80891.7187500   93972.6171875
 CG ITER, OVMR, OVMRUB =          43   80783.5078125   93209.6718750
 CG ITER, OVMR, OVMRUB =          44   80749.8671875   93209.6718750
 CG ITER, OVMR, OVMRUB =          45   80690.8515625   93209.6718750
 CG ITER, OVMR, OVMRUB =          46   80689.0546875   92927.8671875
 CG ITER, OVMR, OVMRUB =          47   80680.0625000   91783.9218750
 CG ITER, OVMR, OVMRUB =          48   80673.4453125   90481.0546875
 CG ITER, OVMR, OVMRUB =          49   80678.0312500   89271.5234375
 CG ITER, OVMR, OVMRUB =          50   80702.5703125   89271.5234375
 CG ITER, OVMR, OVMRUB =          51   80714.5234375   86339.5468750
 CG ITER, OVMR, OVMRUB =          52   80736.0703125   86339.5468750
 CG ITER, OVMR, OVMRUB =          53   80742.7187500   86339.5468750
 CG ITER, OVMR, OVMRUB =          54   80761.6093750   86102.1328125
 CG ITER, OVMR, OVMRUB =          55   80786.9140625   85277.6406250
 CG ITER, OVMR, OVMRUB =          56   80821.3515625   84483.8515625
 CG ITER, OVMR, OVMRUB =          57   80856.6562500   84483.8515625
 CG ITER, OVMR, OVMRUB =          58   80890.7968750   84483.8515625
 CG ITER, OVMR, OVMRUB =          59   80930.6875000   84483.8515625
 CG ITER, OVMR, OVMRUB =          60   80968.2734375   84483.8515625
 CG ITER, OVMR, OVMRUB =          61   81004.2343750   84168.3203125
 CG ITER, OVMR, OVMRUB =          62   81037.4140625   84168.3203125
 CG ITER, OVMR, OVMRUB =          63   81066.3750000   83132.7265625
 CG ITER, OVMR, OVMRUB =          64   81092.2500000   83132.7265625
 CG ITER, OVMR, OVMRUB =          65   81118.2500000   83132.7265625
 CG ITER, OVMR, OVMRUB =          66   81117.5937500   83132.7265625
 CG ITER, OVMR, OVMRUB =          67   81116.6093750   83132.7265625
 CG ITER, OVMR, OVMRUB =          68   81116.5546875   83132.7265625
 CG ITER, OVMR, OVMRUB =          69   81116.5312500   83132.7265625
 CG ITER, OVMR, OVMRUB =          70   81116.5312500   82671.4062500
OVLB =   81116.5312500 OVLUB =   82671.4062500 TIME =     211.8200073
