 CG ITER, OVMR, OVMRUB =           1  108367.1562500  108367.1406250
 CG ITER, OVMR, OVMRUB =           2  107382.9765625  107382.9609375
 CG ITER, OVMR, OVMRUB =           3  107371.4062500  107382.9609375
 CG ITER, OVMR, OVMRUB =           4  103751.3359375  107382.9609375
 CG ITER, OVMR, OVMRUB =           5   96649.8046875  107382.9609375
 CG ITER, OVMR, OVMRUB =           6  100987.1250000  107382.9609375
 CG ITER, OVMR, OVMRUB =           7  101252.5000000  107382.9609375
 CG ITER, OVMR, OVMRUB =           8  101834.5468750  107382.9609375
 CG ITER, OVMR, OVMRUB =           9  100840.9531250  107382.9609375
 CG ITER, OVMR, OVMRUB =          10  100340.8046875  107382.9609375
 CG ITER, OVMR, OVMRUB =          11   99351.3984375  107382.9609375
 CG ITER, OVMR, OVMRUB =          12   96016.6718750  107382.9609375
 CG ITER, OVMR, OVMRUB =          13   94655.2187500  107382.9609375
 CG ITER, OVMR, OVMRUB =          14   92734.5390625  107382.9609375
 CG ITER, OVMR, OVMRUB =          15   90189.3125000  107382.9609375
 CG ITER, OVMR, OVMRUB =          16   87921.6718750  107382.9609375
 CG ITER, OVMR, OVMRUB =          17   86867.8984375  107382.9609375
 CG ITER, OVMR, OVMRUB =          18   85024.6406250  107382.9609375
 CG ITER, OVMR, OVMRUB =          19   83980.1796875  107382.9609375
 CG ITER, OVMR, OVMRUB =          20   82894.6484375  107382.9609375
 CG ITER, OVMR, OVMRUB =          21   81760.5546875  107382.9609375
 CG ITER, OVMR, OVMRUB =          22   80529.9375000  107382.9609375
 CG ITER, OVMR, OVMRUB =          23   80214.0078125  107382.9609375
 CG ITER, OVMR, OVMRUB =          24   79980.2656250  107382.9609375
 CG ITER, OVMR, OVMRUB =          25   79589.2734375  107382.9609375
 CG ITER, OVMR, OVMRUB =          26   79120.3515625  107382.9609375
 CG ITER, OVMR, OVMRUB =          27   78499.9765625  107382.9609375
 CG ITER, OVMR, OVMRUB =          28   79181.9218750  107382.9609375
 CG ITER, OVMR, OVMRUB =          29   79270.5703125  107382.9609375
 CG ITER, OVMR, OVMRUB =          30   79515.7109375  107382.9609375
 CG ITER, OVMR, OVMRUB =          31   80408.6015625  107284.2421875
 CG ITER, OVMR, OVMRUB =          32   81085.1328125  105612.9921875
 CG ITER, OVMR, OVMRUB =          33   81821.8281250  105612.9921875
 CG ITER, OVMR, OVMRUB =          34   82211.5546875  100410.8203125
 CG ITER, OVMR, OVMRUB =          35   82904.3203125  100410.8203125
 CG ITER, OVMR, OVMRUB =          36   83258.5000000  100410.8203125
 CG ITER, OVMR, OVMRUB =          37   83488.7031250  100410.8203125
 CG ITER, OVMR, OVMRUB =          38   83671.3750000   99740.8593750
 CG ITER, OVMR, OVMRUB =          39   83842.6093750   99740.8593750
 CG ITER, OVMR, OVMRUB =          40   83934.9140625   99286.9921875
 CG ITER, OVMR, OVMRUB =          41   84017.4843750   99286.9921875
 CG ITER, OVMR, OVMRUB =          42   84078.8671875   97820.1171875
 CG ITER, OVMR, OVMRUB =          43   84141.2578125   97820.1171875
 CG ITER, OVMR, OVMRUB =          44   84176.0156250   96590.9531250
 CG ITER, OVMR, OVMRUB =          45   84140.5234375   92626.2109375
 CG ITER, OVMR, OVMRUB =          46   84107.2187500   92626.2109375
 CG ITER, OVMR, OVMRUB =          47   84067.6484375   92626.2109375
 CG ITER, OVMR, OVMRUB =          48   84031.3125000   92626.2109375
 CG ITER, OVMR, OVMRUB =          49   84008.4296875   92277.7656250
 CG ITER, OVMR, OVMRUB =          50   83969.1250000   90828.8906250
 CG ITER, OVMR, OVMRUB =          51   83951.6328125   90828.8906250
 CG ITER, OVMR, OVMRUB =          52   83936.5078125   90828.8906250
 CG ITER, OVMR, OVMRUB =          53   83929.7656250   88502.2265625
 CG ITER, OVMR, OVMRUB =          54   83918.4062500   88188.9609375
 CG ITER, OVMR, OVMRUB =          55   83914.2968750   88188.9609375
 CG ITER, OVMR, OVMRUB =          56   83911.2890625   86955.8046875
 CG ITER, OVMR, OVMRUB =          57   83909.9687500   86955.8046875
 CG ITER, OVMR, OVMRUB =          58   83909.2734375   86955.8046875
 CG ITER, OVMR, OVMRUB =          59   83909.3984375   86955.8046875
 CG ITER, OVMR, OVMRUB =          60   83908.0156250   85921.5468750
 CG ITER, OVMR, OVMRUB =          61   83909.0390625   85921.5468750
 CG ITER, OVMR, OVMRUB =          62   83907.9375000   85921.5468750
 CG ITER, OVMR, OVMRUB =          63   83909.3593750   85633.4765625
 CG ITER, OVMR, OVMRUB =          64   83907.3281250   85633.4765625
 CG ITER, OVMR, OVMRUB =          65   83908.6015625   85633.4765625
 CG ITER, OVMR, OVMRUB =          66   83908.4062500   85633.4765625
 CG ITER, OVMR, OVMRUB =          67   83908.4062500   85633.4765625
OVLB =   83908.4062500 OVLUB =   85633.4765625 TIME =     198.7200012
