 CG ITER, OVMR, OVMRUB =           1  175000.0156250  175000.0000000
 CG ITER, OVMR, OVMRUB =           2   64179.8671875  175000.0000000
 CG ITER, OVMR, OVMRUB =           3   43813.1796875  175000.0000000
 CG ITER, OVMR, OVMRUB =           4   38790.4414062   47974.6250000
 CG ITER, OVMR, OVMRUB =           5   36963.6367188   45794.1484375
 CG ITER, OVMR, OVMRUB =           6   37633.2421875   45794.1484375
 CG ITER, OVMR, OVMRUB =           7   38159.8125000   45794.1484375
 CG ITER, OVMR, OVMRUB =           8   38461.4023438   45794.1484375
 CG ITER, OVMR, OVMRUB =           9   39000.4453125   45794.1484375
 CG ITER, OVMR, OVMRUB =          10   39564.9414062   45794.1484375
 CG ITER, OVMR, OVMRUB =          11   39806.9804688   45794.1484375
 CG ITER, OVMR, OVMRUB =          12   39855.3085938   45794.1484375
 CG ITER, OVMR, OVMRUB =          13   39887.0625000   45794.1484375
 CG ITER, OVMR, OVMRUB =          14   39836.1562500   45794.1484375
 CG ITER, OVMR, OVMRUB =          15   39802.3515625   45794.1484375
 CG ITER, OVMR, OVMRUB =          16   39776.8671875   45794.1484375
 CG ITER, OVMR, OVMRUB =          17   39729.8671875   45794.1484375
 CG ITER, OVMR, OVMRUB =          18   39647.1640625   45794.1484375
 CG ITER, OVMR, OVMRUB =          19   39595.8476562   45794.1484375
 CG ITER, OVMR, OVMRUB =          20   39543.0625000   45794.1484375
 CG ITER, OVMR, OVMRUB =          21   39501.5429688   45398.0976562
 CG ITER, OVMR, OVMRUB =          22   39477.0781250   45398.0976562
 CG ITER, OVMR, OVMRUB =          23   39451.6289062   45398.0976562
 CG ITER, OVMR, OVMRUB =          24   39432.1328125   45398.0976562
 CG ITER, OVMR, OVMRUB =          25   39414.5664062   44969.0742188
 CG ITER, OVMR, OVMRUB =          26   39390.7500000   44969.0742188
 CG ITER, OVMR, OVMRUB =          27   39382.3164062   44809.9335938
 CG ITER, OVMR, OVMRUB =          28   39371.9921875   44809.9335938
 CG ITER, OVMR, OVMRUB =          29   39361.4960938   42731.2539062
 CG ITER, OVMR, OVMRUB =          30   39352.3867188   42731.2539062
 CG ITER, OVMR, OVMRUB =          31   39350.9140625   42731.2539062
 CG ITER, OVMR, OVMRUB =          32   39349.0312500   42731.2539062
 CG ITER, OVMR, OVMRUB =          33   39345.2695312   42731.2539062
 CG ITER, OVMR, OVMRUB =          34   39346.9062500   42483.6132812
 CG ITER, OVMR, OVMRUB =          35   39347.4960938   42483.6132812
 CG ITER, OVMR, OVMRUB =          36   39345.0781250   42483.6132812
 CG ITER, OVMR, OVMRUB =          37   39345.0781250   42483.6132812
OVLB =   39345.0781250 OVLUB =   42483.6132812 TIME =      15.4899998
