 CG ITER, OVMR, OVMRUB =           1  175000.0000000  175000.0000000
 CG ITER, OVMR, OVMRUB =           2  174999.9531250  175000.0000000
 CG ITER, OVMR, OVMRUB =           3  108618.2187500  175000.0000000
 CG ITER, OVMR, OVMRUB =           4   77506.6562500  175000.0000000
 CG ITER, OVMR, OVMRUB =           5   65656.0937500   82530.7187500
 CG ITER, OVMR, OVMRUB =           6   64178.1679688   82530.7187500
 CG ITER, OVMR, OVMRUB =           7   62698.0781250   82530.7187500
 CG ITER, OVMR, OVMRUB =           8   62863.6132812   82530.7187500
 CG ITER, OVMR, OVMRUB =           9   62341.1914062   82530.7187500
 CG ITER, OVMR, OVMRUB =          10   62735.1015625   82530.7187500
 CG ITER, OVMR, OVMRUB =          11   62923.7851562   82530.7187500
 CG ITER, OVMR, OVMRUB =          12   62896.1093750   82530.7187500
 CG ITER, OVMR, OVMRUB =          13   62918.1054688   82530.7187500
 CG ITER, OVMR, OVMRUB =          14   62899.2304688   82530.7187500
 CG ITER, OVMR, OVMRUB =          15   62539.6679688   82530.7187500
 CG ITER, OVMR, OVMRUB =          16   62280.1601562   78569.9296875
 CG ITER, OVMR, OVMRUB =          17   61993.7851562   78569.9296875
 CG ITER, OVMR, OVMRUB =          18   61659.1953125   78569.9296875
 CG ITER, OVMR, OVMRUB =          19   61510.4101562   78569.9296875
 CG ITER, OVMR, OVMRUB =          20   61401.3046875   78569.9296875
 CG ITER, OVMR, OVMRUB =          21   61291.1875000   78569.9296875
 CG ITER, OVMR, OVMRUB =          22   61194.2500000   78569.9296875
 CG ITER, OVMR, OVMRUB =          23   61108.8750000   78569.9296875
 CG ITER, OVMR, OVMRUB =          24   60987.9765625   78569.9296875
 CG ITER, OVMR, OVMRUB =          25   60936.2500000   71136.9296875
 CG ITER, OVMR, OVMRUB =          26   60876.0937500   71136.9296875
 CG ITER, OVMR, OVMRUB =          27   60800.8515625   71136.9296875
 CG ITER, OVMR, OVMRUB =          28   60784.8476562   71136.9296875
 CG ITER, OVMR, OVMRUB =          29   60769.6054688   71136.9296875
 CG ITER, OVMR, OVMRUB =          30   60747.3320312   71136.9296875
 CG ITER, OVMR, OVMRUB =          31   60735.2773438   71136.9296875
 CG ITER, OVMR, OVMRUB =          32   60727.6992188   71136.9296875
 CG ITER, OVMR, OVMRUB =          33   60724.2617188   71136.9296875
 CG ITER, OVMR, OVMRUB =          34   60713.4296875   71136.9296875
 CG ITER, OVMR, OVMRUB =          35   60715.6875000   68714.9375000
 CG ITER, OVMR, OVMRUB =          36   60715.5039062   68714.9375000
 CG ITER, OVMR, OVMRUB =          37   60719.3125000   68714.9375000
 CG ITER, OVMR, OVMRUB =          38   60707.6328125   68714.9375000
 CG ITER, OVMR, OVMRUB =          39   60709.2656250   68714.9375000
 CG ITER, OVMR, OVMRUB =          40   60704.1679688   68714.9375000
 CG ITER, OVMR, OVMRUB =          41   60704.1679688   68714.9375000
OVLB =   60704.1679688 OVLUB =   68714.9375000 TIME =      10.3999996
