 CG ITER, OVMR, OVMRUB =           1  102950.0859375  102950.0859375
 CG ITER, OVMR, OVMRUB =           2  102950.0859375  102950.0859375
 CG ITER, OVMR, OVMRUB =           3  102950.0703125  102950.0859375
 CG ITER, OVMR, OVMRUB =           4  102430.1562500  102950.0859375
 CG ITER, OVMR, OVMRUB =           5   80827.1718750  102116.7343750
 CG ITER, OVMR, OVMRUB =           6   80431.1093750  102116.7343750
 CG ITER, OVMR, OVMRUB =           7   80511.9453125  102116.7343750
 CG ITER, OVMR, OVMRUB =           8   79885.8593750  102116.7343750
 CG ITER, OVMR, OVMRUB =           9   79211.3281250  102116.7343750
 CG ITER, OVMR, OVMRUB =          10   78641.7890625  102116.7343750
 CG ITER, OVMR, OVMRUB =          11   77954.1796875  102116.7343750
 CG ITER, OVMR, OVMRUB =          12   77575.5625000  102116.7343750
 CG ITER, OVMR, OVMRUB =          13   77081.0625000  102116.7343750
 CG ITER, OVMR, OVMRUB =          14   76756.8281250  102116.7343750
 CG ITER, OVMR, OVMRUB =          15   76519.7578125  102116.7343750
 CG ITER, OVMR, OVMRUB =          16   76231.4843750  102116.7343750
 CG ITER, OVMR, OVMRUB =          17   76047.1328125  102116.7343750
 CG ITER, OVMR, OVMRUB =          18   75846.3203125   96278.8671875
 CG ITER, OVMR, OVMRUB =          19   75672.6875000   96278.8671875
 CG ITER, OVMR, OVMRUB =          20   75569.2343750   91207.5703125
 CG ITER, OVMR, OVMRUB =          21   75496.0781250   91207.5703125
 CG ITER, OVMR, OVMRUB =          22   75408.5234375   91207.5703125
 CG ITER, OVMR, OVMRUB =          23   75399.1562500   91207.5703125
 CG ITER, OVMR, OVMRUB =          24   75363.7968750   91207.5703125
 CG ITER, OVMR, OVMRUB =          25   75321.5546875   91207.5703125
 CG ITER, OVMR, OVMRUB =          26   75314.5234375   91207.5703125
 CG ITER, OVMR, OVMRUB =          27   75303.8359375   91207.5703125
 CG ITER, OVMR, OVMRUB =          28   75264.1796875   91207.5703125
 CG ITER, OVMR, OVMRUB =          29   75295.4296875   91207.5703125
 CG ITER, OVMR, OVMRUB =          30   75280.3125000   91207.5703125
 CG ITER, OVMR, OVMRUB =          31   75258.0781250   91207.5703125
 CG ITER, OVMR, OVMRUB =          32   75256.9609375   91207.5703125
 CG ITER, OVMR, OVMRUB =          33   75251.0156250   91207.5703125
 CG ITER, OVMR, OVMRUB =          34   75246.8046875   88310.8828125
 CG ITER, OVMR, OVMRUB =          35   75244.3906250   88310.8828125
 CG ITER, OVMR, OVMRUB =          36   75252.5078125   85654.4609375
 CG ITER, OVMR, OVMRUB =          37   75258.3593750   85654.4609375
 CG ITER, OVMR, OVMRUB =          38   75246.8125000   84193.7578125
 CG ITER, OVMR, OVMRUB =          39   75253.5390625   84193.7578125
 CG ITER, OVMR, OVMRUB =          40   75252.2734375   84193.7578125
 CG ITER, OVMR, OVMRUB =          41   75249.6953125   84100.2500000
 CG ITER, OVMR, OVMRUB =          42   75258.0312500   84100.2500000
 CG ITER, OVMR, OVMRUB =          43   75252.0390625   84100.2500000
 CG ITER, OVMR, OVMRUB =          44   75251.9765625   84100.2500000
 CG ITER, OVMR, OVMRUB =          45   75251.9921875   83621.4218750
 CG ITER, OVMR, OVMRUB =          46   75244.4296875   83621.4218750
 CG ITER, OVMR, OVMRUB =          47   75257.7265625   83621.4218750
 CG ITER, OVMR, OVMRUB =          48   75250.8515625   82240.5859375
 CG ITER, OVMR, OVMRUB =          49   75250.8515625   82240.5859375
OVLB =   75250.8515625 OVLUB =   82240.5859375 TIME =      10.2299995
