 CG ITER, OVMR, OVMRUB =           1  175000.0000000  175000.0000000
 CG ITER, OVMR, OVMRUB =           2  100944.5234375  100944.5156250
 CG ITER, OVMR, OVMRUB =           3   99423.4921875  100944.5156250
 CG ITER, OVMR, OVMRUB =           4   79644.8984375  100944.5156250
 CG ITER, OVMR, OVMRUB =           5   68241.6250000   90571.8671875
 CG ITER, OVMR, OVMRUB =           6   67718.0625000   90571.8671875
 CG ITER, OVMR, OVMRUB =           7   66724.4843750   88345.5390625
 CG ITER, OVMR, OVMRUB =           8   66276.8437500   88345.5390625
 CG ITER, OVMR, OVMRUB =           9   65768.5234375   88345.5390625
 CG ITER, OVMR, OVMRUB =          10   65852.7500000   87844.0859375
 CG ITER, OVMR, OVMRUB =          11   66316.8750000   87844.0859375
 CG ITER, OVMR, OVMRUB =          12   66264.0078125   87844.0859375
 CG ITER, OVMR, OVMRUB =          13   66217.2734375   87844.0859375
 CG ITER, OVMR, OVMRUB =          14   66071.4453125   87844.0859375
 CG ITER, OVMR, OVMRUB =          15   65921.6015625   86364.6250000
 CG ITER, OVMR, OVMRUB =          16   65715.6406250   86364.6250000
 CG ITER, OVMR, OVMRUB =          17   65582.7968750   84222.8750000
 CG ITER, OVMR, OVMRUB =          18   65479.0429688   84222.8750000
 CG ITER, OVMR, OVMRUB =          19   65363.6523438   84222.8750000
 CG ITER, OVMR, OVMRUB =          20   65320.7500000   84222.8750000
 CG ITER, OVMR, OVMRUB =          21   65239.3945312   84222.8750000
 CG ITER, OVMR, OVMRUB =          22   65183.4375000   84222.8750000
 CG ITER, OVMR, OVMRUB =          23   65154.2265625   84222.8750000
 CG ITER, OVMR, OVMRUB =          24   65138.3437500   84222.8750000
 CG ITER, OVMR, OVMRUB =          25   65122.0390625   84222.8750000
 CG ITER, OVMR, OVMRUB =          26   65102.8984375   84222.8750000
 CG ITER, OVMR, OVMRUB =          27   65081.7343750   84222.8750000
 CG ITER, OVMR, OVMRUB =          28   65082.0156250   84222.8750000
 CG ITER, OVMR, OVMRUB =          29   65075.5625000   77907.6718750
 CG ITER, OVMR, OVMRUB =          30   65073.8164062   77907.6718750
 CG ITER, OVMR, OVMRUB =          31   65075.9609375   77907.6718750
 CG ITER, OVMR, OVMRUB =          32   65072.5742188   77907.6718750
 CG ITER, OVMR, OVMRUB =          33   65069.8789062   77907.6718750
 CG ITER, OVMR, OVMRUB =          34   65068.6210938   77907.6718750
 CG ITER, OVMR, OVMRUB =          35   65068.6210938   77907.6718750
OVLB =   65068.6210938 OVLUB =   77907.6718750 TIME =       7.8099999
