 CG ITER, OVMR, OVMRUB =           1  100188.3984375  100188.3984375
 CG ITER, OVMR, OVMRUB =           2  100188.4062500  100188.3984375
 CG ITER, OVMR, OVMRUB =           3   92587.9375000  100188.3984375
 CG ITER, OVMR, OVMRUB =           4   93091.7343750  100188.3984375
 CG ITER, OVMR, OVMRUB =           5   93024.5859375  100188.3984375
 CG ITER, OVMR, OVMRUB =           6   97360.2500000  100188.3984375
 CG ITER, OVMR, OVMRUB =           7   98653.6953125  100188.3984375
 CG ITER, OVMR, OVMRUB =           8   97439.7500000  100188.3984375
 CG ITER, OVMR, OVMRUB =           9   94396.5000000  100188.3984375
 CG ITER, OVMR, OVMRUB =          10   91680.0078125  100188.3984375
 CG ITER, OVMR, OVMRUB =          11   90344.8671875  100188.3984375
 CG ITER, OVMR, OVMRUB =          12   85415.6796875  100188.3984375
 CG ITER, OVMR, OVMRUB =          13   85300.9921875  100188.3984375
 CG ITER, OVMR, OVMRUB =          14   83684.4687500  100188.3984375
 CG ITER, OVMR, OVMRUB =          15   82422.1171875  100188.3984375
 CG ITER, OVMR, OVMRUB =          16   81615.8437500  100188.3984375
 CG ITER, OVMR, OVMRUB =          17   80797.6171875  100188.3984375
 CG ITER, OVMR, OVMRUB =          18   80204.2187500  100188.3984375
 CG ITER, OVMR, OVMRUB =          19   79369.3359375  100188.3984375
 CG ITER, OVMR, OVMRUB =          20   78910.2500000  100188.3984375
 CG ITER, OVMR, OVMRUB =          21   78402.7734375  100188.3984375
 CG ITER, OVMR, OVMRUB =          22   77756.3125000  100188.3984375
 CG ITER, OVMR, OVMRUB =          23   77398.3437500  100188.3984375
 CG ITER, OVMR, OVMRUB =          24   77175.9843750  100188.3984375
 CG ITER, OVMR, OVMRUB =          25   77181.8437500  100188.3984375
 CG ITER, OVMR, OVMRUB =          26   77376.5390625  100188.3984375
 CG ITER, OVMR, OVMRUB =          27   77914.2031250  100188.3984375
 CG ITER, OVMR, OVMRUB =          28   78529.8828125  100188.3984375
 CG ITER, OVMR, OVMRUB =          29   78973.4453125  100188.3984375
 CG ITER, OVMR, OVMRUB =          30   79683.3984375  100188.3984375
 CG ITER, OVMR, OVMRUB =          31   80443.3984375   98927.0937500
 CG ITER, OVMR, OVMRUB =          32   81124.9843750   98927.0937500
 CG ITER, OVMR, OVMRUB =          33   81404.4375000   98927.0937500
 CG ITER, OVMR, OVMRUB =          34   81552.6484375   98511.9375000
 CG ITER, OVMR, OVMRUB =          35   81438.7421875   97817.7890625
 CG ITER, OVMR, OVMRUB =          36   81327.7109375   96847.4765625
 CG ITER, OVMR, OVMRUB =          37   81215.3125000   96847.4765625
 CG ITER, OVMR, OVMRUB =          38   81044.5468750   93137.1406250
 CG ITER, OVMR, OVMRUB =          39   80917.4218750   93137.1406250
 CG ITER, OVMR, OVMRUB =          40   80834.2656250   92826.0078125
 CG ITER, OVMR, OVMRUB =          41   80739.8203125   90901.3203125
 CG ITER, OVMR, OVMRUB =          42   80690.2343750   88429.5859375
 CG ITER, OVMR, OVMRUB =          43   80648.9843750   88429.5859375
 CG ITER, OVMR, OVMRUB =          44   80611.4062500   85935.0312500
 CG ITER, OVMR, OVMRUB =          45   80603.9062500   85739.5390625
 CG ITER, OVMR, OVMRUB =          46   80591.6171875   84336.8281250
 CG ITER, OVMR, OVMRUB =          47   80586.2968750   83084.9296875
 CG ITER, OVMR, OVMRUB =          48   80575.3046875   83084.9296875
 CG ITER, OVMR, OVMRUB =          49   80573.3984375   83084.9296875
 CG ITER, OVMR, OVMRUB =          50   80573.3359375   82892.3046875
 CG ITER, OVMR, OVMRUB =          51   80572.5781250   82892.3046875
 CG ITER, OVMR, OVMRUB =          52   80572.8906250   82227.2421875
 CG ITER, OVMR, OVMRUB =          53   80572.4453125   82227.2421875
 CG ITER, OVMR, OVMRUB =          54   80572.2031250   82227.2421875
 CG ITER, OVMR, OVMRUB =          55   80572.0078125   82227.2421875
 CG ITER, OVMR, OVMRUB =          56   80571.9921875   82227.2421875
 CG ITER, OVMR, OVMRUB =          57   80572.1171875   82227.2421875
 CG ITER, OVMR, OVMRUB =          58   80571.8359375   82227.2421875
 CG ITER, OVMR, OVMRUB =          59   80571.7890625   81608.3203125
 CG ITER, OVMR, OVMRUB =          60   80571.7890625   81608.3203125
OVLB =   80571.7890625 OVLUB =   81608.3203125 TIME =      65.0199966
