 CG ITER, OVMR, OVMRUB =           1  101584.6796875  101584.6718750
 CG ITER, OVMR, OVMRUB =           2  100591.6328125  100591.6250000
 CG ITER, OVMR, OVMRUB =           3  100591.6250000  100591.6250000
 CG ITER, OVMR, OVMRUB =           4   91306.4062500  100591.6250000
 CG ITER, OVMR, OVMRUB =           5   91988.7265625  100591.6250000
 CG ITER, OVMR, OVMRUB =           6   98215.8593750  100591.6250000
 CG ITER, OVMR, OVMRUB =           7  100147.8359375  100591.6250000
 CG ITER, OVMR, OVMRUB =           8   97871.0468750  100591.6250000
 CG ITER, OVMR, OVMRUB =           9   97003.5781250  100591.6250000
 CG ITER, OVMR, OVMRUB =          10   94907.7187500  100591.6250000
 CG ITER, OVMR, OVMRUB =          11   92933.3437500  100591.6250000
 CG ITER, OVMR, OVMRUB =          12   91761.7421875  100591.6250000
 CG ITER, OVMR, OVMRUB =          13   87007.7656250  100591.6250000
 CG ITER, OVMR, OVMRUB =          14   85403.1328125  100591.6250000
 CG ITER, OVMR, OVMRUB =          15   82718.5468750  100591.6250000
 CG ITER, OVMR, OVMRUB =          16   82306.4765625  100591.6250000
 CG ITER, OVMR, OVMRUB =          17   80766.8750000  100591.6250000
 CG ITER, OVMR, OVMRUB =          18   79232.8750000  100591.6250000
 CG ITER, OVMR, OVMRUB =          19   77705.6171875  100591.6250000
 CG ITER, OVMR, OVMRUB =          20   76548.0546875  100591.6250000
 CG ITER, OVMR, OVMRUB =          21   75152.8906250  100591.6250000
 CG ITER, OVMR, OVMRUB =          22   74302.1015625  100591.6250000
 CG ITER, OVMR, OVMRUB =          23   73925.7031250  100591.6250000
 CG ITER, OVMR, OVMRUB =          24   73225.0703125  100591.6250000
 CG ITER, OVMR, OVMRUB =          25   72450.7734375  100591.6250000
 CG ITER, OVMR, OVMRUB =          26   72271.6406250  100591.6250000
 CG ITER, OVMR, OVMRUB =          27   72293.0234375  100591.6250000
 CG ITER, OVMR, OVMRUB =          28   71561.3671875  100591.6250000
 CG ITER, OVMR, OVMRUB =          29   72019.2890625  100591.6250000
 CG ITER, OVMR, OVMRUB =          30   72556.8515625   99321.2031250
 CG ITER, OVMR, OVMRUB =          31   72739.6328125   98789.0078125
 CG ITER, OVMR, OVMRUB =          32   73054.6640625   98789.0078125
 CG ITER, OVMR, OVMRUB =          33   73475.8359375   98789.0078125
 CG ITER, OVMR, OVMRUB =          34   74225.8906250   97919.7109375
 CG ITER, OVMR, OVMRUB =          35   75303.5703125   97567.6875000
 CG ITER, OVMR, OVMRUB =          36   75929.3750000   94831.4765625
 CG ITER, OVMR, OVMRUB =          37   76726.2265625   94831.4765625
 CG ITER, OVMR, OVMRUB =          38   77177.5000000   94831.4765625
 CG ITER, OVMR, OVMRUB =          39   77361.4140625   92744.2343750
 CG ITER, OVMR, OVMRUB =          40   77521.7109375   91014.2031250
 CG ITER, OVMR, OVMRUB =          41   77457.6718750   88503.1562500
 CG ITER, OVMR, OVMRUB =          42   77478.5312500   88503.1562500
 CG ITER, OVMR, OVMRUB =          43   77438.3750000   88503.1562500
 CG ITER, OVMR, OVMRUB =          44   77397.3515625   88503.1562500
 CG ITER, OVMR, OVMRUB =          45   77362.5156250   88503.1562500
 CG ITER, OVMR, OVMRUB =          46   77363.0234375   87879.1171875
 CG ITER, OVMR, OVMRUB =          47   77354.0937500   87879.1171875
 CG ITER, OVMR, OVMRUB =          48   77339.0000000   85267.8437500
 CG ITER, OVMR, OVMRUB =          49   77355.2812500   83958.6953125
 CG ITER, OVMR, OVMRUB =          50   77339.7109375   82791.4765625
 CG ITER, OVMR, OVMRUB =          51   77315.5937500   82791.4765625
 CG ITER, OVMR, OVMRUB =          52   77301.1328125   81679.8671875
 CG ITER, OVMR, OVMRUB =          53   77301.1953125   81679.8671875
 CG ITER, OVMR, OVMRUB =          54   77300.7968750   80926.5937500
 CG ITER, OVMR, OVMRUB =          55   77296.6328125   80742.7421875
 CG ITER, OVMR, OVMRUB =          56   77297.0859375   80742.7421875
 CG ITER, OVMR, OVMRUB =          57   77296.9062500   80742.7421875
 CG ITER, OVMR, OVMRUB =          58   77297.3984375   80742.7421875
 CG ITER, OVMR, OVMRUB =          59   77297.1718750   79753.9218750
 CG ITER, OVMR, OVMRUB =          60   77297.4296875   79753.9218750
 CG ITER, OVMR, OVMRUB =          61   77297.4140625   79753.9218750
 CG ITER, OVMR, OVMRUB =          62   77297.3984375   79753.9218750
 CG ITER, OVMR, OVMRUB =          63   77297.5078125   79753.9218750
 CG ITER, OVMR, OVMRUB =          64   77297.2343750   79753.9218750
 CG ITER, OVMR, OVMRUB =          65   77296.6562500   79753.9218750
 CG ITER, OVMR, OVMRUB =          66   77296.9921875   79753.9218750
 CG ITER, OVMR, OVMRUB =          67   77297.0468750   79753.9218750
 CG ITER, OVMR, OVMRUB =          68   77296.5937500   79753.9218750
 CG ITER, OVMR, OVMRUB =          69   77296.8359375   79753.9218750
 CG ITER, OVMR, OVMRUB =          70   77297.1328125   79753.9218750
 CG ITER, OVMR, OVMRUB =          71   77297.1953125   79753.9218750
 CG ITER, OVMR, OVMRUB =          72   77297.0859375   79753.9218750
 CG ITER, OVMR, OVMRUB =          73   77297.2031250   79753.9218750
 CG ITER, OVMR, OVMRUB =          74   77296.9765625   79753.9218750
 CG ITER, OVMR, OVMRUB =          75   77296.8046875   79753.9218750
 CG ITER, OVMR, OVMRUB =          76   77297.3125000   79753.9218750
 CG ITER, OVMR, OVMRUB =          77   77297.3125000   79208.2187500
OVLB =   77297.3125000 OVLUB =   79208.2187500 TIME =     108.9499969
