 CG ITER, OVMR, OVMRUB =           1  104678.2890625  104678.2500000
 CG ITER, OVMR, OVMRUB =           2  103302.5546875  103302.5468750
 CG ITER, OVMR, OVMRUB =           3  103302.5390625  103302.5468750
 CG ITER, OVMR, OVMRUB =           4  103302.5468750  103302.5468750
 CG ITER, OVMR, OVMRUB =           5   99926.3593750  103302.5468750
 CG ITER, OVMR, OVMRUB =           6  103024.0937500  103302.5468750
 CG ITER, OVMR, OVMRUB =           7  103302.5390625  103302.5468750
 CG ITER, OVMR, OVMRUB =           8  103302.5156250  103302.5468750
 CG ITER, OVMR, OVMRUB =           9  103302.5234375  103302.5468750
 CG ITER, OVMR, OVMRUB =          10  102679.9843750  103302.5468750
 CG ITER, OVMR, OVMRUB =          11  102110.8125000  103302.5468750
 CG ITER, OVMR, OVMRUB =          12   98485.8906250  103302.5468750
 CG ITER, OVMR, OVMRUB =          13   95327.2812500  103302.5468750
 CG ITER, OVMR, OVMRUB =          14   92295.7968750  103302.5468750
 CG ITER, OVMR, OVMRUB =          15   90723.0000000  103302.5468750
 CG ITER, OVMR, OVMRUB =          16   89261.7734375  103302.5468750
 CG ITER, OVMR, OVMRUB =          17   87207.8515625  103302.5468750
 CG ITER, OVMR, OVMRUB =          18   84880.2265625  103302.5468750
 CG ITER, OVMR, OVMRUB =          19   84514.2421875  103302.5468750
 CG ITER, OVMR, OVMRUB =          20   83306.9531250  103302.5468750
 CG ITER, OVMR, OVMRUB =          21   81849.1250000  103302.5468750
 CG ITER, OVMR, OVMRUB =          22   79922.1953125  103302.5468750
 CG ITER, OVMR, OVMRUB =          23   78754.1328125  103302.5468750
 CG ITER, OVMR, OVMRUB =          24   77578.7265625  103302.5468750
 CG ITER, OVMR, OVMRUB =          25   76391.0703125  103302.5468750
 CG ITER, OVMR, OVMRUB =          26   75663.6484375  103302.5468750
 CG ITER, OVMR, OVMRUB =          27   75187.4609375  103302.5468750
 CG ITER, OVMR, OVMRUB =          28   75138.0703125  103302.5468750
 CG ITER, OVMR, OVMRUB =          29   75254.0390625  103302.5468750
 CG ITER, OVMR, OVMRUB =          30   74815.7734375  103302.5468750
 CG ITER, OVMR, OVMRUB =          31   75182.2968750  103302.5468750
 CG ITER, OVMR, OVMRUB =          32   75752.0625000  103302.5468750
 CG ITER, OVMR, OVMRUB =          33   76808.4921875  103302.5468750
 CG ITER, OVMR, OVMRUB =          34   77620.4531250  103302.5468750
 CG ITER, OVMR, OVMRUB =          35   78078.5234375  102732.9218750
 CG ITER, OVMR, OVMRUB =          36   78502.3984375  102732.9218750
 CG ITER, OVMR, OVMRUB =          37   79042.4843750  102732.9218750
 CG ITER, OVMR, OVMRUB =          38   79922.5703125  100906.7031250
 CG ITER, OVMR, OVMRUB =          39   80251.6093750   97316.7812500
 CG ITER, OVMR, OVMRUB =          40   80386.9921875   97316.7812500
 CG ITER, OVMR, OVMRUB =          41   80439.9375000   94189.1796875
 CG ITER, OVMR, OVMRUB =          42   80485.4843750   93023.7421875
 CG ITER, OVMR, OVMRUB =          43   80567.6640625   93023.7421875
 CG ITER, OVMR, OVMRUB =          44   80586.7656250   93023.7421875
 CG ITER, OVMR, OVMRUB =          45   80603.9765625   91343.2656250
 CG ITER, OVMR, OVMRUB =          46   80659.8125000   91343.2656250
 CG ITER, OVMR, OVMRUB =          47   80729.5703125   91343.2656250
 CG ITER, OVMR, OVMRUB =          48   80817.8281250   91343.2656250
 CG ITER, OVMR, OVMRUB =          49   80892.5078125   91343.2656250
 CG ITER, OVMR, OVMRUB =          50   80985.4687500   90591.2890625
 CG ITER, OVMR, OVMRUB =          51   81069.4609375   89853.1718750
 CG ITER, OVMR, OVMRUB =          52   81094.0546875   87785.0546875
 CG ITER, OVMR, OVMRUB =          53   81108.4296875   87785.0546875
 CG ITER, OVMR, OVMRUB =          54   81142.7578125   87785.0546875
 CG ITER, OVMR, OVMRUB =          55   81166.0625000   86507.2500000
 CG ITER, OVMR, OVMRUB =          56   81194.4531250   85909.4609375
 CG ITER, OVMR, OVMRUB =          57   81228.5078125   85909.4609375
 CG ITER, OVMR, OVMRUB =          58   81225.7421875   85909.4609375
 CG ITER, OVMR, OVMRUB =          59   81213.0390625   85909.4609375
 CG ITER, OVMR, OVMRUB =          60   81200.2734375   85909.4609375
 CG ITER, OVMR, OVMRUB =          61   81200.1093750   84835.6640625
 CG ITER, OVMR, OVMRUB =          62   81199.9687500   84835.6640625
 CG ITER, OVMR, OVMRUB =          63   81199.9453125   84835.6640625
 CG ITER, OVMR, OVMRUB =          64   81200.0156250   84835.6640625
 CG ITER, OVMR, OVMRUB =          65   81200.0000000   84835.6640625
 CG ITER, OVMR, OVMRUB =          66   81199.8828125   84835.6640625
 CG ITER, OVMR, OVMRUB =          67   81198.7812500   84835.6640625
 CG ITER, OVMR, OVMRUB =          68   81199.9687500   84747.0703125
 CG ITER, OVMR, OVMRUB =          69   81199.7421875   84747.0703125
 CG ITER, OVMR, OVMRUB =          70   81200.0156250   84194.4296875
 CG ITER, OVMR, OVMRUB =          71   81199.8203125   83757.4453125
 CG ITER, OVMR, OVMRUB =          72   81199.8203125   83757.4453125
OVLB =   81199.8203125 OVLUB =   83757.4453125 TIME =      92.1200027
