 CG ITER, OVMR, OVMRUB =           1  103038.2890625  103038.2890625
 CG ITER, OVMR, OVMRUB =           2  101338.1953125  101338.1875000
 CG ITER, OVMR, OVMRUB =           3  100693.0234375  100693.0234375
 CG ITER, OVMR, OVMRUB =           4  100693.0390625  100693.0234375
 CG ITER, OVMR, OVMRUB =           5   86387.7734375  100693.0234375
 CG ITER, OVMR, OVMRUB =           6   89773.6093750  100693.0234375
 CG ITER, OVMR, OVMRUB =           7   84140.9453125  100693.0234375
 CG ITER, OVMR, OVMRUB =           8   83368.7968750  100693.0234375
 CG ITER, OVMR, OVMRUB =           9   83075.3359375  100693.0234375
 CG ITER, OVMR, OVMRUB =          10   82890.2187500  100693.0234375
 CG ITER, OVMR, OVMRUB =          11   82915.5625000  100693.0234375
 CG ITER, OVMR, OVMRUB =          12   82543.6484375  100693.0234375
 CG ITER, OVMR, OVMRUB =          13   82243.4687500  100693.0234375
 CG ITER, OVMR, OVMRUB =          14   82015.1406250  100693.0234375
 CG ITER, OVMR, OVMRUB =          15   81827.8515625  100693.0234375
 CG ITER, OVMR, OVMRUB =          16   81755.3437500   96615.0468750
 CG ITER, OVMR, OVMRUB =          17   81635.2890625   94627.2500000
 CG ITER, OVMR, OVMRUB =          18   81542.3437500   93822.2187500
 CG ITER, OVMR, OVMRUB =          19   81514.2578125   93822.2187500
 CG ITER, OVMR, OVMRUB =          20   81470.0859375   93822.2187500
 CG ITER, OVMR, OVMRUB =          21   81419.2265625   93822.2187500
 CG ITER, OVMR, OVMRUB =          22   81398.1875000   93822.2187500
 CG ITER, OVMR, OVMRUB =          23   81374.8671875   91963.1250000
 CG ITER, OVMR, OVMRUB =          24   81357.4921875   91963.1250000
 CG ITER, OVMR, OVMRUB =          25   81334.2109375   91963.1250000
 CG ITER, OVMR, OVMRUB =          26   81308.6406250   91963.1250000
 CG ITER, OVMR, OVMRUB =          27   81265.9140625   91963.1250000
 CG ITER, OVMR, OVMRUB =          28   81255.3828125   91686.3906250
 CG ITER, OVMR, OVMRUB =          29   81261.6250000   91686.3906250
 CG ITER, OVMR, OVMRUB =          30   81242.7812500   91686.3906250
 CG ITER, OVMR, OVMRUB =          31   81257.5703125   91686.3906250
 CG ITER, OVMR, OVMRUB =          32   81251.5390625   91686.3906250
 CG ITER, OVMR, OVMRUB =          33   81183.4609375   91686.3906250
 CG ITER, OVMR, OVMRUB =          34   81160.8593750   91686.3906250
 CG ITER, OVMR, OVMRUB =          35   81153.6093750   91686.3906250
 CG ITER, OVMR, OVMRUB =          36   81148.4687500   91686.3906250
 CG ITER, OVMR, OVMRUB =          37   81141.6640625   91686.3906250
 CG ITER, OVMR, OVMRUB =          38   81142.0000000   91686.3906250
 CG ITER, OVMR, OVMRUB =          39   81138.2343750   91686.3906250
 CG ITER, OVMR, OVMRUB =          40   81136.4453125   91686.3906250
 CG ITER, OVMR, OVMRUB =          41   81138.4765625   91686.3906250
 CG ITER, OVMR, OVMRUB =          42   81138.9140625   91686.3906250
 CG ITER, OVMR, OVMRUB =          43   81141.0859375   91686.3906250
 CG ITER, OVMR, OVMRUB =          44   81142.2109375   90231.1718750
 CG ITER, OVMR, OVMRUB =          45   81141.6796875   90231.1718750
 CG ITER, OVMR, OVMRUB =          46   81135.7109375   90231.1718750
 CG ITER, OVMR, OVMRUB =          47   81135.7109375   90231.1718750
OVLB =   81135.7109375 OVLUB =   90231.1718750 TIME =      18.8299999
