 CG ITER, OVMR, OVMRUB =           1  175000.0312500  175000.0000000
 CG ITER, OVMR, OVMRUB =           2   64425.5273438  175000.0000000
 CG ITER, OVMR, OVMRUB =           3   30010.9062500   33421.9023438
 CG ITER, OVMR, OVMRUB =           4   20639.9238281   33421.9023438
 CG ITER, OVMR, OVMRUB =           5   25270.3007812   33195.3789062
 CG ITER, OVMR, OVMRUB =           6   26241.3593750   33195.3789062
 CG ITER, OVMR, OVMRUB =           7   27146.8085938   33195.3789062
 CG ITER, OVMR, OVMRUB =           8   28020.4277344   33195.3789062
 CG ITER, OVMR, OVMRUB =           9   28293.6972656   33195.3789062
 CG ITER, OVMR, OVMRUB =          10   28519.3339844   33195.3789062
 CG ITER, OVMR, OVMRUB =          11   28905.3203125   33195.3789062
 CG ITER, OVMR, OVMRUB =          12   29017.1328125   33195.3789062
 CG ITER, OVMR, OVMRUB =          13   29141.2421875   33195.3789062
 CG ITER, OVMR, OVMRUB =          14   29273.7597656   33195.3789062
 CG ITER, OVMR, OVMRUB =          15   29356.0097656   33195.3789062
 CG ITER, OVMR, OVMRUB =          16   29547.4941406   33195.3789062
 CG ITER, OVMR, OVMRUB =          17   29644.1328125   33195.3789062
 CG ITER, OVMR, OVMRUB =          18   29774.8222656   33195.3789062
 CG ITER, OVMR, OVMRUB =          19   29863.7343750   33195.3789062
 CG ITER, OVMR, OVMRUB =          20   30009.3613281   33195.3789062
 CG ITER, OVMR, OVMRUB =          21   30103.7441406   33195.3789062
 CG ITER, OVMR, OVMRUB =          22   30209.3144531   33195.3789062
 CG ITER, OVMR, OVMRUB =          23   30275.4335938   33195.3789062
 CG ITER, OVMR, OVMRUB =          24   30262.3125000   33195.3789062
 CG ITER, OVMR, OVMRUB =          25   30234.6894531   32391.8984375
 CG ITER, OVMR, OVMRUB =          26   30221.4335938   32391.8984375
 CG ITER, OVMR, OVMRUB =          27   30210.2324219   32391.8984375
 CG ITER, OVMR, OVMRUB =          28   30205.3945312   32391.8984375
 CG ITER, OVMR, OVMRUB =          29   30199.8671875   32391.8984375
 CG ITER, OVMR, OVMRUB =          30   30194.2246094   32391.8984375
 CG ITER, OVMR, OVMRUB =          31   30192.1992188   32391.8984375
 CG ITER, OVMR, OVMRUB =          32   30190.3261719   32391.8984375
 CG ITER, OVMR, OVMRUB =          33   30188.0703125   31536.5878906
 CG ITER, OVMR, OVMRUB =          34   30188.0644531   31536.5878906
 CG ITER, OVMR, OVMRUB =          35   30187.3808594   31536.5878906
 CG ITER, OVMR, OVMRUB =          36   30187.8515625   31536.5878906
 CG ITER, OVMR, OVMRUB =          37   30187.4843750   31536.5878906
 CG ITER, OVMR, OVMRUB =          38   30187.6699219   31536.5878906
 CG ITER, OVMR, OVMRUB =          39   30187.4414062   31536.5878906
 CG ITER, OVMR, OVMRUB =          40   30187.7070312   31536.5878906
 CG ITER, OVMR, OVMRUB =          41   30187.6835938   31451.2773438
 CG ITER, OVMR, OVMRUB =          42   30187.7519531   31451.2773438
 CG ITER, OVMR, OVMRUB =          43   30187.2109375   31451.2773438
 CG ITER, OVMR, OVMRUB =          44   30187.2109375   31451.2773438
OVLB =   30187.2109375 OVLUB =   31451.2773438 TIME =      22.9799995
