 CG ITER, OVMR, OVMRUB =           1  128501.9218750  128501.9218750
 CG ITER, OVMR, OVMRUB =           2  126417.2656250  126417.2656250
 CG ITER, OVMR, OVMRUB =           3  126417.2578125  126417.2656250
 CG ITER, OVMR, OVMRUB =           4  122993.5312500  126417.2656250
 CG ITER, OVMR, OVMRUB =           5  107985.1171875  121050.6171875
 CG ITER, OVMR, OVMRUB =           6  106287.7734375  121050.6171875
 CG ITER, OVMR, OVMRUB =           7  105221.2578125  121050.6171875
 CG ITER, OVMR, OVMRUB =           8  104552.4062500  121050.6171875
 CG ITER, OVMR, OVMRUB =           9  104123.4140625  121050.6171875
 CG ITER, OVMR, OVMRUB =          10  103648.5546875  121050.6171875
 CG ITER, OVMR, OVMRUB =          11  103018.9843750  121050.6171875
 CG ITER, OVMR, OVMRUB =          12  102557.4140625  121050.6171875
 CG ITER, OVMR, OVMRUB =          13  102146.0937500  121050.6171875
 CG ITER, OVMR, OVMRUB =          14  101708.8437500  121050.6171875
 CG ITER, OVMR, OVMRUB =          15  101365.7031250  121050.6171875
 CG ITER, OVMR, OVMRUB =          16  100981.8750000  121050.6171875
 CG ITER, OVMR, OVMRUB =          17  100673.0312500  121050.6171875
 CG ITER, OVMR, OVMRUB =          18  100417.2265625  121050.6171875
 CG ITER, OVMR, OVMRUB =          19  100133.9609375  121050.6171875
 CG ITER, OVMR, OVMRUB =          20   99841.5000000  121050.6171875
 CG ITER, OVMR, OVMRUB =          21   99577.6015625  121050.6171875
 CG ITER, OVMR, OVMRUB =          22   99446.2656250  121050.6171875
 CG ITER, OVMR, OVMRUB =          23   99269.6562500  121050.6171875
 CG ITER, OVMR, OVMRUB =          24   99079.6171875  121050.6171875
 CG ITER, OVMR, OVMRUB =          25   98931.4375000  121050.6171875
 CG ITER, OVMR, OVMRUB =          26   98854.2343750  121050.6171875
 CG ITER, OVMR, OVMRUB =          27   98652.2187500  121050.6171875
 CG ITER, OVMR, OVMRUB =          28   98559.9375000  121050.6171875
 CG ITER, OVMR, OVMRUB =          29   98427.8046875  121050.6171875
 CG ITER, OVMR, OVMRUB =          30   98295.0312500  121050.6171875
 CG ITER, OVMR, OVMRUB =          31   98100.3671875  121050.6171875
 CG ITER, OVMR, OVMRUB =          32   98037.1484375  121050.6171875
 CG ITER, OVMR, OVMRUB =          33   97964.4687500  121050.6171875
 CG ITER, OVMR, OVMRUB =          34   97888.6406250  121050.6171875
 CG ITER, OVMR, OVMRUB =          35   97745.7421875  121050.6171875
 CG ITER, OVMR, OVMRUB =          36   97689.2500000  121050.6171875
 CG ITER, OVMR, OVMRUB =          37   97545.5703125  121050.6171875
 CG ITER, OVMR, OVMRUB =          38   97517.9531250  121050.6171875
 CG ITER, OVMR, OVMRUB =          39   97478.7265625  121050.6171875
 CG ITER, OVMR, OVMRUB =          40   97441.9765625  121050.6171875
 CG ITER, OVMR, OVMRUB =          41   97359.6718750  121011.1562500
 CG ITER, OVMR, OVMRUB =          42   97298.9375000  121011.1562500
 CG ITER, OVMR, OVMRUB =          43   97225.0390625  121011.1562500
 CG ITER, OVMR, OVMRUB =          44   97177.3437500  120421.6718750
 CG ITER, OVMR, OVMRUB =          45   97110.6875000  120421.6718750
 CG ITER, OVMR, OVMRUB =          46   97092.6875000  120421.6718750
 CG ITER, OVMR, OVMRUB =          47   97038.0234375  117364.1484375
 CG ITER, OVMR, OVMRUB =          48   96976.2890625  117364.1484375
 CG ITER, OVMR, OVMRUB =          49   96952.6875000  117364.1484375
 CG ITER, OVMR, OVMRUB =          50   96916.9765625  117364.1484375
 CG ITER, OVMR, OVMRUB =          51   96896.6015625  117364.1484375
 CG ITER, OVMR, OVMRUB =          52   96866.6171875  117364.1484375
 CG ITER, OVMR, OVMRUB =          53   96860.2265625  117364.1484375
 CG ITER, OVMR, OVMRUB =          54   96828.4531250  117364.1484375
 CG ITER, OVMR, OVMRUB =          55   96810.2109375  117364.1484375
 CG ITER, OVMR, OVMRUB =          56   96758.7500000  117364.1484375
 CG ITER, OVMR, OVMRUB =          57   96718.8828125  117364.1484375
 CG ITER, OVMR, OVMRUB =          58   96698.0078125  116061.4140625
 CG ITER, OVMR, OVMRUB =          59   96670.9765625  116061.4140625
 CG ITER, OVMR, OVMRUB =          60   96654.6171875  116061.4140625
 CG ITER, OVMR, OVMRUB =          61   96635.1718750  116061.4140625
 CG ITER, OVMR, OVMRUB =          62   96606.8750000  116061.4140625
 CG ITER, OVMR, OVMRUB =          63   96570.8593750  116061.4140625
 CG ITER, OVMR, OVMRUB =          64   96561.4296875  116061.4140625
 CG ITER, OVMR, OVMRUB =          65   96532.5390625  116061.4140625
 CG ITER, OVMR, OVMRUB =          66   96513.4062500  116061.4140625
 CG ITER, OVMR, OVMRUB =          67   96501.1640625  113870.0078125
 CG ITER, OVMR, OVMRUB =          68   96487.8593750  113870.0078125
 CG ITER, OVMR, OVMRUB =          69   96482.2031250  113870.0078125
 CG ITER, OVMR, OVMRUB =          70   96471.5781250  113870.0078125
 CG ITER, OVMR, OVMRUB =          71   96466.7421875  113870.0078125
 CG ITER, OVMR, OVMRUB =          72   96441.5703125  113870.0078125
 CG ITER, OVMR, OVMRUB =          73   96427.6015625  113870.0078125
 CG ITER, OVMR, OVMRUB =          74   96426.3906250  113870.0078125
 CG ITER, OVMR, OVMRUB =          75   96406.9140625  113870.0078125
 CG ITER, OVMR, OVMRUB =          76   96406.2656250  111978.7500000
 CG ITER, OVMR, OVMRUB =          77   96391.5859375  111978.7500000
 CG ITER, OVMR, OVMRUB =          78   96394.2656250  111978.7500000
 CG ITER, OVMR, OVMRUB =          79   96384.3828125  111978.7500000
 CG ITER, OVMR, OVMRUB =          80   96385.5312500  111978.7500000
 CG ITER, OVMR, OVMRUB =          81   96386.5703125  111978.7500000
 CG ITER, OVMR, OVMRUB =          82   96386.7265625  111978.7500000
 CG ITER, OVMR, OVMRUB =          83   96386.6484375  111978.7500000
 CG ITER, OVMR, OVMRUB =          84   96381.1718750  111978.7500000
 CG ITER, OVMR, OVMRUB =          85   96386.1171875  111978.7500000
 CG ITER, OVMR, OVMRUB =          86   96378.7343750  111978.7500000
 CG ITER, OVMR, OVMRUB =          87   96378.1875000  111978.7500000
 CG ITER, OVMR, OVMRUB =          88   96381.9609375  111978.7500000
 CG ITER, OVMR, OVMRUB =          89   96381.2656250  111978.7500000
 CG ITER, OVMR, OVMRUB =          90   96379.5078125  111978.7500000
 CG ITER, OVMR, OVMRUB =          91   96379.7343750  111978.7500000
 CG ITER, OVMR, OVMRUB =          92   96381.7343750  111978.7500000
 CG ITER, OVMR, OVMRUB =          93   96381.0156250  111978.7500000
 CG ITER, OVMR, OVMRUB =          94   96378.0859375  111978.7500000
 CG ITER, OVMR, OVMRUB =          95   96378.1953125  111978.7500000
 CG ITER, OVMR, OVMRUB =          96   96374.2343750  111978.7500000
 CG ITER, OVMR, OVMRUB =          97   96373.2578125  111978.7500000
 CG ITER, OVMR, OVMRUB =          98   96369.7578125  111978.7500000
 CG ITER, OVMR, OVMRUB =          99   96363.6171875  111978.7500000
 CG ITER, OVMR, OVMRUB =         100   96371.6015625  111978.7500000
 CG ITER, OVMR, OVMRUB =         101   96371.2031250  111978.7500000
 CG ITER, OVMR, OVMRUB =         102   96369.4453125  111978.7500000
 CG ITER, OVMR, OVMRUB =         103   96370.8671875  109164.9609375
 CG ITER, OVMR, OVMRUB =         104   96365.2500000  109164.9609375
 CG ITER, OVMR, OVMRUB =         105   96372.1875000  109164.9609375
 CG ITER, OVMR, OVMRUB =         106   96373.9531250  109164.9609375
 CG ITER, OVMR, OVMRUB =         107   96371.7500000  109164.9609375
 CG ITER, OVMR, OVMRUB =         108   96367.5703125  109164.9609375
 CG ITER, OVMR, OVMRUB =         109   96363.8203125  109164.9609375
 CG ITER, OVMR, OVMRUB =         110   96363.8359375  109164.9609375
 CG ITER, OVMR, OVMRUB =         111   96364.5859375  109164.9609375
 CG ITER, OVMR, OVMRUB =         112   96371.4531250  109164.9609375
 CG ITER, OVMR, OVMRUB =         113   96364.5781250  109164.9609375
 CG ITER, OVMR, OVMRUB =         114   96368.9062500  109164.9609375
 CG ITER, OVMR, OVMRUB =         115   96368.3750000  108670.1562500
 CG ITER, OVMR, OVMRUB =         116   96366.0390625  108670.1562500
 CG ITER, OVMR, OVMRUB =         117   96367.0468750  107349.1562500
 CG ITER, OVMR, OVMRUB =         118   96357.5000000  107349.1562500
 CG ITER, OVMR, OVMRUB =         119   96365.7343750  107349.1562500
 CG ITER, OVMR, OVMRUB =         120   96364.0234375  107349.1562500
 CG ITER, OVMR, OVMRUB =         121   96369.1796875  107349.1562500
 CG ITER, OVMR, OVMRUB =         122   96366.2421875  103160.5703125
 CG ITER, OVMR, OVMRUB =         123   96366.2421875  103160.5703125
OVLB =   96366.2421875 OVLUB =  103160.5703125 TIME =      97.5000000
