 CG ITER, OVMR, OVMRUB =           1  129262.3750000  129262.3515625
 CG ITER, OVMR, OVMRUB =           2  121639.8828125  121639.8828125
 CG ITER, OVMR, OVMRUB =           3  121639.8671875  121639.8828125
 CG ITER, OVMR, OVMRUB =           4  121627.4218750  121639.8828125
 CG ITER, OVMR, OVMRUB =           5  106848.9218750  121639.8828125
 CG ITER, OVMR, OVMRUB =           6  104930.5625000  121639.8828125
 CG ITER, OVMR, OVMRUB =           7  103697.6015625  121639.8828125
 CG ITER, OVMR, OVMRUB =           8  102905.1875000  121639.8828125
 CG ITER, OVMR, OVMRUB =           9  102461.5859375  121639.8828125
 CG ITER, OVMR, OVMRUB =          10  102062.6562500  121639.8828125
 CG ITER, OVMR, OVMRUB =          11  101587.0546875  121639.8828125
 CG ITER, OVMR, OVMRUB =          12  100919.3281250  121639.8828125
 CG ITER, OVMR, OVMRUB =          13  100485.6875000  121639.8828125
 CG ITER, OVMR, OVMRUB =          14  100245.6015625  121639.8828125
 CG ITER, OVMR, OVMRUB =          15   99937.2109375  121639.8828125
 CG ITER, OVMR, OVMRUB =          16   99574.0468750  121639.8828125
 CG ITER, OVMR, OVMRUB =          17   99280.8125000  121639.8828125
 CG ITER, OVMR, OVMRUB =          18   98912.6406250  121639.8828125
 CG ITER, OVMR, OVMRUB =          19   98814.2968750  121639.8828125
 CG ITER, OVMR, OVMRUB =          20   98505.1250000  121639.8828125
 CG ITER, OVMR, OVMRUB =          21   98363.5859375  121639.8828125
 CG ITER, OVMR, OVMRUB =          22   98120.5468750  121639.8828125
 CG ITER, OVMR, OVMRUB =          23   97998.0078125  120817.9843750
 CG ITER, OVMR, OVMRUB =          24   97840.8906250  120817.9843750
 CG ITER, OVMR, OVMRUB =          25   97700.3593750  120817.9843750
 CG ITER, OVMR, OVMRUB =          26   97564.0312500  120817.9843750
 CG ITER, OVMR, OVMRUB =          27   97414.8203125  120817.9843750
 CG ITER, OVMR, OVMRUB =          28   97346.4843750  120817.9843750
 CG ITER, OVMR, OVMRUB =          29   97195.9140625  120817.9843750
 CG ITER, OVMR, OVMRUB =          30   97052.2656250  120817.9843750
 CG ITER, OVMR, OVMRUB =          31   96914.5546875  120817.9843750
 CG ITER, OVMR, OVMRUB =          32   96777.3750000  120817.9843750
 CG ITER, OVMR, OVMRUB =          33   96692.4453125  120817.9843750
 CG ITER, OVMR, OVMRUB =          34   96599.1406250  120817.9843750
 CG ITER, OVMR, OVMRUB =          35   96542.7890625  120817.9843750
 CG ITER, OVMR, OVMRUB =          36   96488.9843750  120817.9843750
 CG ITER, OVMR, OVMRUB =          37   96404.3359375  120817.9843750
 CG ITER, OVMR, OVMRUB =          38   96324.8984375  120817.9843750
 CG ITER, OVMR, OVMRUB =          39   96245.0078125  120817.9843750
 CG ITER, OVMR, OVMRUB =          40   96196.5000000  120817.9843750
 CG ITER, OVMR, OVMRUB =          41   96083.7578125  120817.9843750
 CG ITER, OVMR, OVMRUB =          42   96001.5703125  120817.9843750
 CG ITER, OVMR, OVMRUB =          43   96001.7343750  120817.9843750
 CG ITER, OVMR, OVMRUB =          44   95944.9843750  120797.5000000
 CG ITER, OVMR, OVMRUB =          45   95864.6562500  120797.5000000
 CG ITER, OVMR, OVMRUB =          46   95803.9765625  120797.5000000
 CG ITER, OVMR, OVMRUB =          47   95752.3359375  120797.5000000
 CG ITER, OVMR, OVMRUB =          48   95669.2812500  120797.5000000
 CG ITER, OVMR, OVMRUB =          49   95643.0078125  120797.5000000
 CG ITER, OVMR, OVMRUB =          50   95609.8203125  120797.5000000
 CG ITER, OVMR, OVMRUB =          51   95582.0859375  120797.5000000
 CG ITER, OVMR, OVMRUB =          52   95539.1796875  120797.5000000
 CG ITER, OVMR, OVMRUB =          53   95520.7890625  120797.5000000
 CG ITER, OVMR, OVMRUB =          54   95495.8593750  120797.5000000
 CG ITER, OVMR, OVMRUB =          55   95467.5000000  120797.5000000
 CG ITER, OVMR, OVMRUB =          56   95488.1796875  120797.5000000
 CG ITER, OVMR, OVMRUB =          57   95435.6718750  120797.5000000
 CG ITER, OVMR, OVMRUB =          58   95444.5781250  120797.5000000
 CG ITER, OVMR, OVMRUB =          59   95438.6328125  120797.5000000
 CG ITER, OVMR, OVMRUB =          60   95425.2890625  120797.5000000
 CG ITER, OVMR, OVMRUB =          61   95404.5468750  120797.5000000
 CG ITER, OVMR, OVMRUB =          62   95396.7187500  120797.5000000
 CG ITER, OVMR, OVMRUB =          63   95374.9218750  120003.8906250
 CG ITER, OVMR, OVMRUB =          64   95372.8593750  120003.8906250
 CG ITER, OVMR, OVMRUB =          65   95394.8437500  120003.8906250
 CG ITER, OVMR, OVMRUB =          66   95359.4140625  120003.8906250
 CG ITER, OVMR, OVMRUB =          67   95346.1562500  120003.8906250
 CG ITER, OVMR, OVMRUB =          68   95349.2968750  120003.8906250
 CG ITER, OVMR, OVMRUB =          69   95332.4843750  120003.8906250
 CG ITER, OVMR, OVMRUB =          70   95327.5234375  120003.8906250
 CG ITER, OVMR, OVMRUB =          71   95312.1015625  120003.8906250
 CG ITER, OVMR, OVMRUB =          72   95297.2968750  120003.8906250
 CG ITER, OVMR, OVMRUB =          73   95300.8671875  120003.8906250
 CG ITER, OVMR, OVMRUB =          74   95261.4296875  120003.8906250
 CG ITER, OVMR, OVMRUB =          75   95264.7890625  120003.8906250
 CG ITER, OVMR, OVMRUB =          76   95256.1015625  120003.8906250
 CG ITER, OVMR, OVMRUB =          77   95243.7968750  120003.8906250
 CG ITER, OVMR, OVMRUB =          78   95252.8046875  120003.8906250
 CG ITER, OVMR, OVMRUB =          79   95219.6015625  120003.8906250
 CG ITER, OVMR, OVMRUB =          80   95208.3515625  120003.8906250
 CG ITER, OVMR, OVMRUB =          81   95215.8437500  120003.8906250
 CG ITER, OVMR, OVMRUB =          82   95206.8046875  120003.8906250
 CG ITER, OVMR, OVMRUB =          83   95203.3828125  120003.8906250
 CG ITER, OVMR, OVMRUB =          84   95201.7343750  120003.8906250
 CG ITER, OVMR, OVMRUB =          85   95194.1484375  120003.8906250
 CG ITER, OVMR, OVMRUB =          86   95192.1250000  120003.8906250
 CG ITER, OVMR, OVMRUB =          87   95189.0312500  120003.8906250
 CG ITER, OVMR, OVMRUB =          88   95188.9609375  120003.8906250
 CG ITER, OVMR, OVMRUB =          89   95191.9062500  120003.8906250
 CG ITER, OVMR, OVMRUB =          90   95185.4921875  120003.8906250
 CG ITER, OVMR, OVMRUB =          91   95185.3125000  115206.1796875
 CG ITER, OVMR, OVMRUB =          92   95194.5468750  115206.1796875
 CG ITER, OVMR, OVMRUB =          93   95189.0234375  115206.1796875
 CG ITER, OVMR, OVMRUB =          94   95183.8046875  115206.1796875
 CG ITER, OVMR, OVMRUB =          95   95190.4531250  115206.1796875
 CG ITER, OVMR, OVMRUB =          96   95188.5546875  115206.1796875
 CG ITER, OVMR, OVMRUB =          97   95190.0000000  115206.1796875
 CG ITER, OVMR, OVMRUB =          98   95191.7656250  115206.1796875
 CG ITER, OVMR, OVMRUB =          99   95186.1250000  111567.7890625
 CG ITER, OVMR, OVMRUB =         100   95189.6562500  111567.7890625
 CG ITER, OVMR, OVMRUB =         101   95196.0859375  108849.5156250
 CG ITER, OVMR, OVMRUB =         102   95198.4609375  108849.5156250
 CG ITER, OVMR, OVMRUB =         103   95192.6718750  108849.5156250
 CG ITER, OVMR, OVMRUB =         104   95201.6718750  108849.5156250
 CG ITER, OVMR, OVMRUB =         105   95199.2109375  108849.5156250
 CG ITER, OVMR, OVMRUB =         106   95208.0703125  108849.5156250
 CG ITER, OVMR, OVMRUB =         107   95192.8359375  108849.5156250
 CG ITER, OVMR, OVMRUB =         108   95190.0703125  108849.5156250
 CG ITER, OVMR, OVMRUB =         109   95195.0078125  108849.5156250
 CG ITER, OVMR, OVMRUB =         110   95199.6328125  108849.5156250
 CG ITER, OVMR, OVMRUB =         111   95194.6406250  108849.5156250
 CG ITER, OVMR, OVMRUB =         112   95189.2265625  108849.5156250
 CG ITER, OVMR, OVMRUB =         113   95195.5703125  108849.5156250
 CG ITER, OVMR, OVMRUB =         114   95189.1796875  108849.5156250
 CG ITER, OVMR, OVMRUB =         115   95195.2031250  108849.5156250
 CG ITER, OVMR, OVMRUB =         116   95194.2968750  108849.5156250
 CG ITER, OVMR, OVMRUB =         117   95187.6562500  108849.5156250
 CG ITER, OVMR, OVMRUB =         118   95187.4062500  108849.5156250
 CG ITER, OVMR, OVMRUB =         119   95196.2031250  108849.5156250
 CG ITER, OVMR, OVMRUB =         120   95193.1640625  108849.5156250
 CG ITER, OVMR, OVMRUB =         121   95194.4531250  108849.5156250
 CG ITER, OVMR, OVMRUB =         122   95195.8203125  108849.5156250
 CG ITER, OVMR, OVMRUB =         123   95193.9375000  108849.5156250
 CG ITER, OVMR, OVMRUB =         124   95192.1406250  108849.5156250
 CG ITER, OVMR, OVMRUB =         125   95192.1406250  108849.5156250
OVLB =   95192.1406250 OVLUB =  108849.5156250 TIME =      85.5199966
