 CG ITER, OVMR, OVMRUB =           1  175000.0000000  175000.0000000
 CG ITER, OVMR, OVMRUB =           2   64450.4726562  175000.0000000
 CG ITER, OVMR, OVMRUB =           3   44118.0703125  175000.0000000
 CG ITER, OVMR, OVMRUB =           4   39552.7265625  175000.0000000
 CG ITER, OVMR, OVMRUB =           5   37510.8515625   52900.5156250
 CG ITER, OVMR, OVMRUB =           6   38365.1289062   52900.5156250
 CG ITER, OVMR, OVMRUB =           7   39113.8320312   52900.5156250
 CG ITER, OVMR, OVMRUB =           8   39552.2734375   52900.5156250
 CG ITER, OVMR, OVMRUB =           9   39796.6250000   52900.5156250
 CG ITER, OVMR, OVMRUB =          10   39851.4492188   52900.5156250
 CG ITER, OVMR, OVMRUB =          11   39906.6562500   52900.5156250
 CG ITER, OVMR, OVMRUB =          12   39984.6289062   52900.5156250
 CG ITER, OVMR, OVMRUB =          13   40028.1484375   52900.5156250
 CG ITER, OVMR, OVMRUB =          14   40015.3789062   52900.5156250
 CG ITER, OVMR, OVMRUB =          15   39967.7734375   52900.5156250
 CG ITER, OVMR, OVMRUB =          16   39870.9335938   52900.5156250
 CG ITER, OVMR, OVMRUB =          17   39729.6601562   46249.2968750
 CG ITER, OVMR, OVMRUB =          18   39645.1250000   46249.2968750
 CG ITER, OVMR, OVMRUB =          19   39602.0195312   46249.2968750
 CG ITER, OVMR, OVMRUB =          20   39551.8515625   46249.2968750
 CG ITER, OVMR, OVMRUB =          21   39505.1796875   46249.2968750
 CG ITER, OVMR, OVMRUB =          22   39462.1289062   46249.2968750
 CG ITER, OVMR, OVMRUB =          23   39424.6015625   46249.2968750
 CG ITER, OVMR, OVMRUB =          24   39395.4921875   46249.2968750
 CG ITER, OVMR, OVMRUB =          25   39357.0898438   46249.2968750
 CG ITER, OVMR, OVMRUB =          26   39338.3867188   46249.2968750
 CG ITER, OVMR, OVMRUB =          27   39324.1484375   46249.2968750
 CG ITER, OVMR, OVMRUB =          28   39307.6757812   46249.2968750
 CG ITER, OVMR, OVMRUB =          29   39294.3085938   46249.2968750
 CG ITER, OVMR, OVMRUB =          30   39282.2460938   46249.2968750
 CG ITER, OVMR, OVMRUB =          31   39268.0507812   46249.2968750
 CG ITER, OVMR, OVMRUB =          32   39257.9375000   41557.0859375
 CG ITER, OVMR, OVMRUB =          33   39254.3359375   41557.0859375
 CG ITER, OVMR, OVMRUB =          34   39249.3164062   41557.0859375
 CG ITER, OVMR, OVMRUB =          35   39248.0468750   41557.0859375
 CG ITER, OVMR, OVMRUB =          36   39247.1796875   41557.0859375
 CG ITER, OVMR, OVMRUB =          37   39246.6210938   41557.0859375
 CG ITER, OVMR, OVMRUB =          38   39246.1445312   41557.0859375
 CG ITER, OVMR, OVMRUB =          39   39245.7460938   41557.0859375
 CG ITER, OVMR, OVMRUB =          40   39246.0859375   40067.5859375
 CG ITER, OVMR, OVMRUB =          41   39246.0312500   40067.5859375
 CG ITER, OVMR, OVMRUB =          42   39246.0820312   40067.5859375
 CG ITER, OVMR, OVMRUB =          43   39246.0820312   40005.8984375
OVLB =   39246.0820312 OVLUB =   40005.8984375 TIME =      33.5400009
