 CG ITER, OVMR, OVMRUB =           1  104235.1796875  104235.1640625
 CG ITER, OVMR, OVMRUB =           2  104235.1718750  104235.1640625
 CG ITER, OVMR, OVMRUB =           3  104235.1406250  104235.1640625
 CG ITER, OVMR, OVMRUB =           4  104085.3593750  104235.1640625
 CG ITER, OVMR, OVMRUB =           5  104189.4843750  104235.1640625
 CG ITER, OVMR, OVMRUB =           6  103907.4453125  104235.1640625
 CG ITER, OVMR, OVMRUB =           7  102321.3750000  104235.1640625
 CG ITER, OVMR, OVMRUB =           8  102007.5625000  104235.1640625
 CG ITER, OVMR, OVMRUB =           9   99366.6328125  104235.1640625
 CG ITER, OVMR, OVMRUB =          10   98234.5546875  104235.1640625
 CG ITER, OVMR, OVMRUB =          11   97063.1796875  104235.1640625
 CG ITER, OVMR, OVMRUB =          12   96166.6484375  104235.1640625
 CG ITER, OVMR, OVMRUB =          13   95873.6484375  104235.1640625
 CG ITER, OVMR, OVMRUB =          14   95729.0312500  104235.1640625
 CG ITER, OVMR, OVMRUB =          15   95605.4218750  104235.1640625
 CG ITER, OVMR, OVMRUB =          16   95651.1953125  104235.1640625
 CG ITER, OVMR, OVMRUB =          17   95765.1484375  104235.1640625
 CG ITER, OVMR, OVMRUB =          18   95921.1875000  104235.1640625
 CG ITER, OVMR, OVMRUB =          19   95908.6718750  104235.1640625
 CG ITER, OVMR, OVMRUB =          20   95877.1640625  104235.1640625
 CG ITER, OVMR, OVMRUB =          21   95675.3046875  104235.1640625
 CG ITER, OVMR, OVMRUB =          22   95603.1562500  104235.1640625
 CG ITER, OVMR, OVMRUB =          23   95468.5078125  104235.1640625
 CG ITER, OVMR, OVMRUB =          24   95226.4921875  104235.1640625
 CG ITER, OVMR, OVMRUB =          25   95001.4609375  104235.1640625
 CG ITER, OVMR, OVMRUB =          26   94746.8046875  104235.1640625
 CG ITER, OVMR, OVMRUB =          27   94544.0546875  104235.1640625
 CG ITER, OVMR, OVMRUB =          28   94367.1875000  104235.1640625
 CG ITER, OVMR, OVMRUB =          29   94236.7656250  104235.1640625
 CG ITER, OVMR, OVMRUB =          30   94128.5937500  104235.1640625
 CG ITER, OVMR, OVMRUB =          31   93937.8515625  104235.1640625
 CG ITER, OVMR, OVMRUB =          32   93769.3046875  104235.1640625
 CG ITER, OVMR, OVMRUB =          33   93636.9453125  104235.1640625
 CG ITER, OVMR, OVMRUB =          34   93502.2968750  104235.1640625
 CG ITER, OVMR, OVMRUB =          35   93354.7890625  104235.1640625
 CG ITER, OVMR, OVMRUB =          36   93259.6093750  104235.1640625
 CG ITER, OVMR, OVMRUB =          37   93149.1640625  104235.1640625
 CG ITER, OVMR, OVMRUB =          38   93023.9921875  104235.1640625
 CG ITER, OVMR, OVMRUB =          39   92940.6796875  104235.1640625
 CG ITER, OVMR, OVMRUB =          40   92831.7812500  104235.1640625
 CG ITER, OVMR, OVMRUB =          41   92739.6562500  104235.1640625
 CG ITER, OVMR, OVMRUB =          42   92667.6796875  104235.1640625
 CG ITER, OVMR, OVMRUB =          43   92603.4921875  104235.1640625
 CG ITER, OVMR, OVMRUB =          44   92549.3750000  104235.1640625
 CG ITER, OVMR, OVMRUB =          45   92475.3515625  104235.1640625
 CG ITER, OVMR, OVMRUB =          46   92403.8437500  104235.1640625
 CG ITER, OVMR, OVMRUB =          47   92328.0234375  104235.1640625
 CG ITER, OVMR, OVMRUB =          48   92277.0859375  104235.1640625
 CG ITER, OVMR, OVMRUB =          49   92208.0703125  104235.1640625
 CG ITER, OVMR, OVMRUB =          50   92134.7109375  104235.1640625
 CG ITER, OVMR, OVMRUB =          51   92110.1562500  104235.1640625
 CG ITER, OVMR, OVMRUB =          52   92042.4921875  104235.1640625
 CG ITER, OVMR, OVMRUB =          53   91997.8437500  104235.1640625
 CG ITER, OVMR, OVMRUB =          54   91934.5859375  104235.1640625
 CG ITER, OVMR, OVMRUB =          55   91887.1875000  104235.1640625
 CG ITER, OVMR, OVMRUB =          56   91835.3984375  104235.1640625
 CG ITER, OVMR, OVMRUB =          57   91793.6953125  104235.1640625
 CG ITER, OVMR, OVMRUB =          58   91733.5859375  104235.1640625
 CG ITER, OVMR, OVMRUB =          59   91711.0312500  104235.1640625
 CG ITER, OVMR, OVMRUB =          60   91669.8359375  104235.1640625
 CG ITER, OVMR, OVMRUB =          61   91636.0156250  104235.1640625
 CG ITER, OVMR, OVMRUB =          62   91607.5000000  104235.1640625
 CG ITER, OVMR, OVMRUB =          63   91570.7500000  104235.1640625
 CG ITER, OVMR, OVMRUB =          64   91530.2734375  104235.1640625
 CG ITER, OVMR, OVMRUB =          65   91496.3437500  104235.1640625
 CG ITER, OVMR, OVMRUB =          66   91471.6406250  104235.1640625
 CG ITER, OVMR, OVMRUB =          67   91436.1562500  104235.1640625
 CG ITER, OVMR, OVMRUB =          68   91409.3750000  104235.1640625
 CG ITER, OVMR, OVMRUB =          69   91374.5546875  104235.1640625
 CG ITER, OVMR, OVMRUB =          70   91370.2187500  104235.1640625
 CG ITER, OVMR, OVMRUB =          71   91343.5859375  104235.1640625
 CG ITER, OVMR, OVMRUB =          72   91328.9531250  104235.1640625
 CG ITER, OVMR, OVMRUB =          73   91303.7578125  104235.1640625
 CG ITER, OVMR, OVMRUB =          74   91277.1718750  104235.1640625
 CG ITER, OVMR, OVMRUB =          75   91262.0312500  104235.1640625
 CG ITER, OVMR, OVMRUB =          76   91245.0000000  104235.1640625
 CG ITER, OVMR, OVMRUB =          77   91224.9765625  104235.1640625
 CG ITER, OVMR, OVMRUB =          78   91208.5625000  102845.6796875
 CG ITER, OVMR, OVMRUB =          79   91197.3359375  102845.6796875
 CG ITER, OVMR, OVMRUB =          80   91186.3828125  100757.7343750
 CG ITER, OVMR, OVMRUB =          81   91182.8906250  100757.7343750
 CG ITER, OVMR, OVMRUB =          82   91161.5625000  100757.7343750
 CG ITER, OVMR, OVMRUB =          83   91145.8828125  100455.1484375
 CG ITER, OVMR, OVMRUB =          84   91136.4453125  100455.1484375
 CG ITER, OVMR, OVMRUB =          85   91124.1718750  100455.1484375
 CG ITER, OVMR, OVMRUB =          86   91118.1640625   97449.1718750
 CG ITER, OVMR, OVMRUB =          87   91111.6718750   97449.1718750
 CG ITER, OVMR, OVMRUB =          88   91100.7421875   97449.1718750
 CG ITER, OVMR, OVMRUB =          89   91097.6406250   97449.1718750
 CG ITER, OVMR, OVMRUB =          90   91093.8046875   97449.1718750
 CG ITER, OVMR, OVMRUB =          91   91087.8437500   97248.1718750
 CG ITER, OVMR, OVMRUB =          92   91084.2031250   97248.1718750
 CG ITER, OVMR, OVMRUB =          93   91080.5859375   97248.1718750
 CG ITER, OVMR, OVMRUB =          94   91080.0703125   97248.1718750
 CG ITER, OVMR, OVMRUB =          95   91072.8984375   97248.1718750
 CG ITER, OVMR, OVMRUB =          96   91069.6171875   97248.1718750
 CG ITER, OVMR, OVMRUB =          97   91067.8281250   97248.1718750
 CG ITER, OVMR, OVMRUB =          98   91067.2187500   97248.1718750
 CG ITER, OVMR, OVMRUB =          99   91066.5078125   97248.1718750
 CG ITER, OVMR, OVMRUB =         100   91066.5781250   97248.1718750
 CG ITER, OVMR, OVMRUB =         101   91062.4296875   97248.1718750
 CG ITER, OVMR, OVMRUB =         102   91060.8359375   97248.1718750
 CG ITER, OVMR, OVMRUB =         103   91058.8281250   96225.0937500
 CG ITER, OVMR, OVMRUB =         104   91058.2421875   96225.0937500
 CG ITER, OVMR, OVMRUB =         105   91053.8906250   95510.1718750
 CG ITER, OVMR, OVMRUB =         106   91053.3593750   94779.4453125
 CG ITER, OVMR, OVMRUB =         107   91053.1640625   94717.5312500
 CG ITER, OVMR, OVMRUB =         108   91053.1406250   94717.5312500
 CG ITER, OVMR, OVMRUB =         109   91052.6171875   94717.5312500
 CG ITER, OVMR, OVMRUB =         110   91052.6171875   94324.5468750
OVLB =   91052.6171875 OVLUB =   94324.5468750 TIME =     551.5599976
