 CG ITER, OVMR, OVMRUB =           1  115260.5390625  115260.5234375
 CG ITER, OVMR, OVMRUB =           2  114842.0859375  114842.0859375
 CG ITER, OVMR, OVMRUB =           3  114842.0859375  114842.0859375
 CG ITER, OVMR, OVMRUB =           4  114840.9843750  114842.0859375
 CG ITER, OVMR, OVMRUB =           5  102331.9531250  114842.0859375
 CG ITER, OVMR, OVMRUB =           6  101165.0468750  114842.0859375
 CG ITER, OVMR, OVMRUB =           7   99904.4531250  114842.0859375
 CG ITER, OVMR, OVMRUB =           8   99473.7968750  114842.0859375
 CG ITER, OVMR, OVMRUB =           9   99233.8203125  114842.0859375
 CG ITER, OVMR, OVMRUB =          10   98721.8437500  114842.0859375
 CG ITER, OVMR, OVMRUB =          11   98393.1406250  114842.0859375
 CG ITER, OVMR, OVMRUB =          12   97914.3125000  114842.0859375
 CG ITER, OVMR, OVMRUB =          13   97520.9453125  114842.0859375
 CG ITER, OVMR, OVMRUB =          14   97231.2031250  114842.0859375
 CG ITER, OVMR, OVMRUB =          15   96930.7578125  114842.0859375
 CG ITER, OVMR, OVMRUB =          16   96708.4843750  114842.0859375
 CG ITER, OVMR, OVMRUB =          17   96507.0234375  114842.0859375
 CG ITER, OVMR, OVMRUB =          18   96275.3671875  114842.0859375
 CG ITER, OVMR, OVMRUB =          19   96108.4531250  114842.0859375
 CG ITER, OVMR, OVMRUB =          20   95880.2109375  114842.0859375
 CG ITER, OVMR, OVMRUB =          21   95718.5859375  114842.0859375
 CG ITER, OVMR, OVMRUB =          22   95653.8828125  114842.0859375
 CG ITER, OVMR, OVMRUB =          23   95426.3671875  114842.0859375
 CG ITER, OVMR, OVMRUB =          24   95268.5859375  114842.0859375
 CG ITER, OVMR, OVMRUB =          25   95100.3515625  114842.0859375
 CG ITER, OVMR, OVMRUB =          26   94970.5078125  114842.0859375
 CG ITER, OVMR, OVMRUB =          27   94819.3906250  114842.0859375
 CG ITER, OVMR, OVMRUB =          28   94719.1875000  114842.0859375
 CG ITER, OVMR, OVMRUB =          29   94607.3359375  114842.0859375
 CG ITER, OVMR, OVMRUB =          30   94509.9531250  114842.0859375
 CG ITER, OVMR, OVMRUB =          31   94365.1406250  114842.0859375
 CG ITER, OVMR, OVMRUB =          32   94271.4843750  114842.0859375
 CG ITER, OVMR, OVMRUB =          33   94233.4453125  114842.0859375
 CG ITER, OVMR, OVMRUB =          34   94160.5156250  114842.0859375
 CG ITER, OVMR, OVMRUB =          35   94107.6093750  114842.0859375
 CG ITER, OVMR, OVMRUB =          36   94047.5859375  114842.0859375
 CG ITER, OVMR, OVMRUB =          37   93950.7187500  114842.0859375
 CG ITER, OVMR, OVMRUB =          38   93902.3671875  114842.0859375
 CG ITER, OVMR, OVMRUB =          39   93811.9531250  114842.0859375
 CG ITER, OVMR, OVMRUB =          40   93730.0937500  114842.0859375
 CG ITER, OVMR, OVMRUB =          41   93658.6171875  114842.0859375
 CG ITER, OVMR, OVMRUB =          42   93610.0859375  114842.0859375
 CG ITER, OVMR, OVMRUB =          43   93553.0937500  114842.0859375
 CG ITER, OVMR, OVMRUB =          44   93495.8046875  114842.0859375
 CG ITER, OVMR, OVMRUB =          45   93492.4765625  114842.0859375
 CG ITER, OVMR, OVMRUB =          46   93435.7812500  114842.0859375
 CG ITER, OVMR, OVMRUB =          47   93373.8281250  114842.0859375
 CG ITER, OVMR, OVMRUB =          48   93324.1171875  114842.0859375
 CG ITER, OVMR, OVMRUB =          49   93259.7656250  114842.0859375
 CG ITER, OVMR, OVMRUB =          50   93234.5781250  114842.0859375
 CG ITER, OVMR, OVMRUB =          51   93253.9687500  114842.0859375
 CG ITER, OVMR, OVMRUB =          52   93217.0156250  114842.0859375
 CG ITER, OVMR, OVMRUB =          53   93196.0937500  114842.0859375
 CG ITER, OVMR, OVMRUB =          54   93168.3203125  114842.0859375
 CG ITER, OVMR, OVMRUB =          55   93148.4375000  114842.0859375
 CG ITER, OVMR, OVMRUB =          56   93130.7109375  114842.0859375
 CG ITER, OVMR, OVMRUB =          57   93087.4921875  114842.0859375
 CG ITER, OVMR, OVMRUB =          58   93088.3125000  114842.0859375
 CG ITER, OVMR, OVMRUB =          59   93079.2656250  114842.0859375
 CG ITER, OVMR, OVMRUB =          60   93064.1093750  114842.0859375
 CG ITER, OVMR, OVMRUB =          61   93043.8359375  114842.0859375
 CG ITER, OVMR, OVMRUB =          62   93019.4765625  114842.0859375
 CG ITER, OVMR, OVMRUB =          63   93015.4687500  114842.0859375
 CG ITER, OVMR, OVMRUB =          64   92989.6015625  114842.0859375
 CG ITER, OVMR, OVMRUB =          65   92985.5546875  114842.0859375
 CG ITER, OVMR, OVMRUB =          66   92994.2968750  114842.0859375
 CG ITER, OVMR, OVMRUB =          67   92970.9609375  114842.0859375
 CG ITER, OVMR, OVMRUB =          68   92967.5078125  114842.0859375
 CG ITER, OVMR, OVMRUB =          69   92949.2421875  112899.3906250
 CG ITER, OVMR, OVMRUB =          70   92945.4140625  112899.3906250
 CG ITER, OVMR, OVMRUB =          71   92957.1875000  112899.3906250
 CG ITER, OVMR, OVMRUB =          72   92942.5156250  112899.3906250
 CG ITER, OVMR, OVMRUB =          73   92921.1484375  112899.3906250
 CG ITER, OVMR, OVMRUB =          74   92939.2031250  110755.0859375
 CG ITER, OVMR, OVMRUB =          75   92917.7109375  110755.0859375
 CG ITER, OVMR, OVMRUB =          76   92918.5468750  103954.0625000
 CG ITER, OVMR, OVMRUB =          77   92909.0000000  103954.0625000
 CG ITER, OVMR, OVMRUB =          78   92908.2890625  103954.0625000
 CG ITER, OVMR, OVMRUB =          79   92903.4531250  103954.0625000
 CG ITER, OVMR, OVMRUB =          80   92907.2734375  103954.0625000
 CG ITER, OVMR, OVMRUB =          81   92906.0312500  103954.0625000
 CG ITER, OVMR, OVMRUB =          82   92892.7109375  103954.0625000
 CG ITER, OVMR, OVMRUB =          83   92889.9453125  103954.0625000
 CG ITER, OVMR, OVMRUB =          84   92886.1484375  103954.0625000
 CG ITER, OVMR, OVMRUB =          85   92884.6875000  103954.0625000
 CG ITER, OVMR, OVMRUB =          86   92885.2968750  103954.0625000
 CG ITER, OVMR, OVMRUB =          87   92886.2812500  103954.0625000
 CG ITER, OVMR, OVMRUB =          88   92882.0312500  103954.0625000
 CG ITER, OVMR, OVMRUB =          89   92881.3593750  103954.0625000
 CG ITER, OVMR, OVMRUB =          90   92877.7109375  103954.0625000
 CG ITER, OVMR, OVMRUB =          91   92881.3671875  103954.0625000
 CG ITER, OVMR, OVMRUB =          92   92881.9843750  103954.0625000
 CG ITER, OVMR, OVMRUB =          93   92873.7890625  103954.0625000
 CG ITER, OVMR, OVMRUB =          94   92878.3203125  103954.0625000
 CG ITER, OVMR, OVMRUB =          95   92879.9453125  103954.0625000
 CG ITER, OVMR, OVMRUB =          96   92878.4453125  103954.0625000
 CG ITER, OVMR, OVMRUB =          97   92878.3281250  103954.0625000
 CG ITER, OVMR, OVMRUB =          98   92876.2031250  103954.0625000
 CG ITER, OVMR, OVMRUB =          99   92874.9140625  103954.0625000
 CG ITER, OVMR, OVMRUB =         100   92874.8515625  103954.0625000
 CG ITER, OVMR, OVMRUB =         101   92878.6953125  103954.0625000
 CG ITER, OVMR, OVMRUB =         102   92869.4765625  103954.0625000
 CG ITER, OVMR, OVMRUB =         103   92873.1328125  103954.0625000
 CG ITER, OVMR, OVMRUB =         104   92875.4609375  103954.0625000
 CG ITER, OVMR, OVMRUB =         105   92874.1718750  103954.0625000
 CG ITER, OVMR, OVMRUB =         106   92874.8046875  103954.0625000
 CG ITER, OVMR, OVMRUB =         107   92877.0468750  103954.0625000
 CG ITER, OVMR, OVMRUB =         108   92876.7578125  103954.0625000
 CG ITER, OVMR, OVMRUB =         109   92876.3437500  103954.0625000
 CG ITER, OVMR, OVMRUB =         110   92878.9140625  103528.6250000
 CG ITER, OVMR, OVMRUB =         111   92875.8203125  103528.6250000
 CG ITER, OVMR, OVMRUB =         112   92874.1171875  103528.6250000
 CG ITER, OVMR, OVMRUB =         113   92877.4296875  103528.6250000
 CG ITER, OVMR, OVMRUB =         114   92879.7890625  103528.6250000
 CG ITER, OVMR, OVMRUB =         115   92878.1640625  103528.6250000
 CG ITER, OVMR, OVMRUB =         116   92870.2500000  103528.6250000
 CG ITER, OVMR, OVMRUB =         117   92870.2500000  103528.6250000
OVLB =   92870.2500000 OVLUB =  103528.6250000 TIME =      70.3000031
