 CG ITER, OVMR, OVMRUB =           1  175000.0000000  175000.0000000
 CG ITER, OVMR, OVMRUB =           2   91224.8515625  175000.0000000
 CG ITER, OVMR, OVMRUB =           3   34322.0312500   37514.2773438
 CG ITER, OVMR, OVMRUB =           4   20823.7949219   37514.2773438
 CG ITER, OVMR, OVMRUB =           5   23471.0878906   37514.2773438
 CG ITER, OVMR, OVMRUB =           6   23814.9492188   34304.3046875
 CG ITER, OVMR, OVMRUB =           7   25156.7500000   34304.3046875
 CG ITER, OVMR, OVMRUB =           8   25551.1660156   34304.3046875
 CG ITER, OVMR, OVMRUB =           9   25742.6015625   34304.3046875
 CG ITER, OVMR, OVMRUB =          10   26539.8398438   34304.3046875
 CG ITER, OVMR, OVMRUB =          11   27161.5371094   34304.3046875
 CG ITER, OVMR, OVMRUB =          12   27540.4179688   34304.3046875
 CG ITER, OVMR, OVMRUB =          13   27612.6171875   34304.3046875
 CG ITER, OVMR, OVMRUB =          14   27365.1816406   34304.3046875
 CG ITER, OVMR, OVMRUB =          15   27291.2246094   34304.3046875
 CG ITER, OVMR, OVMRUB =          16   27242.9609375   34304.3046875
 CG ITER, OVMR, OVMRUB =          17   27216.7871094   34304.3046875
 CG ITER, OVMR, OVMRUB =          18   27214.8125000   34304.3046875
 CG ITER, OVMR, OVMRUB =          19   27210.9199219   34304.3046875
 CG ITER, OVMR, OVMRUB =          20   27210.9199219   34304.3046875
OVLB =   27210.9199219 OVLUB =   34304.3046875 TIME =       1.1400000
