 CG ITER, OVMR, OVMRUB =           1  106693.6953125  106693.6953125
 CG ITER, OVMR, OVMRUB =           2  103860.4687500  103860.4609375
 CG ITER, OVMR, OVMRUB =           3  103860.0781250  103860.4609375
 CG ITER, OVMR, OVMRUB =           4   99133.3515625  103860.4609375
 CG ITER, OVMR, OVMRUB =           5   98010.8437500  103860.4609375
 CG ITER, OVMR, OVMRUB =           6  100435.6875000  103860.4609375
 CG ITER, OVMR, OVMRUB =           7  100882.8593750  103860.4609375
 CG ITER, OVMR, OVMRUB =           8  101791.8437500  103860.4609375
 CG ITER, OVMR, OVMRUB =           9   94116.8281250  103860.4609375
 CG ITER, OVMR, OVMRUB =          10   91786.2656250  103860.4609375
 CG ITER, OVMR, OVMRUB =          11   90044.6093750  103860.4609375
 CG ITER, OVMR, OVMRUB =          12   88757.8828125  103860.4609375
 CG ITER, OVMR, OVMRUB =          13   87810.2421875  103860.4609375
 CG ITER, OVMR, OVMRUB =          14   86357.8750000  103860.4609375
 CG ITER, OVMR, OVMRUB =          15   85217.1796875  103860.4609375
 CG ITER, OVMR, OVMRUB =          16   85400.1093750  103860.4609375
 CG ITER, OVMR, OVMRUB =          17   85669.2812500  103860.4609375
 CG ITER, OVMR, OVMRUB =          18   86343.0000000  103860.4609375
 CG ITER, OVMR, OVMRUB =          19   86286.2109375  103860.4609375
 CG ITER, OVMR, OVMRUB =          20   86371.4687500  103860.4609375
 CG ITER, OVMR, OVMRUB =          21   86409.1718750  103860.4609375
 CG ITER, OVMR, OVMRUB =          22   86344.7421875  103860.4609375
 CG ITER, OVMR, OVMRUB =          23   86132.8203125  103860.4609375
 CG ITER, OVMR, OVMRUB =          24   85939.2656250  103860.4609375
 CG ITER, OVMR, OVMRUB =          25   85698.6640625  103860.4609375
 CG ITER, OVMR, OVMRUB =          26   85662.8984375  103860.4609375
 CG ITER, OVMR, OVMRUB =          27   85447.2968750  103860.4609375
 CG ITER, OVMR, OVMRUB =          28   85299.6093750  103860.4609375
 CG ITER, OVMR, OVMRUB =          29   85052.8984375  103860.4609375
 CG ITER, OVMR, OVMRUB =          30   84835.4765625  103860.4609375
 CG ITER, OVMR, OVMRUB =          31   84556.0546875  103860.4609375
 CG ITER, OVMR, OVMRUB =          32   84366.6250000  103860.4609375
 CG ITER, OVMR, OVMRUB =          33   84128.3984375  103860.4609375
 CG ITER, OVMR, OVMRUB =          34   83891.6015625  102007.1406250
 CG ITER, OVMR, OVMRUB =          35   83716.4453125  102007.1406250
 CG ITER, OVMR, OVMRUB =          36   83545.8359375  102007.1406250
 CG ITER, OVMR, OVMRUB =          37   83392.1328125  102007.1406250
 CG ITER, OVMR, OVMRUB =          38   83248.2812500  102007.1406250
 CG ITER, OVMR, OVMRUB =          39   83119.2500000  100038.5390625
 CG ITER, OVMR, OVMRUB =          40   82985.8281250  100038.5390625
 CG ITER, OVMR, OVMRUB =          41   82878.8906250  100038.5390625
 CG ITER, OVMR, OVMRUB =          42   82774.3984375   98479.7109375
 CG ITER, OVMR, OVMRUB =          43   82690.8281250   98479.7109375
 CG ITER, OVMR, OVMRUB =          44   82607.1718750   97764.7500000
 CG ITER, OVMR, OVMRUB =          45   82524.2890625   97764.7500000
 CG ITER, OVMR, OVMRUB =          46   82449.6875000   97454.9921875
 CG ITER, OVMR, OVMRUB =          47   82378.7968750   96630.9531250
 CG ITER, OVMR, OVMRUB =          48   82319.8437500   93230.2500000
 CG ITER, OVMR, OVMRUB =          49   82278.5937500   93230.2500000
 CG ITER, OVMR, OVMRUB =          50   82225.1796875   93230.2500000
 CG ITER, OVMR, OVMRUB =          51   82191.1953125   93230.2500000
 CG ITER, OVMR, OVMRUB =          52   82151.0312500   93230.2500000
 CG ITER, OVMR, OVMRUB =          53   82120.8906250   92017.6250000
 CG ITER, OVMR, OVMRUB =          54   82097.3515625   92017.6250000
 CG ITER, OVMR, OVMRUB =          55   82082.7656250   91643.8515625
 CG ITER, OVMR, OVMRUB =          56   82057.1640625   90101.9843750
 CG ITER, OVMR, OVMRUB =          57   82038.8281250   90101.9843750
 CG ITER, OVMR, OVMRUB =          58   82021.0312500   90101.9843750
 CG ITER, OVMR, OVMRUB =          59   82011.2343750   90101.9843750
 CG ITER, OVMR, OVMRUB =          60   82006.1406250   88118.4609375
 CG ITER, OVMR, OVMRUB =          61   82002.1484375   88118.4609375
 CG ITER, OVMR, OVMRUB =          62   82000.9453125   87800.0781250
 CG ITER, OVMR, OVMRUB =          63   81999.8593750   87709.9765625
 CG ITER, OVMR, OVMRUB =          64   81996.1953125   87709.9765625
 CG ITER, OVMR, OVMRUB =          65   81996.0625000   87709.9765625
 CG ITER, OVMR, OVMRUB =          66   81995.6250000   85622.6875000
 CG ITER, OVMR, OVMRUB =          67   81995.7656250   85622.6875000
 CG ITER, OVMR, OVMRUB =          68   81995.5625000   85622.6875000
 CG ITER, OVMR, OVMRUB =          69   81995.7343750   85622.6875000
 CG ITER, OVMR, OVMRUB =          70   81995.6406250   85551.7500000
 CG ITER, OVMR, OVMRUB =          71   81995.9609375   85551.7500000
 CG ITER, OVMR, OVMRUB =          72   81995.6875000   85551.7500000
 CG ITER, OVMR, OVMRUB =          73   81995.7734375   85551.7500000
 CG ITER, OVMR, OVMRUB =          74   81995.2968750   83419.8671875
 CG ITER, OVMR, OVMRUB =          75   81995.2968750   83419.8671875
OVLB =   81995.2968750 OVLUB =   83419.8671875 TIME =     227.4499969
