 CG ITER, OVMR, OVMRUB =           1  107828.1796875  107828.1640625
 CG ITER, OVMR, OVMRUB =           2  107828.1640625  107828.1640625
 CG ITER, OVMR, OVMRUB =           3  107788.8671875  107828.1640625
 CG ITER, OVMR, OVMRUB =           4  106917.6875000  107828.1640625
 CG ITER, OVMR, OVMRUB =           5  104903.6875000  106634.2968750
 CG ITER, OVMR, OVMRUB =           6  104674.2734375  106634.2968750
 CG ITER, OVMR, OVMRUB =           7  101542.4218750  106634.2968750
 CG ITER, OVMR, OVMRUB =           8   98407.5781250  106634.2968750
 CG ITER, OVMR, OVMRUB =           9   96067.2656250  106634.2968750
 CG ITER, OVMR, OVMRUB =          10   93714.5546875  106634.2968750
 CG ITER, OVMR, OVMRUB =          11   90993.9687500  106634.2968750
 CG ITER, OVMR, OVMRUB =          12   90231.5937500  106634.2968750
 CG ITER, OVMR, OVMRUB =          13   89228.5781250  106634.2968750
 CG ITER, OVMR, OVMRUB =          14   88134.8828125  106634.2968750
 CG ITER, OVMR, OVMRUB =          15   87669.5000000  106634.2968750
 CG ITER, OVMR, OVMRUB =          16   87457.7265625  106634.2968750
 CG ITER, OVMR, OVMRUB =          17   87120.7578125  106634.2968750
 CG ITER, OVMR, OVMRUB =          18   86364.0468750  106634.2968750
 CG ITER, OVMR, OVMRUB =          19   85787.0078125  106634.2968750
 CG ITER, OVMR, OVMRUB =          20   85155.4062500  106634.2968750
 CG ITER, OVMR, OVMRUB =          21   84495.5937500  106634.2968750
 CG ITER, OVMR, OVMRUB =          22   84066.5390625  106634.2968750
 CG ITER, OVMR, OVMRUB =          23   83329.7734375  106634.2968750
 CG ITER, OVMR, OVMRUB =          24   82909.4140625  106634.2968750
 CG ITER, OVMR, OVMRUB =          25   82416.5312500  106634.2968750
 CG ITER, OVMR, OVMRUB =          26   82330.3515625  106634.2968750
 CG ITER, OVMR, OVMRUB =          27   82178.6328125  106634.2968750
 CG ITER, OVMR, OVMRUB =          28   82353.6562500  106634.2968750
 CG ITER, OVMR, OVMRUB =          29   82533.9375000  106634.2968750
 CG ITER, OVMR, OVMRUB =          30   82578.8593750  106634.2968750
 CG ITER, OVMR, OVMRUB =          31   82934.1796875  106422.2187500
 CG ITER, OVMR, OVMRUB =          32   83407.3828125  106422.2187500
 CG ITER, OVMR, OVMRUB =          33   83808.8125000  106422.2187500
 CG ITER, OVMR, OVMRUB =          34   84168.0156250  103965.3203125
 CG ITER, OVMR, OVMRUB =          35   84481.4062500  103965.3203125
 CG ITER, OVMR, OVMRUB =          36   84678.7109375  102232.5000000
 CG ITER, OVMR, OVMRUB =          37   84828.0625000  101101.0546875
 CG ITER, OVMR, OVMRUB =          38   84866.5937500  101101.0546875
 CG ITER, OVMR, OVMRUB =          39   84756.8984375   99878.6250000
 CG ITER, OVMR, OVMRUB =          40   84542.7968750   98638.2187500
 CG ITER, OVMR, OVMRUB =          41   84413.7734375   98638.2187500
 CG ITER, OVMR, OVMRUB =          42   84277.3750000   98638.2187500
 CG ITER, OVMR, OVMRUB =          43   84150.5937500   98638.2187500
 CG ITER, OVMR, OVMRUB =          44   84040.2812500   98638.2187500
 CG ITER, OVMR, OVMRUB =          45   83911.4296875   98638.2187500
 CG ITER, OVMR, OVMRUB =          46   83816.3593750   98638.2187500
 CG ITER, OVMR, OVMRUB =          47   83708.6875000   97987.8593750
 CG ITER, OVMR, OVMRUB =          48   83623.1171875   96931.2968750
 CG ITER, OVMR, OVMRUB =          49   83551.0703125   96931.2968750
 CG ITER, OVMR, OVMRUB =          50   83497.3281250   92901.3281250
 CG ITER, OVMR, OVMRUB =          51   83429.8203125   92843.2109375
 CG ITER, OVMR, OVMRUB =          52   83388.6562500   91250.3828125
 CG ITER, OVMR, OVMRUB =          53   83365.8281250   89644.4453125
 CG ITER, OVMR, OVMRUB =          54   83319.3125000   89064.7968750
 CG ITER, OVMR, OVMRUB =          55   83302.3515625   89064.7968750
 CG ITER, OVMR, OVMRUB =          56   83282.1171875   88654.2343750
 CG ITER, OVMR, OVMRUB =          57   83275.4453125   88654.2343750
 CG ITER, OVMR, OVMRUB =          58   83257.7578125   88654.2343750
 CG ITER, OVMR, OVMRUB =          59   83253.3281250   88654.2343750
 CG ITER, OVMR, OVMRUB =          60   83241.8359375   86419.5156250
 CG ITER, OVMR, OVMRUB =          61   83235.2109375   86419.5156250
 CG ITER, OVMR, OVMRUB =          62   83229.8671875   86419.5156250
 CG ITER, OVMR, OVMRUB =          63   83227.1484375   86184.7109375
 CG ITER, OVMR, OVMRUB =          64   83225.2031250   84606.2343750
 CG ITER, OVMR, OVMRUB =          65   83225.1953125   84606.2343750
 CG ITER, OVMR, OVMRUB =          66   83225.1796875   84606.2343750
 CG ITER, OVMR, OVMRUB =          67   83225.1875000   84127.9218750
 CG ITER, OVMR, OVMRUB =          68   83225.1796875   84127.9218750
 CG ITER, OVMR, OVMRUB =          69   83225.1875000   84127.9218750
 CG ITER, OVMR, OVMRUB =          70   83225.2109375   84127.9218750
 CG ITER, OVMR, OVMRUB =          71   83225.1640625   84127.9218750
 CG ITER, OVMR, OVMRUB =          72   83225.1875000   83377.4062500
 CG ITER, OVMR, OVMRUB =          73   83225.1718750   83377.4062500
 CG ITER, OVMR, OVMRUB =          74   83225.1875000   83377.4062500
 CG ITER, OVMR, OVMRUB =          75   83225.1484375   83377.4062500
 CG ITER, OVMR, OVMRUB =          76   83225.1875000   83324.7031250
OVLB =   83225.1875000 OVLUB =   83324.7031250 TIME =     262.0199890
