 CG ITER, OVMR, OVMRUB =           1  103548.0546875  103548.0468750
 CG ITER, OVMR, OVMRUB =           2  103548.0468750  103548.0468750
 CG ITER, OVMR, OVMRUB =           3  103548.0312500  103548.0468750
 CG ITER, OVMR, OVMRUB =           4   96842.3515625  103548.0468750
 CG ITER, OVMR, OVMRUB =           5   95634.9687500  103548.0468750
 CG ITER, OVMR, OVMRUB =           6   95506.3437500  103548.0468750
 CG ITER, OVMR, OVMRUB =           7   94462.8203125  103548.0468750
 CG ITER, OVMR, OVMRUB =           8   92786.5156250  103548.0468750
 CG ITER, OVMR, OVMRUB =           9   90315.4765625  103548.0468750
 CG ITER, OVMR, OVMRUB =          10   88527.1171875  103548.0468750
 CG ITER, OVMR, OVMRUB =          11   87849.9921875  103548.0468750
 CG ITER, OVMR, OVMRUB =          12   87078.0390625  103548.0468750
 CG ITER, OVMR, OVMRUB =          13   86645.8593750  103548.0468750
 CG ITER, OVMR, OVMRUB =          14   86255.0468750  103548.0468750
 CG ITER, OVMR, OVMRUB =          15   85970.4296875  103548.0468750
 CG ITER, OVMR, OVMRUB =          16   85504.5390625  103548.0468750
 CG ITER, OVMR, OVMRUB =          17   85433.2265625  103548.0468750
 CG ITER, OVMR, OVMRUB =          18   85341.9531250  103548.0468750
 CG ITER, OVMR, OVMRUB =          19   85138.6093750  103548.0468750
 CG ITER, OVMR, OVMRUB =          20   84908.1796875  103548.0468750
 CG ITER, OVMR, OVMRUB =          21   84699.5156250  103548.0468750
 CG ITER, OVMR, OVMRUB =          22   84738.6640625  103548.0468750
 CG ITER, OVMR, OVMRUB =          23   84609.9140625  103548.0468750
 CG ITER, OVMR, OVMRUB =          24   84630.0390625  103548.0468750
 CG ITER, OVMR, OVMRUB =          25   84664.4296875  103548.0468750
 CG ITER, OVMR, OVMRUB =          26   84911.3125000  103548.0468750
 CG ITER, OVMR, OVMRUB =          27   85211.6562500  103548.0468750
 CG ITER, OVMR, OVMRUB =          28   85299.9687500  103548.0468750
 CG ITER, OVMR, OVMRUB =          29   85475.7421875  103548.0468750
 CG ITER, OVMR, OVMRUB =          30   85771.9531250  103548.0468750
 CG ITER, OVMR, OVMRUB =          31   85919.7109375  103548.0468750
 CG ITER, OVMR, OVMRUB =          32   85899.6875000  103548.0468750
 CG ITER, OVMR, OVMRUB =          33   85793.4687500  103548.0468750
 CG ITER, OVMR, OVMRUB =          34   85617.4453125  103548.0468750
 CG ITER, OVMR, OVMRUB =          35   85455.8437500  103548.0468750
 CG ITER, OVMR, OVMRUB =          36   85316.3125000  103548.0468750
 CG ITER, OVMR, OVMRUB =          37   85189.5312500  103548.0468750
 CG ITER, OVMR, OVMRUB =          38   85078.7421875  103044.1171875
 CG ITER, OVMR, OVMRUB =          39   84974.6640625  103044.1171875
 CG ITER, OVMR, OVMRUB =          40   84861.0546875  103044.1171875
 CG ITER, OVMR, OVMRUB =          41   84755.0000000  101438.4765625
 CG ITER, OVMR, OVMRUB =          42   84665.1015625  101438.4765625
 CG ITER, OVMR, OVMRUB =          43   84569.4687500  101438.4765625
 CG ITER, OVMR, OVMRUB =          44   84519.9453125  100191.1328125
 CG ITER, OVMR, OVMRUB =          45   84448.7265625   98274.7500000
 CG ITER, OVMR, OVMRUB =          46   84387.4765625   97347.4687500
 CG ITER, OVMR, OVMRUB =          47   84334.1953125   95770.4687500
 CG ITER, OVMR, OVMRUB =          48   84279.7265625   95770.4687500
 CG ITER, OVMR, OVMRUB =          49   84228.8671875   95770.4687500
 CG ITER, OVMR, OVMRUB =          50   84197.4765625   93203.7031250
 CG ITER, OVMR, OVMRUB =          51   84173.7109375   93203.7031250
 CG ITER, OVMR, OVMRUB =          52   84134.7031250   91776.8984375
 CG ITER, OVMR, OVMRUB =          53   84117.2109375   91776.8984375
 CG ITER, OVMR, OVMRUB =          54   84113.5546875   91434.2421875
 CG ITER, OVMR, OVMRUB =          55   84105.3125000   89084.5312500
 CG ITER, OVMR, OVMRUB =          56   84092.9375000   89084.5312500
 CG ITER, OVMR, OVMRUB =          57   84089.5234375   89084.5312500
 CG ITER, OVMR, OVMRUB =          58   84084.4765625   87334.6484375
 CG ITER, OVMR, OVMRUB =          59   84080.3046875   87334.6484375
 CG ITER, OVMR, OVMRUB =          60   84078.6953125   87334.6484375
 CG ITER, OVMR, OVMRUB =          61   84078.7578125   87334.6484375
 CG ITER, OVMR, OVMRUB =          62   84078.6640625   86809.2578125
 CG ITER, OVMR, OVMRUB =          63   84078.7265625   86004.3281250
 CG ITER, OVMR, OVMRUB =          64   84078.7031250   86004.3281250
 CG ITER, OVMR, OVMRUB =          65   84078.7031250   86004.3281250
OVLB =   84078.7031250 OVLUB =   86004.3281250 TIME =     199.5899963
