 CG ITER, OVMR, OVMRUB =           1  100343.9296875  100343.9140625
 CG ITER, OVMR, OVMRUB =           2  100343.9375000  100343.9140625
 CG ITER, OVMR, OVMRUB =           3  100343.9140625  100343.9140625
 CG ITER, OVMR, OVMRUB =           4  100241.9687500  100343.9140625
 CG ITER, OVMR, OVMRUB =           5   98021.9453125  100343.9140625
 CG ITER, OVMR, OVMRUB =           6  100295.3593750  100343.9140625
 CG ITER, OVMR, OVMRUB =           7   99580.6484375  100343.9140625
 CG ITER, OVMR, OVMRUB =           8   96182.0312500  100343.9140625
 CG ITER, OVMR, OVMRUB =           9   94181.5625000  100343.9140625
 CG ITER, OVMR, OVMRUB =          10   92514.7812500  100343.9140625
 CG ITER, OVMR, OVMRUB =          11   90742.1484375  100343.9140625
 CG ITER, OVMR, OVMRUB =          12   89444.8437500  100343.9140625
 CG ITER, OVMR, OVMRUB =          13   87180.1718750  100343.9140625
 CG ITER, OVMR, OVMRUB =          14   86301.3828125  100343.9140625
 CG ITER, OVMR, OVMRUB =          15   85961.8359375  100343.9140625
 CG ITER, OVMR, OVMRUB =          16   85460.8671875  100343.9140625
 CG ITER, OVMR, OVMRUB =          17   85339.7968750  100343.9140625
 CG ITER, OVMR, OVMRUB =          18   84954.4062500  100343.9140625
 CG ITER, OVMR, OVMRUB =          19   84480.5390625  100343.9140625
 CG ITER, OVMR, OVMRUB =          20   84423.7421875  100343.9140625
 CG ITER, OVMR, OVMRUB =          21   84345.0859375  100343.9140625
 CG ITER, OVMR, OVMRUB =          22   83939.9921875  100343.9140625
 CG ITER, OVMR, OVMRUB =          23   83683.3359375  100343.9140625
 CG ITER, OVMR, OVMRUB =          24   83521.4062500  100343.9140625
 CG ITER, OVMR, OVMRUB =          25   83723.4218750  100343.9140625
 CG ITER, OVMR, OVMRUB =          26   83671.6328125  100343.9140625
 CG ITER, OVMR, OVMRUB =          27   83871.5234375  100343.9140625
 CG ITER, OVMR, OVMRUB =          28   84160.5000000  100343.9140625
 CG ITER, OVMR, OVMRUB =          29   84532.7031250  100343.9140625
 CG ITER, OVMR, OVMRUB =          30   84695.9687500  100343.9140625
 CG ITER, OVMR, OVMRUB =          31   84995.3046875  100343.9140625
 CG ITER, OVMR, OVMRUB =          32   85192.0000000  100343.9140625
 CG ITER, OVMR, OVMRUB =          33   85317.3437500  100343.9140625
 CG ITER, OVMR, OVMRUB =          34   85345.0078125  100343.9140625
 CG ITER, OVMR, OVMRUB =          35   85273.2734375  100343.9140625
 CG ITER, OVMR, OVMRUB =          36   85171.1015625  100343.9140625
 CG ITER, OVMR, OVMRUB =          37   85171.7187500  100343.9140625
 CG ITER, OVMR, OVMRUB =          38   85187.4375000  100343.9140625
 CG ITER, OVMR, OVMRUB =          39   85113.3984375  100343.9140625
 CG ITER, OVMR, OVMRUB =          40   85064.5937500  100343.9140625
 CG ITER, OVMR, OVMRUB =          41   84990.8203125   98462.9687500
 CG ITER, OVMR, OVMRUB =          42   84898.4609375   98462.9687500
 CG ITER, OVMR, OVMRUB =          43   84787.6171875   98462.9687500
 CG ITER, OVMR, OVMRUB =          44   84691.7656250   98462.9687500
 CG ITER, OVMR, OVMRUB =          45   84633.8593750   98462.9687500
 CG ITER, OVMR, OVMRUB =          46   84575.8906250   96705.1718750
 CG ITER, OVMR, OVMRUB =          47   84525.9765625   96121.6718750
 CG ITER, OVMR, OVMRUB =          48   84444.4140625   96121.6718750
 CG ITER, OVMR, OVMRUB =          49   84376.4453125   96121.6718750
 CG ITER, OVMR, OVMRUB =          50   84328.8359375   95995.7265625
 CG ITER, OVMR, OVMRUB =          51   84286.3593750   93828.9609375
 CG ITER, OVMR, OVMRUB =          52   84258.7656250   93828.9609375
 CG ITER, OVMR, OVMRUB =          53   84237.5859375   93828.9609375
 CG ITER, OVMR, OVMRUB =          54   84229.5234375   92087.8359375
 CG ITER, OVMR, OVMRUB =          55   84216.7734375   92087.8359375
 CG ITER, OVMR, OVMRUB =          56   84210.8281250   92087.8359375
 CG ITER, OVMR, OVMRUB =          57   84200.3125000   92087.8359375
 CG ITER, OVMR, OVMRUB =          58   84196.0390625   91123.4140625
 CG ITER, OVMR, OVMRUB =          59   84191.7890625   90979.0625000
 CG ITER, OVMR, OVMRUB =          60   84191.7187500   88577.6718750
 CG ITER, OVMR, OVMRUB =          61   84191.2890625   88577.6718750
 CG ITER, OVMR, OVMRUB =          62   84189.4453125   88577.6718750
 CG ITER, OVMR, OVMRUB =          63   84187.8984375   88577.6718750
 CG ITER, OVMR, OVMRUB =          64   84188.7812500   88577.6718750
 CG ITER, OVMR, OVMRUB =          65   84188.8359375   88577.6718750
 CG ITER, OVMR, OVMRUB =          66   84188.2578125   88577.6718750
 CG ITER, OVMR, OVMRUB =          67   84188.5234375   88342.7421875
 CG ITER, OVMR, OVMRUB =          68   84188.4140625   88342.7421875
 CG ITER, OVMR, OVMRUB =          69   84188.6796875   87807.3046875
 CG ITER, OVMR, OVMRUB =          70   84188.8281250   87807.3046875
 CG ITER, OVMR, OVMRUB =          71   84188.7500000   87361.2343750
 CG ITER, OVMR, OVMRUB =          72   84188.6328125   87361.2343750
 CG ITER, OVMR, OVMRUB =          73   84188.8203125   87243.0312500
 CG ITER, OVMR, OVMRUB =          74   84189.0312500   87243.0312500
 CG ITER, OVMR, OVMRUB =          75   84188.4843750   85827.8671875
 CG ITER, OVMR, OVMRUB =          76   84188.4843750   85827.8671875
OVLB =   84188.4843750 OVLUB =   85827.8671875 TIME =      74.1699982
