 CG ITER, OVMR, OVMRUB =           1  102623.9218750  102623.9062500
 CG ITER, OVMR, OVMRUB =           2  102174.9375000  102174.9531250
 CG ITER, OVMR, OVMRUB =           3  101820.2187500  102174.9531250
 CG ITER, OVMR, OVMRUB =           4  101749.8984375  102174.9531250
 CG ITER, OVMR, OVMRUB =           5  100654.3593750  102174.9531250
 CG ITER, OVMR, OVMRUB =           6  100596.3906250  102174.9531250
 CG ITER, OVMR, OVMRUB =           7   99202.3671875  102174.9531250
 CG ITER, OVMR, OVMRUB =           8   96809.2890625  102174.9531250
 CG ITER, OVMR, OVMRUB =           9   93139.6718750  102174.9531250
 CG ITER, OVMR, OVMRUB =          10   90056.6875000  102174.9531250
 CG ITER, OVMR, OVMRUB =          11   89208.6406250  102174.9531250
 CG ITER, OVMR, OVMRUB =          12   87565.5703125  102174.9531250
 CG ITER, OVMR, OVMRUB =          13   86226.7187500  102174.9531250
 CG ITER, OVMR, OVMRUB =          14   84861.8046875  102174.9531250
 CG ITER, OVMR, OVMRUB =          15   84773.4921875  102174.9531250
 CG ITER, OVMR, OVMRUB =          16   84733.7734375  102174.9531250
 CG ITER, OVMR, OVMRUB =          17   84570.8515625  102174.9531250
 CG ITER, OVMR, OVMRUB =          18   84205.7187500  102174.9531250
 CG ITER, OVMR, OVMRUB =          19   83756.5703125  102174.9531250
 CG ITER, OVMR, OVMRUB =          20   83246.6875000  102174.9531250
 CG ITER, OVMR, OVMRUB =          21   83043.4296875  102174.9531250
 CG ITER, OVMR, OVMRUB =          22   82754.2500000  102174.9531250
 CG ITER, OVMR, OVMRUB =          23   82604.1250000  102174.9531250
 CG ITER, OVMR, OVMRUB =          24   82485.8125000  102174.9531250
 CG ITER, OVMR, OVMRUB =          25   82347.0156250  102174.9531250
 CG ITER, OVMR, OVMRUB =          26   82417.2109375  102174.9531250
 CG ITER, OVMR, OVMRUB =          27   82672.8906250  102174.9531250
 CG ITER, OVMR, OVMRUB =          28   82899.6718750  102174.9531250
 CG ITER, OVMR, OVMRUB =          29   83598.3828125  102174.9531250
 CG ITER, OVMR, OVMRUB =          30   84020.1093750  102174.9531250
 CG ITER, OVMR, OVMRUB =          31   84309.8828125  102021.9531250
 CG ITER, OVMR, OVMRUB =          32   84531.8671875  102021.9531250
 CG ITER, OVMR, OVMRUB =          33   84648.5781250  100891.0625000
 CG ITER, OVMR, OVMRUB =          34   84612.3281250  100030.2812500
 CG ITER, OVMR, OVMRUB =          35   84544.4140625  100030.2812500
 CG ITER, OVMR, OVMRUB =          36   84501.3515625  100030.2812500
 CG ITER, OVMR, OVMRUB =          37   84388.6406250   99350.2187500
 CG ITER, OVMR, OVMRUB =          38   84305.7578125   98484.5781250
 CG ITER, OVMR, OVMRUB =          39   84165.4531250   98484.5781250
 CG ITER, OVMR, OVMRUB =          40   84017.6640625   98484.5781250
 CG ITER, OVMR, OVMRUB =          41   83908.3515625   98484.5781250
 CG ITER, OVMR, OVMRUB =          42   83823.5625000   96690.9218750
 CG ITER, OVMR, OVMRUB =          43   83715.1250000   94932.9218750
 CG ITER, OVMR, OVMRUB =          44   83634.8906250   93884.9375000
 CG ITER, OVMR, OVMRUB =          45   83567.3515625   92556.2656250
 CG ITER, OVMR, OVMRUB =          46   83515.3359375   92556.2656250
 CG ITER, OVMR, OVMRUB =          47   83467.0703125   92556.2656250
 CG ITER, OVMR, OVMRUB =          48   83421.9687500   91986.3671875
 CG ITER, OVMR, OVMRUB =          49   83385.3984375   90088.9765625
 CG ITER, OVMR, OVMRUB =          50   83349.7734375   90088.9765625
 CG ITER, OVMR, OVMRUB =          51   83318.8671875   89698.7968750
 CG ITER, OVMR, OVMRUB =          52   83292.6406250   89698.7968750
 CG ITER, OVMR, OVMRUB =          53   83280.9843750   87692.2031250
 CG ITER, OVMR, OVMRUB =          54   83270.4843750   87692.2031250
 CG ITER, OVMR, OVMRUB =          55   83264.0781250   86488.6796875
 CG ITER, OVMR, OVMRUB =          56   83261.5312500   86488.6796875
 CG ITER, OVMR, OVMRUB =          57   83259.7968750   86488.6796875
 CG ITER, OVMR, OVMRUB =          58   83258.7343750   86062.7109375
 CG ITER, OVMR, OVMRUB =          59   83257.4921875   86062.7109375
 CG ITER, OVMR, OVMRUB =          60   83257.4765625   86062.7109375
 CG ITER, OVMR, OVMRUB =          61   83256.0937500   84673.1015625
 CG ITER, OVMR, OVMRUB =          62   83256.0781250   84187.4843750
 CG ITER, OVMR, OVMRUB =          63   83256.0312500   84187.4843750
 CG ITER, OVMR, OVMRUB =          64   83256.0468750   84187.4843750
 CG ITER, OVMR, OVMRUB =          65   83256.0234375   84187.4843750
 CG ITER, OVMR, OVMRUB =          66   83256.0390625   84187.4843750
 CG ITER, OVMR, OVMRUB =          67   83256.0468750   84187.4843750
 CG ITER, OVMR, OVMRUB =          68   83256.0390625   84187.4843750
 CG ITER, OVMR, OVMRUB =          69   83256.0312500   84187.4843750
 CG ITER, OVMR, OVMRUB =          70   83256.0546875   83856.9765625
 CG ITER, OVMR, OVMRUB =          71   83256.0390625   83771.1640625
 CG ITER, OVMR, OVMRUB =          72   83256.0234375   83771.1640625
 CG ITER, OVMR, OVMRUB =          73   83256.0390625   83771.1640625
 CG ITER, OVMR, OVMRUB =          74   83256.0156250   83771.1640625
 CG ITER, OVMR, OVMRUB =          75   83256.0703125   83771.1640625
 CG ITER, OVMR, OVMRUB =          76   83256.0546875   83771.1640625
 CG ITER, OVMR, OVMRUB =          77   83256.0703125   83771.1640625
 CG ITER, OVMR, OVMRUB =          78   83256.0546875   83771.1640625
 CG ITER, OVMR, OVMRUB =          79   83256.0078125   83771.1640625
 CG ITER, OVMR, OVMRUB =          80   83256.0078125   83771.1640625
OVLB =   83256.0078125 OVLUB =   83771.1640625 TIME =      83.0999985
