 CG ITER, OVMR, OVMRUB =           1  101097.4062500  101097.3984375
 CG ITER, OVMR, OVMRUB =           2  101097.3984375  101097.3984375
 CG ITER, OVMR, OVMRUB =           3  101097.3906250  101097.3984375
 CG ITER, OVMR, OVMRUB =           4  101079.0312500  101097.3984375
 CG ITER, OVMR, OVMRUB =           5   89672.8359375  101097.3984375
 CG ITER, OVMR, OVMRUB =           6   88355.6406250  101097.3984375
 CG ITER, OVMR, OVMRUB =           7   87572.3281250  101097.3984375
 CG ITER, OVMR, OVMRUB =           8   86954.8281250  101097.3984375
 CG ITER, OVMR, OVMRUB =           9   86190.3515625  101097.3984375
 CG ITER, OVMR, OVMRUB =          10   85650.9218750  101097.3984375
 CG ITER, OVMR, OVMRUB =          11   85226.6484375  101097.3984375
 CG ITER, OVMR, OVMRUB =          12   84919.4062500  101097.3984375
 CG ITER, OVMR, OVMRUB =          13   84630.2343750  101097.3984375
 CG ITER, OVMR, OVMRUB =          14   84354.7343750  101097.3984375
 CG ITER, OVMR, OVMRUB =          15   84102.5703125  101097.3984375
 CG ITER, OVMR, OVMRUB =          16   83935.1093750  101097.3984375
 CG ITER, OVMR, OVMRUB =          17   83756.9609375  101097.3984375
 CG ITER, OVMR, OVMRUB =          18   83603.0234375  101097.3984375
 CG ITER, OVMR, OVMRUB =          19   83461.8125000  101097.3984375
 CG ITER, OVMR, OVMRUB =          20   83361.9218750  101097.3984375
 CG ITER, OVMR, OVMRUB =          21   83179.6250000  101097.3984375
 CG ITER, OVMR, OVMRUB =          22   83086.7656250  101097.3984375
 CG ITER, OVMR, OVMRUB =          23   83050.2187500  101097.3984375
 CG ITER, OVMR, OVMRUB =          24   83007.4375000  101097.3984375
 CG ITER, OVMR, OVMRUB =          25   82985.1171875  101097.3984375
 CG ITER, OVMR, OVMRUB =          26   82973.0156250  101097.3984375
 CG ITER, OVMR, OVMRUB =          27   82967.1093750  101097.3984375
 CG ITER, OVMR, OVMRUB =          28   82955.6875000  101097.3984375
 CG ITER, OVMR, OVMRUB =          29   82952.8437500  100319.1250000
 CG ITER, OVMR, OVMRUB =          30   82926.8515625  100319.1250000
 CG ITER, OVMR, OVMRUB =          31   82926.2812500  100319.1250000
 CG ITER, OVMR, OVMRUB =          32   82923.6484375   96259.9687500
 CG ITER, OVMR, OVMRUB =          33   82924.3750000   96259.9687500
 CG ITER, OVMR, OVMRUB =          34   82920.9140625   96259.9687500
 CG ITER, OVMR, OVMRUB =          35   82913.2656250   95954.1562500
 CG ITER, OVMR, OVMRUB =          36   82914.6875000   95954.1562500
 CG ITER, OVMR, OVMRUB =          37   82914.7734375   92060.7890625
 CG ITER, OVMR, OVMRUB =          38   82913.4765625   92060.7890625
 CG ITER, OVMR, OVMRUB =          39   82907.0000000   91545.1015625
 CG ITER, OVMR, OVMRUB =          40   82893.9453125   91545.1015625
 CG ITER, OVMR, OVMRUB =          41   82891.7578125   91545.1015625
 CG ITER, OVMR, OVMRUB =          42   82886.0078125   91545.1015625
 CG ITER, OVMR, OVMRUB =          43   82887.0937500   91545.1015625
 CG ITER, OVMR, OVMRUB =          44   82887.4531250   91507.4453125
 CG ITER, OVMR, OVMRUB =          45   82885.6093750   91507.4453125
 CG ITER, OVMR, OVMRUB =          46   82889.5703125   91507.4453125
 CG ITER, OVMR, OVMRUB =          47   82883.7265625   91265.5312500
 CG ITER, OVMR, OVMRUB =          48   82890.3359375   91265.5312500
 CG ITER, OVMR, OVMRUB =          49   82887.4296875   91265.5312500
 CG ITER, OVMR, OVMRUB =          50   82889.8671875   91265.5312500
 CG ITER, OVMR, OVMRUB =          51   82886.7734375   89433.7500000
 CG ITER, OVMR, OVMRUB =          52   82882.8515625   89433.7500000
 CG ITER, OVMR, OVMRUB =          53   82886.2187500   89433.7500000
 CG ITER, OVMR, OVMRUB =          54   82887.4687500   89433.7500000
 CG ITER, OVMR, OVMRUB =          55   82886.9843750   88429.1171875
 CG ITER, OVMR, OVMRUB =          56   82886.9843750   88429.1171875
OVLB =   82886.9843750 OVLUB =   88429.1171875 TIME =      22.8099995
