 CG ITER, OVMR, OVMRUB =           1  103217.2265625  103217.2265625
 CG ITER, OVMR, OVMRUB =           2  103213.8437500  103213.8203125
 CG ITER, OVMR, OVMRUB =           3  103213.8281250  103213.8203125
 CG ITER, OVMR, OVMRUB =           4  103213.8203125  103213.8203125
 CG ITER, OVMR, OVMRUB =           5  103083.3281250  103213.8203125
 CG ITER, OVMR, OVMRUB =           6  101579.4843750  103213.8203125
 CG ITER, OVMR, OVMRUB =           7  101381.0703125  103213.8203125
 CG ITER, OVMR, OVMRUB =           8   99530.8281250  103213.8203125
 CG ITER, OVMR, OVMRUB =           9   94860.4843750  103213.8203125
 CG ITER, OVMR, OVMRUB =          10   91445.8984375  102269.4921875
 CG ITER, OVMR, OVMRUB =          11   90707.9140625  102269.4921875
 CG ITER, OVMR, OVMRUB =          12   88091.6406250  102269.4921875
 CG ITER, OVMR, OVMRUB =          13   86484.4609375  102269.4921875
 CG ITER, OVMR, OVMRUB =          14   85926.8359375  102269.4921875
 CG ITER, OVMR, OVMRUB =          15   85664.9687500  102269.4921875
 CG ITER, OVMR, OVMRUB =          16   85185.6250000  102269.4921875
 CG ITER, OVMR, OVMRUB =          17   84832.4296875  102269.4921875
 CG ITER, OVMR, OVMRUB =          18   84786.4375000  102269.4921875
 CG ITER, OVMR, OVMRUB =          19   84292.2734375  102269.4921875
 CG ITER, OVMR, OVMRUB =          20   84147.6328125  102269.4921875
 CG ITER, OVMR, OVMRUB =          21   83667.1875000  102269.4921875
 CG ITER, OVMR, OVMRUB =          22   83458.4687500  102269.4921875
 CG ITER, OVMR, OVMRUB =          23   83672.3203125  102269.4921875
 CG ITER, OVMR, OVMRUB =          24   83776.7578125  102269.4921875
 CG ITER, OVMR, OVMRUB =          25   83766.7812500  102269.4921875
 CG ITER, OVMR, OVMRUB =          26   83811.5546875  102269.4921875
 CG ITER, OVMR, OVMRUB =          27   83983.1875000  102269.4921875
 CG ITER, OVMR, OVMRUB =          28   84013.9843750  102269.4921875
 CG ITER, OVMR, OVMRUB =          29   84363.3906250  102269.4921875
 CG ITER, OVMR, OVMRUB =          30   84593.7968750  102269.4921875
 CG ITER, OVMR, OVMRUB =          31   84865.9140625  102269.4921875
 CG ITER, OVMR, OVMRUB =          32   85005.5156250  102269.4921875
 CG ITER, OVMR, OVMRUB =          33   84999.2421875  102269.4921875
 CG ITER, OVMR, OVMRUB =          34   84969.7578125  102269.4921875
 CG ITER, OVMR, OVMRUB =          35   84859.4062500  102269.4921875
 CG ITER, OVMR, OVMRUB =          36   84640.3984375  102269.4921875
 CG ITER, OVMR, OVMRUB =          37   84449.2187500  102269.4921875
 CG ITER, OVMR, OVMRUB =          38   84326.2187500   99756.2031250
 CG ITER, OVMR, OVMRUB =          39   84207.3125000   99756.2031250
 CG ITER, OVMR, OVMRUB =          40   84096.2187500   99756.2031250
 CG ITER, OVMR, OVMRUB =          41   83980.1796875   98864.1171875
 CG ITER, OVMR, OVMRUB =          42   83881.0390625   98864.1171875
 CG ITER, OVMR, OVMRUB =          43   83795.8750000   96539.6406250
 CG ITER, OVMR, OVMRUB =          44   83717.6640625   95959.7031250
 CG ITER, OVMR, OVMRUB =          45   83626.0781250   95959.7031250
 CG ITER, OVMR, OVMRUB =          46   83550.8984375   95639.9140625
 CG ITER, OVMR, OVMRUB =          47   83468.4843750   93314.0156250
 CG ITER, OVMR, OVMRUB =          48   83416.2578125   93314.0156250
 CG ITER, OVMR, OVMRUB =          49   83364.3046875   93297.3593750
 CG ITER, OVMR, OVMRUB =          50   83326.6796875   92467.7578125
 CG ITER, OVMR, OVMRUB =          51   83296.4375000   89899.9687500
 CG ITER, OVMR, OVMRUB =          52   83284.1718750   88507.6250000
 CG ITER, OVMR, OVMRUB =          53   83271.8984375   87284.4687500
 CG ITER, OVMR, OVMRUB =          54   83263.7421875   87284.4687500
 CG ITER, OVMR, OVMRUB =          55   83256.6875000   86649.4921875
 CG ITER, OVMR, OVMRUB =          56   83252.3046875   86649.4921875
 CG ITER, OVMR, OVMRUB =          57   83248.7343750   85233.5937500
 CG ITER, OVMR, OVMRUB =          58   83247.1406250   85015.3515625
 CG ITER, OVMR, OVMRUB =          59   83243.8046875   85015.3515625
 CG ITER, OVMR, OVMRUB =          60   83242.1796875   85015.3515625
 CG ITER, OVMR, OVMRUB =          61   83241.8906250   85015.3515625
 CG ITER, OVMR, OVMRUB =          62   83241.7812500   85015.3515625
 CG ITER, OVMR, OVMRUB =          63   83240.4687500   85015.3515625
 CG ITER, OVMR, OVMRUB =          64   83240.3984375   85015.3515625
 CG ITER, OVMR, OVMRUB =          65   83240.4218750   85015.3515625
 CG ITER, OVMR, OVMRUB =          66   83240.4062500   85015.3515625
 CG ITER, OVMR, OVMRUB =          67   83240.4062500   84325.9453125
OVLB =   83240.4062500 OVLUB =   84325.9453125 TIME =      69.3000031
