 CG ITER, OVMR, OVMRUB =           1  100277.4296875  100277.4296875
 CG ITER, OVMR, OVMRUB =           2  100261.9843750  100261.9765625
 CG ITER, OVMR, OVMRUB =           3   97835.5078125  100261.9765625
 CG ITER, OVMR, OVMRUB =           4   96416.2187500  100261.9765625
 CG ITER, OVMR, OVMRUB =           5   94221.7343750  100261.9765625
 CG ITER, OVMR, OVMRUB =           6   95130.6796875  100261.9765625
 CG ITER, OVMR, OVMRUB =           7   93483.4921875  100261.9765625
 CG ITER, OVMR, OVMRUB =           8   90539.9687500  100261.9765625
 CG ITER, OVMR, OVMRUB =           9   87917.1250000  100261.9765625
 CG ITER, OVMR, OVMRUB =          10   86073.8515625  100261.9765625
 CG ITER, OVMR, OVMRUB =          11   85523.4921875  100261.9765625
 CG ITER, OVMR, OVMRUB =          12   85139.1250000  100261.9765625
 CG ITER, OVMR, OVMRUB =          13   84664.6250000  100261.9765625
 CG ITER, OVMR, OVMRUB =          14   84206.2500000  100261.9765625
 CG ITER, OVMR, OVMRUB =          15   83643.1015625  100261.9765625
 CG ITER, OVMR, OVMRUB =          16   83006.9609375  100261.9765625
 CG ITER, OVMR, OVMRUB =          17   82265.5000000  100261.9765625
 CG ITER, OVMR, OVMRUB =          18   81972.7656250  100261.9765625
 CG ITER, OVMR, OVMRUB =          19   81601.0546875  100261.9765625
 CG ITER, OVMR, OVMRUB =          20   81432.4140625  100261.9765625
 CG ITER, OVMR, OVMRUB =          21   81269.7109375  100261.9765625
 CG ITER, OVMR, OVMRUB =          22   81238.2500000  100261.9765625
 CG ITER, OVMR, OVMRUB =          23   81491.5312500  100261.9765625
 CG ITER, OVMR, OVMRUB =          24   81555.4062500  100261.9765625
 CG ITER, OVMR, OVMRUB =          25   81684.8671875  100261.9765625
 CG ITER, OVMR, OVMRUB =          26   81850.5781250  100261.9765625
 CG ITER, OVMR, OVMRUB =          27   82037.4140625  100261.9765625
 CG ITER, OVMR, OVMRUB =          28   82052.2734375  100261.9765625
 CG ITER, OVMR, OVMRUB =          29   82076.0859375  100261.9765625
 CG ITER, OVMR, OVMRUB =          30   82022.5390625  100261.9765625
 CG ITER, OVMR, OVMRUB =          31   81973.4765625  100261.9765625
 CG ITER, OVMR, OVMRUB =          32   81779.4296875  100261.9765625
 CG ITER, OVMR, OVMRUB =          33   81573.4296875   99959.8046875
 CG ITER, OVMR, OVMRUB =          34   81371.2890625   99959.8046875
 CG ITER, OVMR, OVMRUB =          35   81222.5078125   99959.8046875
 CG ITER, OVMR, OVMRUB =          36   81101.8906250   99874.7343750
 CG ITER, OVMR, OVMRUB =          37   80987.6093750   97065.5000000
 CG ITER, OVMR, OVMRUB =          38   80843.7968750   97065.5000000
 CG ITER, OVMR, OVMRUB =          39   80735.8828125   94386.2109375
 CG ITER, OVMR, OVMRUB =          40   80652.5859375   94386.2109375
 CG ITER, OVMR, OVMRUB =          41   80560.4218750   94386.2109375
 CG ITER, OVMR, OVMRUB =          42   80486.3437500   94386.2109375
 CG ITER, OVMR, OVMRUB =          43   80416.2500000   94386.2109375
 CG ITER, OVMR, OVMRUB =          44   80352.3437500   93201.0625000
 CG ITER, OVMR, OVMRUB =          45   80302.5312500   91398.1015625
 CG ITER, OVMR, OVMRUB =          46   80254.1171875   91359.3359375
 CG ITER, OVMR, OVMRUB =          47   80187.0937500   88336.5312500
 CG ITER, OVMR, OVMRUB =          48   80179.5859375   87031.7578125
 CG ITER, OVMR, OVMRUB =          49   80159.5000000   87031.7578125
 CG ITER, OVMR, OVMRUB =          50   80151.6015625   86205.0468750
 CG ITER, OVMR, OVMRUB =          51   80144.3437500   86205.0468750
 CG ITER, OVMR, OVMRUB =          52   80142.4765625   84469.9062500
 CG ITER, OVMR, OVMRUB =          53   80139.5546875   84403.4687500
 CG ITER, OVMR, OVMRUB =          54   80136.3046875   84403.4687500
 CG ITER, OVMR, OVMRUB =          55   80131.4609375   84403.4687500
 CG ITER, OVMR, OVMRUB =          56   80129.7265625   84403.4687500
 CG ITER, OVMR, OVMRUB =          57   80127.7890625   84403.4687500
 CG ITER, OVMR, OVMRUB =          58   80127.0937500   84403.4687500
 CG ITER, OVMR, OVMRUB =          59   80126.6015625   84403.4687500
 CG ITER, OVMR, OVMRUB =          60   80125.6406250   83939.2656250
 CG ITER, OVMR, OVMRUB =          61   80126.2578125   83939.2656250
 CG ITER, OVMR, OVMRUB =          62   80125.6250000   83939.2656250
 CG ITER, OVMR, OVMRUB =          63   80125.8046875   83106.6953125
 CG ITER, OVMR, OVMRUB =          64   80125.1875000   83106.6953125
 CG ITER, OVMR, OVMRUB =          65   80125.2500000   82993.2656250
 CG ITER, OVMR, OVMRUB =          66   80125.4296875   82993.2656250
 CG ITER, OVMR, OVMRUB =          67   80125.4375000   82993.2656250
 CG ITER, OVMR, OVMRUB =          68   80126.1953125   82993.2656250
 CG ITER, OVMR, OVMRUB =          69   80125.9531250   82993.2656250
 CG ITER, OVMR, OVMRUB =          70   80125.5781250   82993.2656250
 CG ITER, OVMR, OVMRUB =          71   80125.8046875   82993.2656250
 CG ITER, OVMR, OVMRUB =          72   80125.6718750   82993.2656250
 CG ITER, OVMR, OVMRUB =          73   80126.1875000   82993.2656250
 CG ITER, OVMR, OVMRUB =          74   80125.8125000   82842.3828125
 CG ITER, OVMR, OVMRUB =          75   80125.8125000   82842.3828125
OVLB =   80125.8125000 OVLUB =   82842.3828125 TIME =     131.6699982
