 CG ITER, OVMR, OVMRUB =           1  104967.3593750  104967.3593750
 CG ITER, OVMR, OVMRUB =           2  104074.1718750  104074.1640625
 CG ITER, OVMR, OVMRUB =           3  104049.1484375  104074.1640625
 CG ITER, OVMR, OVMRUB =           4  102594.3828125  104074.1640625
 CG ITER, OVMR, OVMRUB =           5   99969.7968750  104074.1640625
 CG ITER, OVMR, OVMRUB =           6   99805.7031250  104074.1640625
 CG ITER, OVMR, OVMRUB =           7   97816.9843750  104074.1640625
 CG ITER, OVMR, OVMRUB =           8   95595.2968750  104074.1640625
 CG ITER, OVMR, OVMRUB =           9   91865.2265625  104074.1640625
 CG ITER, OVMR, OVMRUB =          10   89612.1718750  104074.1640625
 CG ITER, OVMR, OVMRUB =          11   88421.1484375  104074.1640625
 CG ITER, OVMR, OVMRUB =          12   87058.0781250  104074.1640625
 CG ITER, OVMR, OVMRUB =          13   85563.2890625  104074.1640625
 CG ITER, OVMR, OVMRUB =          14   85613.9921875  104074.1640625
 CG ITER, OVMR, OVMRUB =          15   85887.1250000  104074.1640625
 CG ITER, OVMR, OVMRUB =          16   85549.9687500  104074.1640625
 CG ITER, OVMR, OVMRUB =          17   85404.7734375  104074.1640625
 CG ITER, OVMR, OVMRUB =          18   85304.6171875  104074.1640625
 CG ITER, OVMR, OVMRUB =          19   85278.7421875  104074.1640625
 CG ITER, OVMR, OVMRUB =          20   85278.3593750  104074.1640625
 CG ITER, OVMR, OVMRUB =          21   85341.6171875  104074.1640625
 CG ITER, OVMR, OVMRUB =          22   85359.2265625  104074.1640625
 CG ITER, OVMR, OVMRUB =          23   85575.5078125  104074.1640625
 CG ITER, OVMR, OVMRUB =          24   85679.0156250  104074.1640625
 CG ITER, OVMR, OVMRUB =          25   85716.4609375  104074.1640625
 CG ITER, OVMR, OVMRUB =          26   85847.1875000  104074.1640625
 CG ITER, OVMR, OVMRUB =          27   86083.2578125  104074.1640625
 CG ITER, OVMR, OVMRUB =          28   86141.3906250  104074.1640625
 CG ITER, OVMR, OVMRUB =          29   86100.7578125  104074.1640625
 CG ITER, OVMR, OVMRUB =          30   85983.1015625  104074.1640625
 CG ITER, OVMR, OVMRUB =          31   85862.2578125  104074.1640625
 CG ITER, OVMR, OVMRUB =          32   85803.2734375  104074.1640625
 CG ITER, OVMR, OVMRUB =          33   85675.1640625  104074.1640625
 CG ITER, OVMR, OVMRUB =          34   85531.9062500  102166.1093750
 CG ITER, OVMR, OVMRUB =          35   85408.2109375  102166.1093750
 CG ITER, OVMR, OVMRUB =          36   85273.3906250  102166.1093750
 CG ITER, OVMR, OVMRUB =          37   85104.4453125  102166.1093750
 CG ITER, OVMR, OVMRUB =          38   85000.9843750  102166.1093750
 CG ITER, OVMR, OVMRUB =          39   84899.5625000  100910.0156250
 CG ITER, OVMR, OVMRUB =          40   84801.4062500  100910.0156250
 CG ITER, OVMR, OVMRUB =          41   84703.7500000  100321.3906250
 CG ITER, OVMR, OVMRUB =          42   84610.5468750  100321.3906250
 CG ITER, OVMR, OVMRUB =          43   84555.4375000  100321.3906250
 CG ITER, OVMR, OVMRUB =          44   84478.8515625  100321.3906250
 CG ITER, OVMR, OVMRUB =          45   84392.6718750   99378.9531250
 CG ITER, OVMR, OVMRUB =          46   84359.6250000   97309.1093750
 CG ITER, OVMR, OVMRUB =          47   84308.7500000   97309.1093750
 CG ITER, OVMR, OVMRUB =          48   84274.7187500   97309.1093750
 CG ITER, OVMR, OVMRUB =          49   84250.5000000   96630.5703125
 CG ITER, OVMR, OVMRUB =          50   84216.5468750   93953.1640625
 CG ITER, OVMR, OVMRUB =          51   84204.9453125   93000.6250000
 CG ITER, OVMR, OVMRUB =          52   84195.3046875   93000.6250000
 CG ITER, OVMR, OVMRUB =          53   84193.9062500   91822.9375000
 CG ITER, OVMR, OVMRUB =          54   84185.6562500   90126.6250000
 CG ITER, OVMR, OVMRUB =          55   84177.2578125   90126.6250000
 CG ITER, OVMR, OVMRUB =          56   84172.2656250   90126.6250000
 CG ITER, OVMR, OVMRUB =          57   84168.4843750   90126.6250000
 CG ITER, OVMR, OVMRUB =          58   84162.0156250   90126.6250000
 CG ITER, OVMR, OVMRUB =          59   84162.3437500   88773.0937500
 CG ITER, OVMR, OVMRUB =          60   84160.5000000   88773.0937500
 CG ITER, OVMR, OVMRUB =          61   84160.5625000   88773.0937500
 CG ITER, OVMR, OVMRUB =          62   84160.3906250   88773.0937500
 CG ITER, OVMR, OVMRUB =          63   84160.0546875   87495.6484375
 CG ITER, OVMR, OVMRUB =          64   84160.2968750   87495.6484375
 CG ITER, OVMR, OVMRUB =          65   84160.1250000   86798.4140625
 CG ITER, OVMR, OVMRUB =          66   84160.2578125   86798.4140625
 CG ITER, OVMR, OVMRUB =          67   84160.4765625   85691.0234375
 CG ITER, OVMR, OVMRUB =          68   84160.5703125   85691.0234375
 CG ITER, OVMR, OVMRUB =          69   84160.3671875   85691.0234375
 CG ITER, OVMR, OVMRUB =          70   84160.5078125   85691.0234375
 CG ITER, OVMR, OVMRUB =          71   84160.3515625   85691.0234375
 CG ITER, OVMR, OVMRUB =          72   84160.5937500   85691.0234375
 CG ITER, OVMR, OVMRUB =          73   84160.1406250   85691.0234375
 CG ITER, OVMR, OVMRUB =          74   84160.5937500   85691.0234375
 CG ITER, OVMR, OVMRUB =          75   84160.3281250   85691.0234375
 CG ITER, OVMR, OVMRUB =          76   84160.1250000   85525.3515625
 CG ITER, OVMR, OVMRUB =          77   84160.0468750   85525.3515625
 CG ITER, OVMR, OVMRUB =          78   84160.4062500   85525.3515625
 CG ITER, OVMR, OVMRUB =          79   84160.4062500   85525.3515625
OVLB =   84160.4062500 OVLUB =   85525.3515625 TIME =     129.7500000
