 CG ITER, OVMR, OVMRUB =           1   35168.5156250   28309.2988281
 CG ITER, OVMR, OVMRUB =           2   28309.2988281   28309.2988281
 CG ITER, OVMR, OVMRUB =           3   28309.3046875   28309.2988281
 CG ITER, OVMR, OVMRUB =           4   28309.2949219   28309.2988281
 CG ITER, OVMR, OVMRUB =           5   27773.7285156   28309.2988281
 CG ITER, OVMR, OVMRUB =           6   27626.6738281   28309.2988281
 CG ITER, OVMR, OVMRUB =           7   27503.5878906   28309.2988281
 CG ITER, OVMR, OVMRUB =           8   27290.6367188   28309.2988281
 CG ITER, OVMR, OVMRUB =           9   27184.5781250   28309.2988281
 CG ITER, OVMR, OVMRUB =          10   27054.8046875   28309.2988281
 CG ITER, OVMR, OVMRUB =          11   26944.1796875   28309.2988281
 CG ITER, OVMR, OVMRUB =          12   26875.4121094   28309.2988281
 CG ITER, OVMR, OVMRUB =          13   26799.5527344   28309.2988281
 CG ITER, OVMR, OVMRUB =          14   26725.7382812   28309.2988281
 CG ITER, OVMR, OVMRUB =          15   26653.5117188   28309.2988281
 CG ITER, OVMR, OVMRUB =          16   26598.1484375   28309.2988281
 CG ITER, OVMR, OVMRUB =          17   26544.0292969   28309.2988281
 CG ITER, OVMR, OVMRUB =          18   26498.1699219   28309.2988281
 CG ITER, OVMR, OVMRUB =          19   26466.4941406   28309.2988281
 CG ITER, OVMR, OVMRUB =          20   26412.5097656   28149.9960938
 CG ITER, OVMR, OVMRUB =          21   26370.8906250   28149.9960938
 CG ITER, OVMR, OVMRUB =          22   26332.0937500   27587.9765625
 CG ITER, OVMR, OVMRUB =          23   26310.3632812   27587.9765625
 CG ITER, OVMR, OVMRUB =          24   26291.8164062   27587.9765625
 CG ITER, OVMR, OVMRUB =          25   26276.6855469   27240.9042969
 CG ITER, OVMR, OVMRUB =          26   26261.6679688   27240.9042969
 CG ITER, OVMR, OVMRUB =          27   26240.6523438   27240.9042969
 CG ITER, OVMR, OVMRUB =          28   26226.4082031   27240.9042969
 CG ITER, OVMR, OVMRUB =          29   26210.9003906   27112.8027344
 CG ITER, OVMR, OVMRUB =          30   26199.2460938   27112.8027344
 CG ITER, OVMR, OVMRUB =          31   26191.4335938   26651.6914062
 CG ITER, OVMR, OVMRUB =          32   26186.9414062   26651.6914062
 CG ITER, OVMR, OVMRUB =          33   26180.7949219   26651.6914062
 CG ITER, OVMR, OVMRUB =          34   26178.1621094   26620.6953125
 CG ITER, OVMR, OVMRUB =          35   26176.8828125   26620.6953125
 CG ITER, OVMR, OVMRUB =          36   26174.5859375   26620.6953125
 CG ITER, OVMR, OVMRUB =          37   26173.1718750   26620.6953125
 INTEGER AT MR SG, ISGI =         244
 MR PROBLEM NEW UB =   26171.9023438
 CG ITER, OVMR, OVMRUB =          38   26171.9003906   26171.9023438
 CG ITER, OVMR, OVMRUB =          39   26171.9023438   26171.9023438
 CG ITER, OVMR, OVMRUB =          40   26171.8476562   26171.9023438
 CG ITER, OVMR, OVMRUB =          41   26171.8496094   26171.9023438
 CG ITER, OVMR, OVMRUB =          42   26171.8496094   26171.9023438
OVLB =   26171.8496094 OVLUB =   26171.9023438 TIME =      27.9200001
