 CG ITER, OVMR, OVMRUB =           1  103809.0312500  103809.0312500
 CG ITER, OVMR, OVMRUB =           2  103809.0390625  103809.0312500
 CG ITER, OVMR, OVMRUB =           3  103809.0000000  103809.0312500
 CG ITER, OVMR, OVMRUB =           4  103809.0234375  103809.0312500
 CG ITER, OVMR, OVMRUB =           5  102337.0156250  103809.0312500
 CG ITER, OVMR, OVMRUB =           6  101198.5781250  103809.0312500
 CG ITER, OVMR, OVMRUB =           7   99490.4609375  103809.0312500
 CG ITER, OVMR, OVMRUB =           8  102142.6093750  103809.0312500
 CG ITER, OVMR, OVMRUB =           9  100666.1328125  103809.0312500
 CG ITER, OVMR, OVMRUB =          10   98796.9843750  103809.0312500
 CG ITER, OVMR, OVMRUB =          11   95643.7968750  103809.0312500
 CG ITER, OVMR, OVMRUB =          12   90838.7500000  103809.0312500
 CG ITER, OVMR, OVMRUB =          13   88963.9687500  103809.0312500
 CG ITER, OVMR, OVMRUB =          14   85348.4140625  103809.0312500
 CG ITER, OVMR, OVMRUB =          15   84384.8046875  103809.0312500
 CG ITER, OVMR, OVMRUB =          16   83606.9296875  103809.0312500
 CG ITER, OVMR, OVMRUB =          17   82530.4843750  103809.0312500
 CG ITER, OVMR, OVMRUB =          18   81223.7421875  103809.0312500
 CG ITER, OVMR, OVMRUB =          19   80632.3984375  103809.0312500
 CG ITER, OVMR, OVMRUB =          20   80068.2968750  103809.0312500
 CG ITER, OVMR, OVMRUB =          21   78932.4921875  103809.0312500
 CG ITER, OVMR, OVMRUB =          22   77890.6875000  103809.0312500
 CG ITER, OVMR, OVMRUB =          23   77076.0312500  103809.0312500
 CG ITER, OVMR, OVMRUB =          24   76963.4140625  103809.0312500
 CG ITER, OVMR, OVMRUB =          25   76648.3203125  103809.0312500
 CG ITER, OVMR, OVMRUB =          26   76270.1093750  103809.0312500
 CG ITER, OVMR, OVMRUB =          27   76146.4375000  102803.2500000
 CG ITER, OVMR, OVMRUB =          28   76124.0468750  102803.2500000
 CG ITER, OVMR, OVMRUB =          29   76268.1250000  102803.2500000
 CG ITER, OVMR, OVMRUB =          30   76468.7734375  102230.5390625
 CG ITER, OVMR, OVMRUB =          31   76716.9140625  102033.8984375
 CG ITER, OVMR, OVMRUB =          32   76977.5703125  102033.8984375
 CG ITER, OVMR, OVMRUB =          33   77658.4218750  102033.8984375
 CG ITER, OVMR, OVMRUB =          34   78371.6640625  100312.4062500
 CG ITER, OVMR, OVMRUB =          35   78658.8750000  100312.4062500
 CG ITER, OVMR, OVMRUB =          36   79034.3515625   97134.9140625
 CG ITER, OVMR, OVMRUB =          37   79188.3515625   95058.4140625
 CG ITER, OVMR, OVMRUB =          38   79268.5937500   94693.4687500
 CG ITER, OVMR, OVMRUB =          39   79145.7656250   93858.4531250
 CG ITER, OVMR, OVMRUB =          40   79050.5859375   93858.4531250
 CG ITER, OVMR, OVMRUB =          41   78998.1015625   92447.7578125
 CG ITER, OVMR, OVMRUB =          42   78956.7265625   92447.7578125
 CG ITER, OVMR, OVMRUB =          43   78945.0156250   91477.1015625
 CG ITER, OVMR, OVMRUB =          44   78931.5312500   91477.1015625
 CG ITER, OVMR, OVMRUB =          45   78943.1171875   89458.1718750
 CG ITER, OVMR, OVMRUB =          46   78969.2343750   88968.8593750
 CG ITER, OVMR, OVMRUB =          47   78986.4453125   86076.1093750
 CG ITER, OVMR, OVMRUB =          48   79010.9531250   86076.1093750
 CG ITER, OVMR, OVMRUB =          49   78990.4140625   86076.1093750
 CG ITER, OVMR, OVMRUB =          50   78981.2265625   85322.8515625
 CG ITER, OVMR, OVMRUB =          51   78975.0625000   84929.8671875
 CG ITER, OVMR, OVMRUB =          52   78969.3593750   84866.9609375
 CG ITER, OVMR, OVMRUB =          53   78967.2578125   83615.3515625
 CG ITER, OVMR, OVMRUB =          54   78967.9453125   83615.3515625
 CG ITER, OVMR, OVMRUB =          55   78967.6718750   82488.2578125
 CG ITER, OVMR, OVMRUB =          56   78967.7421875   82488.2578125
 CG ITER, OVMR, OVMRUB =          57   78967.5781250   82488.2578125
 CG ITER, OVMR, OVMRUB =          58   78967.6562500   82488.2578125
 CG ITER, OVMR, OVMRUB =          59   78967.4921875   82488.2578125
 CG ITER, OVMR, OVMRUB =          60   78967.6562500   82488.2578125
 CG ITER, OVMR, OVMRUB =          61   78966.9921875   82488.2578125
 CG ITER, OVMR, OVMRUB =          62   78967.4843750   82488.2578125
 CG ITER, OVMR, OVMRUB =          63   78967.4843750   82488.2578125
OVLB =   78967.4843750 OVLUB =   82488.2578125 TIME =     159.4799957
