 CG ITER, OVMR, OVMRUB =           1  102776.7578125  102776.7421875
 CG ITER, OVMR, OVMRUB =           2  101750.5156250  101750.5000000
 CG ITER, OVMR, OVMRUB =           3  100783.1640625  101750.5000000
 CG ITER, OVMR, OVMRUB =           4   95046.9453125  101750.5000000
 CG ITER, OVMR, OVMRUB =           5   91943.4765625  101750.5000000
 CG ITER, OVMR, OVMRUB =           6   95023.4140625  101750.5000000
 CG ITER, OVMR, OVMRUB =           7   96347.2187500  101750.5000000
 CG ITER, OVMR, OVMRUB =           8   96614.2812500  101750.5000000
 CG ITER, OVMR, OVMRUB =           9   97530.5390625  101750.5000000
 CG ITER, OVMR, OVMRUB =          10   95312.0625000  101750.5000000
 CG ITER, OVMR, OVMRUB =          11   91442.6406250  101750.5000000
 CG ITER, OVMR, OVMRUB =          12   90247.5000000  101750.5000000
 CG ITER, OVMR, OVMRUB =          13   87059.7656250  101750.5000000
 CG ITER, OVMR, OVMRUB =          14   85601.9531250  101750.5000000
 CG ITER, OVMR, OVMRUB =          15   84599.5937500  101750.5000000
 CG ITER, OVMR, OVMRUB =          16   83217.3125000  101750.5000000
 CG ITER, OVMR, OVMRUB =          17   82065.8750000  101750.5000000
 CG ITER, OVMR, OVMRUB =          18   81610.2421875  101750.5000000
 CG ITER, OVMR, OVMRUB =          19   79802.9062500  101750.5000000
 CG ITER, OVMR, OVMRUB =          20   78198.8125000  101750.5000000
 CG ITER, OVMR, OVMRUB =          21   77038.6406250  101750.5000000
 CG ITER, OVMR, OVMRUB =          22   76294.8203125  101750.5000000
 CG ITER, OVMR, OVMRUB =          23   75217.1171875  101750.5000000
 CG ITER, OVMR, OVMRUB =          24   74339.4687500  101750.5000000
 CG ITER, OVMR, OVMRUB =          25   72961.2812500  101750.5000000
 CG ITER, OVMR, OVMRUB =          26   72085.8359375  101750.5000000
 CG ITER, OVMR, OVMRUB =          27   71813.3281250  101750.5000000
 CG ITER, OVMR, OVMRUB =          28   71006.1640625  101750.5000000
 CG ITER, OVMR, OVMRUB =          29   71420.9921875  101750.5000000
 CG ITER, OVMR, OVMRUB =          30   71518.5390625  101750.5000000
 CG ITER, OVMR, OVMRUB =          31   71862.0468750  101462.1328125
 CG ITER, OVMR, OVMRUB =          32   72470.1328125  101462.1328125
 CG ITER, OVMR, OVMRUB =          33   73056.6484375   98533.1718750
 CG ITER, OVMR, OVMRUB =          34   73498.6171875   96678.4453125
 CG ITER, OVMR, OVMRUB =          35   74400.2187500   96596.2187500
 CG ITER, OVMR, OVMRUB =          36   75007.9218750   96130.8515625
 CG ITER, OVMR, OVMRUB =          37   75565.3593750   95153.9140625
 CG ITER, OVMR, OVMRUB =          38   75946.7812500   95153.9140625
 CG ITER, OVMR, OVMRUB =          39   76370.3828125   95153.9140625
 CG ITER, OVMR, OVMRUB =          40   76575.9843750   93160.3906250
 CG ITER, OVMR, OVMRUB =          41   76644.3515625   90190.8359375
 CG ITER, OVMR, OVMRUB =          42   76694.8593750   90190.8359375
 CG ITER, OVMR, OVMRUB =          43   76743.0078125   89249.5781250
 CG ITER, OVMR, OVMRUB =          44   76792.1484375   88350.1015625
 CG ITER, OVMR, OVMRUB =          45   76835.2968750   86388.6406250
 CG ITER, OVMR, OVMRUB =          46   76893.1093750   86388.6406250
 CG ITER, OVMR, OVMRUB =          47   76946.7031250   85043.6953125
 CG ITER, OVMR, OVMRUB =          48   76987.5000000   84505.0781250
 CG ITER, OVMR, OVMRUB =          49   77073.8828125   83891.6171875
 CG ITER, OVMR, OVMRUB =          50   77140.3515625   82524.6171875
 CG ITER, OVMR, OVMRUB =          51   77159.2421875   81654.9609375
 CG ITER, OVMR, OVMRUB =          52   77171.6562500   81654.9609375
 CG ITER, OVMR, OVMRUB =          53   77206.9453125   80272.6640625
 CG ITER, OVMR, OVMRUB =          54   77233.9687500   80272.6640625
 CG ITER, OVMR, OVMRUB =          55   77261.5937500   80272.6640625
 CG ITER, OVMR, OVMRUB =          56   77253.1796875   79087.0703125
 CG ITER, OVMR, OVMRUB =          57   77252.7578125   79087.0703125
 CG ITER, OVMR, OVMRUB =          58   77252.2343750   79087.0703125
 CG ITER, OVMR, OVMRUB =          59   77252.1328125   79087.0703125
 CG ITER, OVMR, OVMRUB =          60   77252.1093750   79087.0703125
 CG ITER, OVMR, OVMRUB =          61   77252.0546875   79087.0703125
 CG ITER, OVMR, OVMRUB =          62   77251.9921875   79087.0703125
 CG ITER, OVMR, OVMRUB =          63   77252.1328125   79087.0703125
 CG ITER, OVMR, OVMRUB =          64   77252.1015625   79087.0703125
 CG ITER, OVMR, OVMRUB =          65   77252.1718750   79087.0703125
 CG ITER, OVMR, OVMRUB =          66   77252.1328125   79087.0703125
 CG ITER, OVMR, OVMRUB =          67   77252.0781250   79087.0703125
 CG ITER, OVMR, OVMRUB =          68   77252.1484375   79087.0703125
 CG ITER, OVMR, OVMRUB =          69   77252.1328125   78991.6406250
 CG ITER, OVMR, OVMRUB =          70   77252.1171875   78991.6406250
 CG ITER, OVMR, OVMRUB =          71   77252.1406250   78970.8359375
 CG ITER, OVMR, OVMRUB =          72   77252.0937500   78313.5546875
 CG ITER, OVMR, OVMRUB =          73   77252.1562500   78313.5546875
 CG ITER, OVMR, OVMRUB =          74   77252.1250000   78313.5546875
 CG ITER, OVMR, OVMRUB =          75   77252.1250000   78313.5546875
OVLB =   77252.1250000 OVLUB =   78313.5546875 TIME =     237.6799927
