 CG ITER, OVMR, OVMRUB =           1  109395.0703125  109395.0312500
 CG ITER, OVMR, OVMRUB =           2  103627.7812500  103627.7812500
 CG ITER, OVMR, OVMRUB =           3  103627.7812500  103627.7812500
 CG ITER, OVMR, OVMRUB =           4  101853.2968750  103627.7812500
 CG ITER, OVMR, OVMRUB =           5   97969.9687500  103627.7812500
 CG ITER, OVMR, OVMRUB =           6  100423.6640625  103627.7812500
 CG ITER, OVMR, OVMRUB =           7  101066.3828125  103627.7812500
 CG ITER, OVMR, OVMRUB =           8   99929.4296875  103627.7812500
 CG ITER, OVMR, OVMRUB =           9   99216.4296875  103627.7812500
 CG ITER, OVMR, OVMRUB =          10   99267.3750000  103627.7812500
 CG ITER, OVMR, OVMRUB =          11   94994.3515625  103627.7812500
 CG ITER, OVMR, OVMRUB =          12   92223.3906250  103627.7812500
 CG ITER, OVMR, OVMRUB =          13   88620.8046875  103627.7812500
 CG ITER, OVMR, OVMRUB =          14   88389.3828125  103627.7812500
 CG ITER, OVMR, OVMRUB =          15   87014.2265625  103627.7812500
 CG ITER, OVMR, OVMRUB =          16   86286.9765625  103627.7812500
 CG ITER, OVMR, OVMRUB =          17   85160.6406250  103627.7812500
 CG ITER, OVMR, OVMRUB =          18   83056.1562500  103627.7812500
 CG ITER, OVMR, OVMRUB =          19   82488.6562500  103627.7812500
 CG ITER, OVMR, OVMRUB =          20   81644.6093750  103627.7812500
 CG ITER, OVMR, OVMRUB =          21   81008.3046875  103627.7812500
 CG ITER, OVMR, OVMRUB =          22   80350.2343750  103627.7812500
 CG ITER, OVMR, OVMRUB =          23   79987.9687500  103627.7812500
 CG ITER, OVMR, OVMRUB =          24   80093.9921875  103627.7812500
 CG ITER, OVMR, OVMRUB =          25   80242.4687500  103627.7812500
 CG ITER, OVMR, OVMRUB =          26   80326.7812500  103627.7812500
 CG ITER, OVMR, OVMRUB =          27   80272.7421875  103627.7812500
 CG ITER, OVMR, OVMRUB =          28   80795.8984375  103627.7812500
 CG ITER, OVMR, OVMRUB =          29   81056.9375000  103627.7812500
 CG ITER, OVMR, OVMRUB =          30   81394.5468750  103627.7812500
 CG ITER, OVMR, OVMRUB =          31   81985.1562500  103627.7812500
 CG ITER, OVMR, OVMRUB =          32   82611.5546875  103627.7812500
 CG ITER, OVMR, OVMRUB =          33   83257.6796875  103627.7812500
 CG ITER, OVMR, OVMRUB =          34   83702.0546875  103216.7343750
 CG ITER, OVMR, OVMRUB =          35   83805.8906250  101889.6250000
 CG ITER, OVMR, OVMRUB =          36   83895.1015625  100280.2734375
 CG ITER, OVMR, OVMRUB =          37   83820.6484375   97975.1328125
 CG ITER, OVMR, OVMRUB =          38   83753.5546875   97975.1328125
 CG ITER, OVMR, OVMRUB =          39   83662.1328125   97975.1328125
 CG ITER, OVMR, OVMRUB =          40   83617.4609375   97975.1328125
 CG ITER, OVMR, OVMRUB =          41   83593.3359375   97975.1328125
 CG ITER, OVMR, OVMRUB =          42   83541.4687500   95976.0312500
 CG ITER, OVMR, OVMRUB =          43   83525.8203125   94185.1718750
 CG ITER, OVMR, OVMRUB =          44   83535.5468750   94185.1718750
 CG ITER, OVMR, OVMRUB =          45   83540.2734375   91320.2421875
 CG ITER, OVMR, OVMRUB =          46   83547.8359375   91320.2421875
 CG ITER, OVMR, OVMRUB =          47   83576.6484375   91320.2421875
 CG ITER, OVMR, OVMRUB =          48   83602.1328125   90413.9921875
 CG ITER, OVMR, OVMRUB =          49   83634.9843750   89942.9453125
 CG ITER, OVMR, OVMRUB =          50   83675.1640625   89242.0703125
 CG ITER, OVMR, OVMRUB =          51   83715.8359375   89242.0703125
 CG ITER, OVMR, OVMRUB =          52   83757.5390625   88862.8281250
 CG ITER, OVMR, OVMRUB =          53   83794.5625000   88702.6328125
 CG ITER, OVMR, OVMRUB =          54   83838.8046875   88702.6328125
 CG ITER, OVMR, OVMRUB =          55   83874.2265625   87873.5625000
 CG ITER, OVMR, OVMRUB =          56   83906.8906250   87755.5781250
 CG ITER, OVMR, OVMRUB =          57   83951.0859375   87755.5781250
 CG ITER, OVMR, OVMRUB =          58   83950.7187500   87755.5781250
 CG ITER, OVMR, OVMRUB =          59   83949.3593750   87574.1562500
 CG ITER, OVMR, OVMRUB =          60   83950.1093750   87574.1562500
 CG ITER, OVMR, OVMRUB =          61   83950.2812500   87574.1562500
 CG ITER, OVMR, OVMRUB =          62   83950.3828125   87027.3750000
 CG ITER, OVMR, OVMRUB =          63   83950.2265625   85852.3437500
 CG ITER, OVMR, OVMRUB =          64   83951.1953125   85852.3437500
 CG ITER, OVMR, OVMRUB =          65   83950.9609375   85852.3437500
 CG ITER, OVMR, OVMRUB =          66   83951.8906250   85852.3437500
 CG ITER, OVMR, OVMRUB =          67   83950.7812500   85852.3437500
 CG ITER, OVMR, OVMRUB =          68   83949.1640625   85852.3437500
 CG ITER, OVMR, OVMRUB =          69   83950.2812500   85852.3437500
 CG ITER, OVMR, OVMRUB =          70   83952.2968750   85852.3437500
 CG ITER, OVMR, OVMRUB =          71   83951.7812500   85852.3437500
 CG ITER, OVMR, OVMRUB =          72   83951.7812500   85852.3437500
OVLB =   83951.7812500 OVLUB =   85852.3437500 TIME =     203.0000000
