 CG ITER, OVMR, OVMRUB =           1  104784.1015625  104784.1015625
 CG ITER, OVMR, OVMRUB =           2  102638.2343750  102638.1875000
 CG ITER, OVMR, OVMRUB =           3  102638.1562500  102638.1875000
 CG ITER, OVMR, OVMRUB =           4   97247.4062500  102638.1875000
 CG ITER, OVMR, OVMRUB =           5   92938.1093750  102638.1875000
 CG ITER, OVMR, OVMRUB =           6   98667.1406250  102638.1875000
 CG ITER, OVMR, OVMRUB =           7  101083.0234375  102638.1875000
 CG ITER, OVMR, OVMRUB =           8  101731.7968750  102638.1875000
 CG ITER, OVMR, OVMRUB =           9  101503.5937500  102638.1875000
 CG ITER, OVMR, OVMRUB =          10   99995.8281250  102638.1875000
 CG ITER, OVMR, OVMRUB =          11   98339.5937500  102638.1875000
 CG ITER, OVMR, OVMRUB =          12   94268.1093750  102638.1875000
 CG ITER, OVMR, OVMRUB =          13   91040.1015625  102638.1875000
 CG ITER, OVMR, OVMRUB =          14   88289.6250000  102638.1875000
 CG ITER, OVMR, OVMRUB =          15   86920.8750000  102638.1875000
 CG ITER, OVMR, OVMRUB =          16   86327.6953125  102638.1875000
 CG ITER, OVMR, OVMRUB =          17   85205.3437500  102638.1875000
 CG ITER, OVMR, OVMRUB =          18   84241.8359375  102638.1875000
 CG ITER, OVMR, OVMRUB =          19   83144.9062500  102638.1875000
 CG ITER, OVMR, OVMRUB =          20   82736.9687500  102638.1875000
 CG ITER, OVMR, OVMRUB =          21   81511.3046875  102638.1875000
 CG ITER, OVMR, OVMRUB =          22   80693.7812500  102638.1875000
 CG ITER, OVMR, OVMRUB =          23   79050.1796875  102638.1875000
 CG ITER, OVMR, OVMRUB =          24   78081.9296875  102638.1875000
 CG ITER, OVMR, OVMRUB =          25   77581.7500000  102638.1875000
 CG ITER, OVMR, OVMRUB =          26   77060.6562500  102638.1875000
 CG ITER, OVMR, OVMRUB =          27   76953.6250000  102638.1875000
 CG ITER, OVMR, OVMRUB =          28   76962.8281250  102638.1875000
 CG ITER, OVMR, OVMRUB =          29   76480.1093750  102638.1875000
 CG ITER, OVMR, OVMRUB =          30   76568.5234375  102638.1875000
 CG ITER, OVMR, OVMRUB =          31   76938.5156250  102638.1875000
 CG ITER, OVMR, OVMRUB =          32   77263.5546875  102638.1875000
 CG ITER, OVMR, OVMRUB =          33   77877.0468750  102071.8437500
 CG ITER, OVMR, OVMRUB =          34   78484.1328125  102071.8437500
 CG ITER, OVMR, OVMRUB =          35   79263.5312500  102071.8437500
 CG ITER, OVMR, OVMRUB =          36   79642.5546875  101500.7109375
 CG ITER, OVMR, OVMRUB =          37   80349.5234375  101500.7109375
 CG ITER, OVMR, OVMRUB =          38   80782.4531250   99544.9765625
 CG ITER, OVMR, OVMRUB =          39   80947.5156250   93855.7343750
 CG ITER, OVMR, OVMRUB =          40   80937.2265625   93855.7343750
 CG ITER, OVMR, OVMRUB =          41   80955.7031250   93795.2968750
 CG ITER, OVMR, OVMRUB =          42   80973.6718750   93795.2968750
 CG ITER, OVMR, OVMRUB =          43   81038.5000000   92723.8359375
 CG ITER, OVMR, OVMRUB =          44   81095.6796875   92723.8359375
 CG ITER, OVMR, OVMRUB =          45   81113.3906250   90143.3281250
 CG ITER, OVMR, OVMRUB =          46   81129.0859375   89023.1640625
 CG ITER, OVMR, OVMRUB =          47   81099.7656250   89023.1640625
 CG ITER, OVMR, OVMRUB =          48   81104.7031250   89023.1640625
 CG ITER, OVMR, OVMRUB =          49   81147.6171875   89023.1640625
 CG ITER, OVMR, OVMRUB =          50   81180.3593750   86699.0703125
 CG ITER, OVMR, OVMRUB =          51   81206.6562500   86699.0703125
 CG ITER, OVMR, OVMRUB =          52   81189.8593750   86699.0703125
 CG ITER, OVMR, OVMRUB =          53   81152.7109375   86699.0703125
 CG ITER, OVMR, OVMRUB =          54   81142.8359375   86699.0703125
 CG ITER, OVMR, OVMRUB =          55   81140.6328125   86699.0703125
 CG ITER, OVMR, OVMRUB =          56   81136.2421875   86195.4296875
 CG ITER, OVMR, OVMRUB =          57   81134.7734375   86195.4296875
 CG ITER, OVMR, OVMRUB =          58   81134.5156250   85272.5703125
 CG ITER, OVMR, OVMRUB =          59   81134.6406250   85272.5703125
 CG ITER, OVMR, OVMRUB =          60   81134.0234375   82438.1250000
 CG ITER, OVMR, OVMRUB =          61   81134.1875000   82438.1250000
 CG ITER, OVMR, OVMRUB =          62   81134.2187500   82438.1250000
 CG ITER, OVMR, OVMRUB =          63   81134.0156250   82438.1250000
 CG ITER, OVMR, OVMRUB =          64   81134.2109375   82438.1250000
 CG ITER, OVMR, OVMRUB =          65   81134.1093750   82438.1250000
 CG ITER, OVMR, OVMRUB =          66   81133.9296875   82438.1250000
 CG ITER, OVMR, OVMRUB =          67   81134.1562500   82438.1250000
 CG ITER, OVMR, OVMRUB =          68   81134.2656250   82438.1250000
 CG ITER, OVMR, OVMRUB =          69   81134.2265625   82438.1250000
 CG ITER, OVMR, OVMRUB =          70   81134.2265625   82438.1250000
OVLB =   81134.2265625 OVLUB =   82438.1250000 TIME =     192.8000031
