 CG ITER, OVMR, OVMRUB =           1  105944.1562500  105944.1484375
 CG ITER, OVMR, OVMRUB =           2  102620.3906250  102620.3906250
 CG ITER, OVMR, OVMRUB =           3  102620.3906250  102620.3906250
 CG ITER, OVMR, OVMRUB =           4   99970.2187500  102620.3906250
 CG ITER, OVMR, OVMRUB =           5   97512.6640625  102620.3906250
 CG ITER, OVMR, OVMRUB =           6   96712.3046875  102620.3906250
 CG ITER, OVMR, OVMRUB =           7   95520.2890625  102620.3906250
 CG ITER, OVMR, OVMRUB =           8   94502.6250000  102620.3906250
 CG ITER, OVMR, OVMRUB =           9   92565.8046875  102620.3906250
 CG ITER, OVMR, OVMRUB =          10   90569.1875000  102620.3906250
 CG ITER, OVMR, OVMRUB =          11   88943.5625000  102620.3906250
 CG ITER, OVMR, OVMRUB =          12   84376.2500000  102620.3906250
 CG ITER, OVMR, OVMRUB =          13   83628.2656250  102620.3906250
 CG ITER, OVMR, OVMRUB =          14   82401.9531250  102620.3906250
 CG ITER, OVMR, OVMRUB =          15   82127.7968750  102620.3906250
 CG ITER, OVMR, OVMRUB =          16   81295.0234375  102620.3906250
 CG ITER, OVMR, OVMRUB =          17   80906.6953125  102620.3906250
 CG ITER, OVMR, OVMRUB =          18   80186.3359375  102620.3906250
 CG ITER, OVMR, OVMRUB =          19   79151.0703125  102620.3906250
 CG ITER, OVMR, OVMRUB =          20   78720.6406250  102620.3906250
 CG ITER, OVMR, OVMRUB =          21   78210.7421875  102620.3906250
 CG ITER, OVMR, OVMRUB =          22   77564.8906250  102620.3906250
 CG ITER, OVMR, OVMRUB =          23   76740.6406250  102620.3906250
 CG ITER, OVMR, OVMRUB =          24   76727.6796875  102620.3906250
 CG ITER, OVMR, OVMRUB =          25   76503.6640625  102620.3906250
 CG ITER, OVMR, OVMRUB =          26   76536.1953125  102620.3906250
 CG ITER, OVMR, OVMRUB =          27   77158.2968750  102620.3906250
 CG ITER, OVMR, OVMRUB =          28   77589.2109375  102620.3906250
 CG ITER, OVMR, OVMRUB =          29   78395.8281250  102620.3906250
 CG ITER, OVMR, OVMRUB =          30   79245.3437500  102620.3906250
 CG ITER, OVMR, OVMRUB =          31   80221.0859375  102620.3906250
 CG ITER, OVMR, OVMRUB =          32   80878.4375000   98304.7265625
 CG ITER, OVMR, OVMRUB =          33   80984.6328125   98304.7265625
 CG ITER, OVMR, OVMRUB =          34   81103.7578125   98304.7265625
 CG ITER, OVMR, OVMRUB =          35   81121.0312500   98304.7265625
 CG ITER, OVMR, OVMRUB =          36   81097.5390625   98304.7265625
 CG ITER, OVMR, OVMRUB =          37   81044.0312500   96218.3671875
 CG ITER, OVMR, OVMRUB =          38   80988.7187500   96218.3671875
 CG ITER, OVMR, OVMRUB =          39   80954.4218750   96218.3671875
 CG ITER, OVMR, OVMRUB =          40   80854.6171875   94103.6875000
 CG ITER, OVMR, OVMRUB =          41   80746.9609375   91853.2343750
 CG ITER, OVMR, OVMRUB =          42   80696.9296875   91020.8437500
 CG ITER, OVMR, OVMRUB =          43   80640.3593750   89665.7031250
 CG ITER, OVMR, OVMRUB =          44   80592.5937500   89665.7031250
 CG ITER, OVMR, OVMRUB =          45   80565.3281250   89056.4921875
 CG ITER, OVMR, OVMRUB =          46   80544.2421875   87072.8437500
 CG ITER, OVMR, OVMRUB =          47   80529.4843750   85005.3828125
 CG ITER, OVMR, OVMRUB =          48   80511.1171875   84558.5937500
 CG ITER, OVMR, OVMRUB =          49   80497.3046875   83150.8125000
 CG ITER, OVMR, OVMRUB =          50   80497.0703125   83150.8125000
 CG ITER, OVMR, OVMRUB =          51   80493.6875000   82907.5390625
 CG ITER, OVMR, OVMRUB =          52   80493.3984375   82685.1250000
 CG ITER, OVMR, OVMRUB =          53   80493.3593750   82685.1250000
 CG ITER, OVMR, OVMRUB =          54   80493.3906250   82594.4765625
 CG ITER, OVMR, OVMRUB =          55   80493.2187500   81489.5312500
 CG ITER, OVMR, OVMRUB =          56   80493.2890625   81489.5312500
 CG ITER, OVMR, OVMRUB =          57   80493.2031250   81489.5312500
 CG ITER, OVMR, OVMRUB =          58   80493.3359375   81489.5312500
 CG ITER, OVMR, OVMRUB =          59   80493.2812500   81489.5312500
 CG ITER, OVMR, OVMRUB =          60   80493.2656250   81489.5312500
 CG ITER, OVMR, OVMRUB =          61   80493.1484375   81489.5312500
 CG ITER, OVMR, OVMRUB =          62   80493.1562500   81489.5312500
 CG ITER, OVMR, OVMRUB =          63   80493.0312500   81362.4921875
 CG ITER, OVMR, OVMRUB =          64   80493.0312500   81362.4921875
OVLB =   80493.0312500 OVLUB =   81362.4921875 TIME =     189.2200012
